<?xml version="1.0" encoding="UTF-8"?>
<testsuite name="example.Homework2.LetterOrderCheckerTest" tests="5" skipped="0" failures="0" errors="0" timestamp="2024-01-10T11:25:32" hostname="MBP-di-Emanuele.lan" time="2.462">
  <properties/>
  <testcase name="invalidCase" classname="example.Homework2.LetterOrderCheckerTest" time="1.096"/>
  <testcase name="failCase" classname="example.Homework2.LetterOrderCheckerTest" time="0.632"/>
  <testcase name="passCase" classname="example.Homework2.LetterOrderCheckerTest" time="0.596"/>
  <testcase name="firstLetter uguale a secondLetter" classname="example.Homework2.LetterOrderCheckerTest" time="0.018"/>
  <testcase name="str contiene numeri o caratteri speciali" classname="example.Homework2.LetterOrderCheckerTest" time="0.001"/>
  <system-out><![CDATA[timestamp = 2024-01-10T12:25:33.044885, generated = 
  arg0: "ciupwenw"

timestamp = 2024-01-10T12:25:33.088107, generated = 
  arg0: "tejx"

timestamp = 2024-01-10T12:25:33.090193, generated = 
  arg0: "hhqxqummjaafxd"

timestamp = 2024-01-10T12:25:33.091588, generated = 
  arg0: "umilxp"

timestamp = 2024-01-10T12:25:33.092859, generated = 
  arg0: "q"

timestamp = 2024-01-10T12:25:33.093933, generated = 
  arg0: "a"

timestamp = 2024-01-10T12:25:33.095274, generated = 
  arg0: "z"

timestamp = 2024-01-10T12:25:33.096447, generated = 
  arg0: "uamyjc"

timestamp = 2024-01-10T12:25:33.097515, generated = 
  arg0: "uvjp"

timestamp = 2024-01-10T12:25:33.098651, generated = 
  arg0: "z"

timestamp = 2024-01-10T12:25:33.100100, generated = 
  arg0: "kzrylyvsmjiw"

timestamp = 2024-01-10T12:25:33.101469, generated = 
  arg0: "g"

timestamp = 2024-01-10T12:25:33.103025, generated = 
  arg0: "oewdvheecvhjcz"

timestamp = 2024-01-10T12:25:33.104476, generated = 
  arg0: "gktblbpzuqv"

timestamp = 2024-01-10T12:25:33.105799, generated = 
  arg0: "kxmn"

timestamp = 2024-01-10T12:25:33.106902, generated = 
  arg0: "p"

timestamp = 2024-01-10T12:25:33.108221, generated = 
  arg0: "nhyyi"

timestamp = 2024-01-10T12:25:33.109342, generated = 
  arg0: "bnyve"

timestamp = 2024-01-10T12:25:33.110698, generated = 
  arg0: "moyeetdxrkb"

timestamp = 2024-01-10T12:25:33.111710, generated = 
  arg0: ""

timestamp = 2024-01-10T12:25:33.113477, generated = 
  arg0: "dg"

timestamp = 2024-01-10T12:25:33.114732, generated = 
  arg0: "iiahjhzljucxz"

timestamp = 2024-01-10T12:25:33.116655, generated = 
  arg0: "syir"

timestamp = 2024-01-10T12:25:33.118053, generated = 
  arg0: "okzyrbgqbk"

timestamp = 2024-01-10T12:25:33.119334, generated = 
  arg0: "nowtt"

timestamp = 2024-01-10T12:25:33.120645, generated = 
  arg0: "vkmfowse"

timestamp = 2024-01-10T12:25:33.121765, generated = 
  arg0: "vjluhdxxmuilp"

timestamp = 2024-01-10T12:25:33.122823, generated = 
  arg0: "jqnhu"

timestamp = 2024-01-10T12:25:33.123940, generated = 
  arg0: "utfvytsns"

timestamp = 2024-01-10T12:25:33.125008, generated = 
  arg0: "lcgtcbgomlnwfvx"

timestamp = 2024-01-10T12:25:33.126071, generated = 
  arg0: "thubhzqxnrv"

timestamp = 2024-01-10T12:25:33.127202, generated = 
  arg0: "xdomw"

timestamp = 2024-01-10T12:25:33.128408, generated = 
  arg0: "vquqtriazrqip"

timestamp = 2024-01-10T12:25:33.130197, generated = 
  arg0: "jmnphz"

timestamp = 2024-01-10T12:25:33.131398, generated = 
  arg0: "whodrzbbdipz"

timestamp = 2024-01-10T12:25:33.132439, generated = 
  arg0: "yqcgbnljy"

timestamp = 2024-01-10T12:25:33.133364, generated = 
  arg0: "sdrr"

timestamp = 2024-01-10T12:25:33.134485, generated = 
  arg0: "uqpfjlacnww"

timestamp = 2024-01-10T12:25:33.135553, generated = 
  arg0: "awcisjupmnjna"

timestamp = 2024-01-10T12:25:33.136679, generated = 
  arg0: "nis"

timestamp = 2024-01-10T12:25:33.137701, generated = 
  arg0: "ayzpypkiigeej"

timestamp = 2024-01-10T12:25:33.138717, generated = 
  arg0: "jdygrrxqinczb"

timestamp = 2024-01-10T12:25:33.139873, generated = 
  arg0: "ysfdfowmn"

timestamp = 2024-01-10T12:25:33.140960, generated = 
  arg0: "bcnlkahm"

timestamp = 2024-01-10T12:25:33.141817, generated = 
  arg0: "qtgp"

timestamp = 2024-01-10T12:25:33.142798, generated = 
  arg0: "qjgsrp"

timestamp = 2024-01-10T12:25:33.143754, generated = 
  arg0: "yqljmasfff"

timestamp = 2024-01-10T12:25:33.144816, generated = 
  arg0: "swfhdkpisunh"

timestamp = 2024-01-10T12:25:33.145889, generated = 
  arg0: "jk"

timestamp = 2024-01-10T12:25:33.147563, generated = 
  arg0: "aflzudpsxbaflgo"

timestamp = 2024-01-10T12:25:33.148763, generated = 
  arg0: "sbodtwegq"

timestamp = 2024-01-10T12:25:33.150009, generated = 
  arg0: "avqspbtxfrl"

timestamp = 2024-01-10T12:25:33.150773, generated = 
  arg0: ""

timestamp = 2024-01-10T12:25:33.151486, generated = 
  arg0: ""

timestamp = 2024-01-10T12:25:33.152553, generated = 
  arg0: "yeg"

timestamp = 2024-01-10T12:25:33.153519, generated = 
  arg0: "iybjreaaymh"

timestamp = 2024-01-10T12:25:33.154360, generated = 
  arg0: "jikudztvqqsgip"

timestamp = 2024-01-10T12:25:33.155221, generated = 
  arg0: "gybski"

timestamp = 2024-01-10T12:25:33.156188, generated = 
  arg0: ""

timestamp = 2024-01-10T12:25:33.157070, generated = 
  arg0: "gxl"

timestamp = 2024-01-10T12:25:33.157886, generated = 
  arg0: "pagixrsbd"

timestamp = 2024-01-10T12:25:33.159151, generated = 
  arg0: "swvlzwonjnaihui"

timestamp = 2024-01-10T12:25:33.160414, generated = 
  arg0: "pgsmcc"

timestamp = 2024-01-10T12:25:33.161323, generated = 
  arg0: ""

timestamp = 2024-01-10T12:25:33.162271, generated = 
  arg0: "txgkor"

timestamp = 2024-01-10T12:25:33.163104, generated = 
  arg0: "dtxaphn"

timestamp = 2024-01-10T12:25:33.164029, generated = 
  arg0: "rdiahdpzllx"

timestamp = 2024-01-10T12:25:33.164906, generated = 
  arg0: "asy"

timestamp = 2024-01-10T12:25:33.165654, generated = 
  arg0: "giialsodzzfweaa"

timestamp = 2024-01-10T12:25:33.166444, generated = 
  arg0: "whsmwbly"

timestamp = 2024-01-10T12:25:33.167240, generated = 
  arg0: "ucbbilblxh"

timestamp = 2024-01-10T12:25:33.168141, generated = 
  arg0: "oihcnfwvqqa"

timestamp = 2024-01-10T12:25:33.169051, generated = 
  arg0: "ffphm"

timestamp = 2024-01-10T12:25:33.170624, generated = 
  arg0: "zxnixndkdligg"

timestamp = 2024-01-10T12:25:33.171451, generated = 
  arg0: "etduax"

timestamp = 2024-01-10T12:25:33.172127, generated = 
  arg0: "eeopgjyis"

timestamp = 2024-01-10T12:25:33.172860, generated = 
  arg0: "cndamxhocdaid"

timestamp = 2024-01-10T12:25:33.173487, generated = 
  arg0: "kkb"

timestamp = 2024-01-10T12:25:33.174076, generated = 
  arg0: "wtg"

timestamp = 2024-01-10T12:25:33.174790, generated = 
  arg0: "trimsdg"

timestamp = 2024-01-10T12:25:33.175596, generated = 
  arg0: "ckyswkkxqqb"

timestamp = 2024-01-10T12:25:33.176391, generated = 
  arg0: "yhhkqd"

timestamp = 2024-01-10T12:25:33.177084, generated = 
  arg0: "hxmfhe"

timestamp = 2024-01-10T12:25:33.177958, generated = 
  arg0: "vszwlajtkjykuy"

timestamp = 2024-01-10T12:25:33.178598, generated = 
  arg0: "rnxmygxdemw"

timestamp = 2024-01-10T12:25:33.179153, generated = 
  arg0: ""

timestamp = 2024-01-10T12:25:33.180134, generated = 
  arg0: "owdlsqmofvlccvy"

timestamp = 2024-01-10T12:25:33.180779, generated = 
  arg0: "yrslipzsr"

timestamp = 2024-01-10T12:25:33.181620, generated = 
  arg0: "wl"

timestamp = 2024-01-10T12:25:33.182603, generated = 
  arg0: "tovzvuf"

timestamp = 2024-01-10T12:25:33.183297, generated = 
  arg0: "tuak"

timestamp = 2024-01-10T12:25:33.183899, generated = 
  arg0: ""

timestamp = 2024-01-10T12:25:33.184927, generated = 
  arg0: "lsppwggwbfbht"

timestamp = 2024-01-10T12:25:33.185774, generated = 
  arg0: "bmpcepw"

timestamp = 2024-01-10T12:25:33.186434, generated = 
  arg0: "nrbcqcskrgjx"

timestamp = 2024-01-10T12:25:33.187114, generated = 
  arg0: "xnmenfzmn"

timestamp = 2024-01-10T12:25:33.188383, generated = 
  arg0: "ql"

timestamp = 2024-01-10T12:25:33.189379, generated = 
  arg0: ""

timestamp = 2024-01-10T12:25:33.190213, generated = 
  arg0: "kliaizamecwlrn"

timestamp = 2024-01-10T12:25:33.190960, generated = 
  arg0: "lsuzmrb"

timestamp = 2024-01-10T12:25:33.191629, generated = 
  arg0: "clutzhuxpr"

timestamp = 2024-01-10T12:25:33.192303, generated = 
  arg0: "vubb"

timestamp = 2024-01-10T12:25:33.193140, generated = 
  arg0: "cpzsoo"

timestamp = 2024-01-10T12:25:33.193749, generated = 
  arg0: "u"

timestamp = 2024-01-10T12:25:33.194377, generated = 
  arg0: "ntpamwxijq"

timestamp = 2024-01-10T12:25:33.195318, generated = 
  arg0: "qyeyziimtmr"

timestamp = 2024-01-10T12:25:33.195938, generated = 
  arg0: "zcabqkr"

timestamp = 2024-01-10T12:25:33.196732, generated = 
  arg0: "smv"

timestamp = 2024-01-10T12:25:33.197524, generated = 
  arg0: "cyhitcd"

timestamp = 2024-01-10T12:25:33.198485, generated = 
  arg0: "ax"

timestamp = 2024-01-10T12:25:33.199714, generated = 
  arg0: "h"

timestamp = 2024-01-10T12:25:33.200361, generated = 
  arg0: "hnhcsllwnprdten"

timestamp = 2024-01-10T12:25:33.200975, generated = 
  arg0: "kuhkezkvvrxjyrm"

timestamp = 2024-01-10T12:25:33.201532, generated = 
  arg0: "zlhyeujcmrecwvw"

timestamp = 2024-01-10T12:25:33.202263, generated = 
  arg0: ""

timestamp = 2024-01-10T12:25:33.202828, generated = 
  arg0: "xhglhxmlrw"

timestamp = 2024-01-10T12:25:33.203477, generated = 
  arg0: "ydv"

timestamp = 2024-01-10T12:25:33.204008, generated = 
  arg0: "d"

timestamp = 2024-01-10T12:25:33.204761, generated = 
  arg0: ""

timestamp = 2024-01-10T12:25:33.205389, generated = 
  arg0: "ajhugykhkxu"

timestamp = 2024-01-10T12:25:33.205994, generated = 
  arg0: "rzgsckuvwbd"

timestamp = 2024-01-10T12:25:33.206663, generated = 
  arg0: "ai"

timestamp = 2024-01-10T12:25:33.207308, generated = 
  arg0: "irjwzxbbock"

timestamp = 2024-01-10T12:25:33.207875, generated = 
  arg0: "hdgvaotcqeqofln"

timestamp = 2024-01-10T12:25:33.208529, generated = 
  arg0: "bihsxmgxllraq"

timestamp = 2024-01-10T12:25:33.209132, generated = 
  arg0: "gofttqkjyo"

timestamp = 2024-01-10T12:25:33.210022, generated = 
  arg0: "t"

timestamp = 2024-01-10T12:25:33.210998, generated = 
  arg0: "rfulslnstilamw"

timestamp = 2024-01-10T12:25:33.211790, generated = 
  arg0: "juujixw"

timestamp = 2024-01-10T12:25:33.212560, generated = 
  arg0: "lcac"

timestamp = 2024-01-10T12:25:33.213242, generated = 
  arg0: "slknamvj"

timestamp = 2024-01-10T12:25:33.213954, generated = 
  arg0: "nzyhzoftowzu"

timestamp = 2024-01-10T12:25:33.214478, generated = 
  arg0: "afef"

timestamp = 2024-01-10T12:25:33.215274, generated = 
  arg0: "pjifaf"

timestamp = 2024-01-10T12:25:33.215821, generated = 
  arg0: "lfcamyxmucit"

timestamp = 2024-01-10T12:25:33.217087, generated = 
  arg0: "kdnqbjhaj"

timestamp = 2024-01-10T12:25:33.217958, generated = 
  arg0: "qafhw"

timestamp = 2024-01-10T12:25:33.218757, generated = 
  arg0: "hq"

timestamp = 2024-01-10T12:25:33.219821, generated = 
  arg0: "jmuyscvrtqfrz"

timestamp = 2024-01-10T12:25:33.220570, generated = 
  arg0: "vwcjydhye"

timestamp = 2024-01-10T12:25:33.221217, generated = 
  arg0: "z"

timestamp = 2024-01-10T12:25:33.222136, generated = 
  arg0: "ikdnkwuunjqk"

timestamp = 2024-01-10T12:25:33.222834, generated = 
  arg0: ""

timestamp = 2024-01-10T12:25:33.223541, generated = 
  arg0: "vfufboqv"

timestamp = 2024-01-10T12:25:33.224522, generated = 
  arg0: "zivdt"

timestamp = 2024-01-10T12:25:33.225302, generated = 
  arg0: "xqpjzvicdt"

timestamp = 2024-01-10T12:25:33.226169, generated = 
  arg0: "ljqdahem"

timestamp = 2024-01-10T12:25:33.227091, generated = 
  arg0: "xtxwytxmvrqeio"

timestamp = 2024-01-10T12:25:33.227659, generated = 
  arg0: "uxisssftuqtbvhy"

timestamp = 2024-01-10T12:25:33.228769, generated = 
  arg0: "g"

timestamp = 2024-01-10T12:25:33.229577, generated = 
  arg0: ""

timestamp = 2024-01-10T12:25:33.230229, generated = 
  arg0: "yyjtw"

timestamp = 2024-01-10T12:25:33.231047, generated = 
  arg0: "ftmjyz"

timestamp = 2024-01-10T12:25:33.231567, generated = 
  arg0: "z"

timestamp = 2024-01-10T12:25:33.232117, generated = 
  arg0: "a"

timestamp = 2024-01-10T12:25:33.232959, generated = 
  arg0: ""

timestamp = 2024-01-10T12:25:33.233457, generated = 
  arg0: "zk"

timestamp = 2024-01-10T12:25:33.234172, generated = 
  arg0: ""

timestamp = 2024-01-10T12:25:33.234702, generated = 
  arg0: ""

timestamp = 2024-01-10T12:25:33.235507, generated = 
  arg0: "vixm"

timestamp = 2024-01-10T12:25:33.236242, generated = 
  arg0: "ibcqlo"

timestamp = 2024-01-10T12:25:33.236850, generated = 
  arg0: "x"

timestamp = 2024-01-10T12:25:33.237566, generated = 
  arg0: "aqdsjjv"

timestamp = 2024-01-10T12:25:33.238383, generated = 
  arg0: "cvbwnt"

timestamp = 2024-01-10T12:25:33.239356, generated = 
  arg0: "crnftcth"

timestamp = 2024-01-10T12:25:33.240899, generated = 
  arg0: "v"

timestamp = 2024-01-10T12:25:33.241659, generated = 
  arg0: ""

timestamp = 2024-01-10T12:25:33.242359, generated = 
  arg0: "jbfpy"

timestamp = 2024-01-10T12:25:33.243068, generated = 
  arg0: "nfbuvmraenivlf"

timestamp = 2024-01-10T12:25:33.243901, generated = 
  arg0: "pspksvuwonvirbj"

timestamp = 2024-01-10T12:25:33.244717, generated = 
  arg0: "a"

timestamp = 2024-01-10T12:25:33.245543, generated = 
  arg0: "wigaet"

timestamp = 2024-01-10T12:25:33.246303, generated = 
  arg0: "ltijojtnzjwclx"

timestamp = 2024-01-10T12:25:33.247179, generated = 
  arg0: "vt"

timestamp = 2024-01-10T12:25:33.247924, generated = 
  arg0: "yvkjms"

timestamp = 2024-01-10T12:25:33.248601, generated = 
  arg0: "uhzi"

timestamp = 2024-01-10T12:25:33.249264, generated = 
  arg0: "clcl"

timestamp = 2024-01-10T12:25:33.250056, generated = 
  arg0: "mvnjvajrg"

timestamp = 2024-01-10T12:25:33.250786, generated = 
  arg0: "nwwmnq"

timestamp = 2024-01-10T12:25:33.251631, generated = 
  arg0: "zzh"

timestamp = 2024-01-10T12:25:33.252273, generated = 
  arg0: "pyaafpfygohbmev"

timestamp = 2024-01-10T12:25:33.253109, generated = 
  arg0: ""

timestamp = 2024-01-10T12:25:33.253756, generated = 
  arg0: "jzimobfwndczxm"

timestamp = 2024-01-10T12:25:33.254452, generated = 
  arg0: "dh"

timestamp = 2024-01-10T12:25:33.255267, generated = 
  arg0: "bctgqjdlzgwer"

timestamp = 2024-01-10T12:25:33.256105, generated = 
  arg0: ""

timestamp = 2024-01-10T12:25:33.256992, generated = 
  arg0: "yvnpsrjnu"

timestamp = 2024-01-10T12:25:33.258344, generated = 
  arg0: "jhrhq"

timestamp = 2024-01-10T12:25:33.258874, generated = 
  arg0: "szwmpchzeqqtzj"

timestamp = 2024-01-10T12:25:33.259626, generated = 
  arg0: "idydjgjdzmv"

timestamp = 2024-01-10T12:25:33.260280, generated = 
  arg0: "lwrgatrsyzpw"

timestamp = 2024-01-10T12:25:33.260778, generated = 
  arg0: "uhdqitr"

timestamp = 2024-01-10T12:25:33.261263, generated = 
  arg0: "nadhwakr"

timestamp = 2024-01-10T12:25:33.261755, generated = 
  arg0: "xtppgstnfedvmi"

timestamp = 2024-01-10T12:25:33.262218, generated = 
  arg0: "ukvgsaqvuw"

timestamp = 2024-01-10T12:25:33.262732, generated = 
  arg0: "eqhzsm"

timestamp = 2024-01-10T12:25:33.263481, generated = 
  arg0: "tasfjuzskiezi"

timestamp = 2024-01-10T12:25:33.264217, generated = 
  arg0: "z"

timestamp = 2024-01-10T12:25:33.265018, generated = 
  arg0: "nj"

timestamp = 2024-01-10T12:25:33.265676, generated = 
  arg0: "yrwaea"

timestamp = 2024-01-10T12:25:33.266383, generated = 
  arg0: "xfh"

timestamp = 2024-01-10T12:25:33.267036, generated = 
  arg0: "iki"

timestamp = 2024-01-10T12:25:33.267765, generated = 
  arg0: "nq"

timestamp = 2024-01-10T12:25:33.268303, generated = 
  arg0: "fijfwhgp"

timestamp = 2024-01-10T12:25:33.269874, generated = 
  arg0: "sqsjlsh"

timestamp = 2024-01-10T12:25:33.270693, generated = 
  arg0: "uel"

timestamp = 2024-01-10T12:25:33.271431, generated = 
  arg0: "zjmp"

timestamp = 2024-01-10T12:25:33.271949, generated = 
  arg0: ""

timestamp = 2024-01-10T12:25:33.272723, generated = 
  arg0: "bgjeapc"

timestamp = 2024-01-10T12:25:33.273367, generated = 
  arg0: "aj"

timestamp = 2024-01-10T12:25:33.274125, generated = 
  arg0: "rtobwmbpz"

timestamp = 2024-01-10T12:25:33.275084, generated = 
  arg0: "bc"

timestamp = 2024-01-10T12:25:33.275852, generated = 
  arg0: "xggdxpsajjdohrm"

timestamp = 2024-01-10T12:25:33.276593, generated = 
  arg0: "mcxsvczfxcujlfz"

timestamp = 2024-01-10T12:25:33.277361, generated = 
  arg0: "yvxk"

timestamp = 2024-01-10T12:25:33.278087, generated = 
  arg0: "ychx"

timestamp = 2024-01-10T12:25:33.278875, generated = 
  arg0: "dnybdospxjphf"

timestamp = 2024-01-10T12:25:33.279572, generated = 
  arg0: "brlp"

timestamp = 2024-01-10T12:25:33.280510, generated = 
  arg0: "y"

timestamp = 2024-01-10T12:25:33.281326, generated = 
  arg0: "trviqjd"

timestamp = 2024-01-10T12:25:33.281908, generated = 
  arg0: "a"

timestamp = 2024-01-10T12:25:33.282518, generated = 
  arg0: "bgm"

timestamp = 2024-01-10T12:25:33.283324, generated = 
  arg0: "kzleyoussfuv"

timestamp = 2024-01-10T12:25:33.283976, generated = 
  arg0: "kdulsyj"

timestamp = 2024-01-10T12:25:33.284555, generated = 
  arg0: "fywzvaryntzyetw"

timestamp = 2024-01-10T12:25:33.285226, generated = 
  arg0: "qpnnrnvtoad"

timestamp = 2024-01-10T12:25:33.286274, generated = 
  arg0: "bixiepd"

timestamp = 2024-01-10T12:25:33.286944, generated = 
  arg0: "koza"

timestamp = 2024-01-10T12:25:33.287681, generated = 
  arg0: "z"

timestamp = 2024-01-10T12:25:33.288420, generated = 
  arg0: "uqehyypxefvfpnz"

timestamp = 2024-01-10T12:25:33.289192, generated = 
  arg0: "z"

timestamp = 2024-01-10T12:25:33.289796, generated = 
  arg0: "hlepong"

timestamp = 2024-01-10T12:25:33.290606, generated = 
  arg0: "nfmycnio"

timestamp = 2024-01-10T12:25:33.291300, generated = 
  arg0: "sqlsqsmz"

timestamp = 2024-01-10T12:25:33.292250, generated = 
  arg0: ""

timestamp = 2024-01-10T12:25:33.293144, generated = 
  arg0: ""

timestamp = 2024-01-10T12:25:33.293826, generated = 
  arg0: "rsdx"

timestamp = 2024-01-10T12:25:33.294492, generated = 
  arg0: "hgmnqjlv"

timestamp = 2024-01-10T12:25:33.295105, generated = 
  arg0: "f"

timestamp = 2024-01-10T12:25:33.295908, generated = 
  arg0: "xcygaqfeer"

timestamp = 2024-01-10T12:25:33.296819, generated = 
  arg0: "gkvpfhyjyduo"

timestamp = 2024-01-10T12:25:33.297395, generated = 
  arg0: ""

timestamp = 2024-01-10T12:25:33.298616, generated = 
  arg0: "pxlxmlxlz"

timestamp = 2024-01-10T12:25:33.299334, generated = 
  arg0: "z"

timestamp = 2024-01-10T12:25:33.300056, generated = 
  arg0: "abv"

timestamp = 2024-01-10T12:25:33.300855, generated = 
  arg0: "ggyncbdf"

timestamp = 2024-01-10T12:25:33.301539, generated = 
  arg0: "vh"

timestamp = 2024-01-10T12:25:33.302197, generated = 
  arg0: "yqdzbvxvge"

timestamp = 2024-01-10T12:25:33.302886, generated = 
  arg0: "lrhrjnxvhrig"

timestamp = 2024-01-10T12:25:33.303577, generated = 
  arg0: "fg"

timestamp = 2024-01-10T12:25:33.304417, generated = 
  arg0: "ansndaexgzs"

timestamp = 2024-01-10T12:25:33.304984, generated = 
  arg0: "phyqkypruuw"

timestamp = 2024-01-10T12:25:33.305582, generated = 
  arg0: "lxkzbkvzzittfz"

timestamp = 2024-01-10T12:25:33.306182, generated = 
  arg0: ""

timestamp = 2024-01-10T12:25:33.306735, generated = 
  arg0: "owd"

timestamp = 2024-01-10T12:25:33.307442, generated = 
  arg0: "xlzlp"

timestamp = 2024-01-10T12:25:33.308140, generated = 
  arg0: ""

timestamp = 2024-01-10T12:25:33.308774, generated = 
  arg0: "ifadx"

timestamp = 2024-01-10T12:25:33.310037, generated = 
  arg0: "vtbdctlmpuars"

timestamp = 2024-01-10T12:25:33.310995, generated = 
  arg0: "xhnkbrsxb"

timestamp = 2024-01-10T12:25:33.311940, generated = 
  arg0: "qaijcxlvipjzbkr"

timestamp = 2024-01-10T12:25:33.312741, generated = 
  arg0: "xohwil"

timestamp = 2024-01-10T12:25:33.313452, generated = 
  arg0: "bcdnr"

timestamp = 2024-01-10T12:25:33.314120, generated = 
  arg0: "teotyplzhpok"

timestamp = 2024-01-10T12:25:33.315311, generated = 
  arg0: "fzv"

timestamp = 2024-01-10T12:25:33.315973, generated = 
  arg0: "rxkgyvtmef"

timestamp = 2024-01-10T12:25:33.316762, generated = 
  arg0: "dvjcqaamlxxfd"

timestamp = 2024-01-10T12:25:33.317456, generated = 
  arg0: "odfjhrbmgp"

timestamp = 2024-01-10T12:25:33.318261, generated = 
  arg0: "pujqfhnfrl"

timestamp = 2024-01-10T12:25:33.318840, generated = 
  arg0: "o"

timestamp = 2024-01-10T12:25:33.319599, generated = 
  arg0: "khyildz"

timestamp = 2024-01-10T12:25:33.320581, generated = 
  arg0: "gwp"

timestamp = 2024-01-10T12:25:33.321352, generated = 
  arg0: "tqgigeehogxiou"

timestamp = 2024-01-10T12:25:33.322231, generated = 
  arg0: "l"

timestamp = 2024-01-10T12:25:33.322860, generated = 
  arg0: "y"

timestamp = 2024-01-10T12:25:33.323441, generated = 
  arg0: "thh"

timestamp = 2024-01-10T12:25:33.324141, generated = 
  arg0: "bgdpud"

timestamp = 2024-01-10T12:25:33.324862, generated = 
  arg0: "fohxo"

timestamp = 2024-01-10T12:25:33.325693, generated = 
  arg0: "snlpyyccddufa"

timestamp = 2024-01-10T12:25:33.326212, generated = 
  arg0: "dbh"

timestamp = 2024-01-10T12:25:33.327072, generated = 
  arg0: "raurwv"

timestamp = 2024-01-10T12:25:33.327836, generated = 
  arg0: "cqavn"

timestamp = 2024-01-10T12:25:33.328556, generated = 
  arg0: "pwwsrvq"

timestamp = 2024-01-10T12:25:33.329222, generated = 
  arg0: "fjesqmuhcdml"

timestamp = 2024-01-10T12:25:33.329975, generated = 
  arg0: "aw"

timestamp = 2024-01-10T12:25:33.330564, generated = 
  arg0: "x"

timestamp = 2024-01-10T12:25:33.331225, generated = 
  arg0: "k"

timestamp = 2024-01-10T12:25:33.331976, generated = 
  arg0: "ntgcubcimhav"

timestamp = 2024-01-10T12:25:33.333277, generated = 
  arg0: "jdfqws"

timestamp = 2024-01-10T12:25:33.334451, generated = 
  arg0: "neakxrxluy"

timestamp = 2024-01-10T12:25:33.335114, generated = 
  arg0: "jylmcqxlfsgcf"

timestamp = 2024-01-10T12:25:33.335529, generated = 
  arg0: "a"

timestamp = 2024-01-10T12:25:33.336132, generated = 
  arg0: "vbclanitrexdou"

timestamp = 2024-01-10T12:25:33.336695, generated = 
  arg0: "nzvxjide"

timestamp = 2024-01-10T12:25:33.337229, generated = 
  arg0: "cqwj"

timestamp = 2024-01-10T12:25:33.337817, generated = 
  arg0: "u"

timestamp = 2024-01-10T12:25:33.338723, generated = 
  arg0: ""

timestamp = 2024-01-10T12:25:33.339278, generated = 
  arg0: "fbskqsmsvpn"

timestamp = 2024-01-10T12:25:33.340161, generated = 
  arg0: "eaqilcfdkpiqax"

timestamp = 2024-01-10T12:25:33.340906, generated = 
  arg0: "ggoabhejknc"

timestamp = 2024-01-10T12:25:33.341557, generated = 
  arg0: ""

timestamp = 2024-01-10T12:25:33.342218, generated = 
  arg0: "wvp"

timestamp = 2024-01-10T12:25:33.343048, generated = 
  arg0: "fcgqvluatrspvr"

timestamp = 2024-01-10T12:25:33.343756, generated = 
  arg0: "zlyy"

timestamp = 2024-01-10T12:25:33.344559, generated = 
  arg0: "rsevfz"

timestamp = 2024-01-10T12:25:33.345181, generated = 
  arg0: "s"

timestamp = 2024-01-10T12:25:33.345945, generated = 
  arg0: "n"

timestamp = 2024-01-10T12:25:33.346494, generated = 
  arg0: "bzzoeuzdtamiivb"

timestamp = 2024-01-10T12:25:33.347178, generated = 
  arg0: ""

timestamp = 2024-01-10T12:25:33.347963, generated = 
  arg0: "tdgkopbhsihxeb"

timestamp = 2024-01-10T12:25:33.348565, generated = 
  arg0: "tjlhfbvyt"

timestamp = 2024-01-10T12:25:33.349211, generated = 
  arg0: "zekoyfletdjfm"

timestamp = 2024-01-10T12:25:33.350476, generated = 
  arg0: "fawddq"

timestamp = 2024-01-10T12:25:33.351247, generated = 
  arg0: ""

timestamp = 2024-01-10T12:25:33.352160, generated = 
  arg0: "ufzuqlen"

timestamp = 2024-01-10T12:25:33.352883, generated = 
  arg0: "apdxxzuy"

timestamp = 2024-01-10T12:25:33.353409, generated = 
  arg0: "uctincf"

timestamp = 2024-01-10T12:25:33.353994, generated = 
  arg0: ""

timestamp = 2024-01-10T12:25:33.354555, generated = 
  arg0: "mndnuox"

timestamp = 2024-01-10T12:25:33.355386, generated = 
  arg0: "javurboyuapjony"

timestamp = 2024-01-10T12:25:33.356097, generated = 
  arg0: "lpb"

timestamp = 2024-01-10T12:25:33.356880, generated = 
  arg0: "ytvnwxccssllm"

timestamp = 2024-01-10T12:25:33.357573, generated = 
  arg0: "oggjlex"

timestamp = 2024-01-10T12:25:33.358192, generated = 
  arg0: "pbfve"

timestamp = 2024-01-10T12:25:33.358952, generated = 
  arg0: "xtmmoopttzygdej"

timestamp = 2024-01-10T12:25:33.359617, generated = 
  arg0: "y"

timestamp = 2024-01-10T12:25:33.360244, generated = 
  arg0: ""

timestamp = 2024-01-10T12:25:33.360934, generated = 
  arg0: "mgtiwlkkoq"

timestamp = 2024-01-10T12:25:33.361631, generated = 
  arg0: "yxvn"

timestamp = 2024-01-10T12:25:33.362345, generated = 
  arg0: "ledikoynk"

timestamp = 2024-01-10T12:25:33.362953, generated = 
  arg0: "a"

timestamp = 2024-01-10T12:25:33.363564, generated = 
  arg0: "mgqn"

timestamp = 2024-01-10T12:25:33.364242, generated = 
  arg0: ""

timestamp = 2024-01-10T12:25:33.364859, generated = 
  arg0: "xevqper"

timestamp = 2024-01-10T12:25:33.365451, generated = 
  arg0: "w"

timestamp = 2024-01-10T12:25:33.366252, generated = 
  arg0: "qfjmwg"

timestamp = 2024-01-10T12:25:33.366936, generated = 
  arg0: "lc"

timestamp = 2024-01-10T12:25:33.368102, generated = 
  arg0: "lmutv"

timestamp = 2024-01-10T12:25:33.368937, generated = 
  arg0: "gkrsdgwhovv"

timestamp = 2024-01-10T12:25:33.369578, generated = 
  arg0: "v"

timestamp = 2024-01-10T12:25:33.370304, generated = 
  arg0: "eynapohqrhidsl"

timestamp = 2024-01-10T12:25:33.370755, generated = 
  arg0: "vztuedexzbavnic"

timestamp = 2024-01-10T12:25:33.371485, generated = 
  arg0: "tts"

timestamp = 2024-01-10T12:25:33.371938, generated = 
  arg0: "a"

timestamp = 2024-01-10T12:25:33.372591, generated = 
  arg0: "ugsrdzdegsrpy"

timestamp = 2024-01-10T12:25:33.373279, generated = 
  arg0: "vle"

timestamp = 2024-01-10T12:25:33.373999, generated = 
  arg0: "sumtkqlivfgq"

timestamp = 2024-01-10T12:25:33.374593, generated = 
  arg0: "ani"

timestamp = 2024-01-10T12:25:33.375185, generated = 
  arg0: "fvpedcnsflrwm"

timestamp = 2024-01-10T12:25:33.375901, generated = 
  arg0: "hnmrazmnyzkpiu"

timestamp = 2024-01-10T12:25:33.376516, generated = 
  arg0: "rigwkeuh"

timestamp = 2024-01-10T12:25:33.377034, generated = 
  arg0: "euaumnsxoggf"

timestamp = 2024-01-10T12:25:33.377547, generated = 
  arg0: "ajnk"

timestamp = 2024-01-10T12:25:33.378113, generated = 
  arg0: "uidbcx"

timestamp = 2024-01-10T12:25:33.378660, generated = 
  arg0: "oe"

timestamp = 2024-01-10T12:25:33.379570, generated = 
  arg0: "tylo"

timestamp = 2024-01-10T12:25:33.380232, generated = 
  arg0: "veq"

timestamp = 2024-01-10T12:25:33.380962, generated = 
  arg0: "reki"

timestamp = 2024-01-10T12:25:33.381588, generated = 
  arg0: "puorbrw"

timestamp = 2024-01-10T12:25:33.382029, generated = 
  arg0: "hqtoeile"

timestamp = 2024-01-10T12:25:33.382812, generated = 
  arg0: "zvfipkpo"

timestamp = 2024-01-10T12:25:33.383232, generated = 
  arg0: ""

timestamp = 2024-01-10T12:25:33.383852, generated = 
  arg0: "v"

timestamp = 2024-01-10T12:25:33.384377, generated = 
  arg0: "nsnhyrrah"

timestamp = 2024-01-10T12:25:33.385011, generated = 
  arg0: "rhqiiecmuppopd"

timestamp = 2024-01-10T12:25:33.385602, generated = 
  arg0: "fswva"

timestamp = 2024-01-10T12:25:33.386086, generated = 
  arg0: "pvw"

timestamp = 2024-01-10T12:25:33.386609, generated = 
  arg0: "uuxolbjefl"

timestamp = 2024-01-10T12:25:33.387085, generated = 
  arg0: "ycqbjrrwrstthq"

timestamp = 2024-01-10T12:25:33.387614, generated = 
  arg0: "qtcsxzeuml"

timestamp = 2024-01-10T12:25:33.388088, generated = 
  arg0: "a"

timestamp = 2024-01-10T12:25:33.388661, generated = 
  arg0: "y"

timestamp = 2024-01-10T12:25:33.389372, generated = 
  arg0: "cliqieqduxci"

timestamp = 2024-01-10T12:25:33.389999, generated = 
  arg0: "yr"

timestamp = 2024-01-10T12:25:33.391009, generated = 
  arg0: "ww"

timestamp = 2024-01-10T12:25:33.391537, generated = 
  arg0: "njd"

timestamp = 2024-01-10T12:25:33.392288, generated = 
  arg0: "guvfrhjomp"

timestamp = 2024-01-10T12:25:33.392736, generated = 
  arg0: "krosmeleccbb"

timestamp = 2024-01-10T12:25:33.393249, generated = 
  arg0: "xtn"

timestamp = 2024-01-10T12:25:33.393682, generated = 
  arg0: "dtvrx"

timestamp = 2024-01-10T12:25:33.394107, generated = 
  arg0: "wdaklgsgjcqx"

timestamp = 2024-01-10T12:25:33.394594, generated = 
  arg0: "hjurqv"

timestamp = 2024-01-10T12:25:33.394985, generated = 
  arg0: "f"

timestamp = 2024-01-10T12:25:33.395438, generated = 
  arg0: "pwcyri"

timestamp = 2024-01-10T12:25:33.395917, generated = 
  arg0: "ndp"

timestamp = 2024-01-10T12:25:33.397110, generated = 
  arg0: "pjrzkkouxl"

timestamp = 2024-01-10T12:25:33.398093, generated = 
  arg0: "rwn"

timestamp = 2024-01-10T12:25:33.398730, generated = 
  arg0: "bqvv"

timestamp = 2024-01-10T12:25:33.399419, generated = 
  arg0: "mxuziyb"

timestamp = 2024-01-10T12:25:33.400179, generated = 
  arg0: "zaiqlklixkjylmt"

timestamp = 2024-01-10T12:25:33.400701, generated = 
  arg0: "bszmnirpbh"

timestamp = 2024-01-10T12:25:33.401129, generated = 
  arg0: "bt"

timestamp = 2024-01-10T12:25:33.401639, generated = 
  arg0: "u"

timestamp = 2024-01-10T12:25:33.402118, generated = 
  arg0: "eiqylfhaekwvnov"

timestamp = 2024-01-10T12:25:33.402684, generated = 
  arg0: "cwkjgpc"

timestamp = 2024-01-10T12:25:33.403090, generated = 
  arg0: "uxkyziv"

timestamp = 2024-01-10T12:25:33.403521, generated = 
  arg0: "hlvnkub"

timestamp = 2024-01-10T12:25:33.404075, generated = 
  arg0: "wgtzpeoblttwuco"

timestamp = 2024-01-10T12:25:33.404475, generated = 
  arg0: "wfrtgc"

timestamp = 2024-01-10T12:25:33.405144, generated = 
  arg0: "omryjng"

timestamp = 2024-01-10T12:25:33.405623, generated = 
  arg0: "oebhoicl"

timestamp = 2024-01-10T12:25:33.406136, generated = 
  arg0: ""

timestamp = 2024-01-10T12:25:33.406685, generated = 
  arg0: "euplbdgpdyi"

timestamp = 2024-01-10T12:25:33.407318, generated = 
  arg0: "trmhjgvcxsul"

timestamp = 2024-01-10T12:25:33.407904, generated = 
  arg0: "lptbza"

timestamp = 2024-01-10T12:25:33.408890, generated = 
  arg0: "pmtvc"

timestamp = 2024-01-10T12:25:33.409368, generated = 
  arg0: "gxvnlstao"

timestamp = 2024-01-10T12:25:33.409894, generated = 
  arg0: ""

timestamp = 2024-01-10T12:25:33.410360, generated = 
  arg0: "qly"

timestamp = 2024-01-10T12:25:33.410885, generated = 
  arg0: "aczdomipdbvrvp"

timestamp = 2024-01-10T12:25:33.411515, generated = 
  arg0: "lbnf"

timestamp = 2024-01-10T12:25:33.412128, generated = 
  arg0: "qnwuctahoc"

timestamp = 2024-01-10T12:25:33.412646, generated = 
  arg0: "b"

timestamp = 2024-01-10T12:25:33.413279, generated = 
  arg0: "b"

timestamp = 2024-01-10T12:25:33.413902, generated = 
  arg0: "wrkydak"

timestamp = 2024-01-10T12:25:33.414647, generated = 
  arg0: "zfk"

timestamp = 2024-01-10T12:25:33.415252, generated = 
  arg0: "nszfc"

timestamp = 2024-01-10T12:25:33.415962, generated = 
  arg0: "lhfbghhtpg"

timestamp = 2024-01-10T12:25:33.416435, generated = 
  arg0: "wqfnkvtiekgqy"

timestamp = 2024-01-10T12:25:33.416985, generated = 
  arg0: "fxrplv"

timestamp = 2024-01-10T12:25:33.417500, generated = 
  arg0: "gazywr"

timestamp = 2024-01-10T12:25:33.418071, generated = 
  arg0: "xzizc"

timestamp = 2024-01-10T12:25:33.418695, generated = 
  arg0: "umnigz"

timestamp = 2024-01-10T12:25:33.419266, generated = 
  arg0: "uqxkysgetb"

timestamp = 2024-01-10T12:25:33.420392, generated = 
  arg0: "ytbhh"

timestamp = 2024-01-10T12:25:33.421121, generated = 
  arg0: "cldvyqjfa"

timestamp = 2024-01-10T12:25:33.421745, generated = 
  arg0: "dgjqrnysuzkbc"

timestamp = 2024-01-10T12:25:33.422380, generated = 
  arg0: "ujnxvhfgelln"

timestamp = 2024-01-10T12:25:33.422942, generated = 
  arg0: "afwjojpv"

timestamp = 2024-01-10T12:25:33.423639, generated = 
  arg0: "mgyqjapxwyawuk"

timestamp = 2024-01-10T12:25:33.424398, generated = 
  arg0: "qehmgyb"

timestamp = 2024-01-10T12:25:33.424901, generated = 
  arg0: "rqgesodnlc"

timestamp = 2024-01-10T12:25:33.425460, generated = 
  arg0: "erxrbobs"

timestamp = 2024-01-10T12:25:33.425977, generated = 
  arg0: "zrfly"

timestamp = 2024-01-10T12:25:33.426523, generated = 
  arg0: "asstwvcd"

timestamp = 2024-01-10T12:25:33.427183, generated = 
  arg0: "lwd"

timestamp = 2024-01-10T12:25:33.427651, generated = 
  arg0: ""

timestamp = 2024-01-10T12:25:33.428048, generated = 
  arg0: ""

timestamp = 2024-01-10T12:25:33.428600, generated = 
  arg0: "rrweaujtogvgpfx"

timestamp = 2024-01-10T12:25:33.429175, generated = 
  arg0: "twid"

timestamp = 2024-01-10T12:25:33.429885, generated = 
  arg0: "bczddkjhtckq"

timestamp = 2024-01-10T12:25:33.430433, generated = 
  arg0: ""

timestamp = 2024-01-10T12:25:33.431076, generated = 
  arg0: "md"

timestamp = 2024-01-10T12:25:33.431848, generated = 
  arg0: "pxhlviecgz"

timestamp = 2024-01-10T12:25:33.432358, generated = 
  arg0: "ctzvx"

timestamp = 2024-01-10T12:25:33.432826, generated = 
  arg0: "ozbifjkgsyn"

timestamp = 2024-01-10T12:25:33.433219, generated = 
  arg0: "ooqooysf"

timestamp = 2024-01-10T12:25:33.433650, generated = 
  arg0: "ouv"

timestamp = 2024-01-10T12:25:33.434120, generated = 
  arg0: "zoteemnxpbvhxuf"

timestamp = 2024-01-10T12:25:33.434499, generated = 
  arg0: "qerdzkzgnpbe"

timestamp = 2024-01-10T12:25:33.435023, generated = 
  arg0: "bai"

timestamp = 2024-01-10T12:25:33.435500, generated = 
  arg0: "a"

timestamp = 2024-01-10T12:25:33.435982, generated = 
  arg0: "pvvbxcwflqfyck"

timestamp = 2024-01-10T12:25:33.436377, generated = 
  arg0: "ukiw"

timestamp = 2024-01-10T12:25:33.436899, generated = 
  arg0: "oowxampszbfgz"

timestamp = 2024-01-10T12:25:33.437988, generated = 
  arg0: "klrzhh"

timestamp = 2024-01-10T12:25:33.438610, generated = 
  arg0: "csborvt"

timestamp = 2024-01-10T12:25:33.439278, generated = 
  arg0: "qukwpx"

timestamp = 2024-01-10T12:25:33.440053, generated = 
  arg0: "ipit"

timestamp = 2024-01-10T12:25:33.440628, generated = 
  arg0: "mzuqsjludgdd"

timestamp = 2024-01-10T12:25:33.441227, generated = 
  arg0: "cmkxyc"

timestamp = 2024-01-10T12:25:33.441736, generated = 
  arg0: "drtytkbiqhiljqy"

timestamp = 2024-01-10T12:25:33.442326, generated = 
  arg0: "zaajdgevdho"

timestamp = 2024-01-10T12:25:33.442949, generated = 
  arg0: "vn"

timestamp = 2024-01-10T12:25:33.443448, generated = 
  arg0: "asixxkj"

timestamp = 2024-01-10T12:25:33.443986, generated = 
  arg0: "ernyfc"

timestamp = 2024-01-10T12:25:33.444402, generated = 
  arg0: "qeyji"

timestamp = 2024-01-10T12:25:33.444858, generated = 
  arg0: "taqih"

timestamp = 2024-01-10T12:25:33.445241, generated = 
  arg0: "a"

timestamp = 2024-01-10T12:25:33.445661, generated = 
  arg0: "vlyzvc"

timestamp = 2024-01-10T12:25:33.446116, generated = 
  arg0: "nnlqmswmlowqlop"

timestamp = 2024-01-10T12:25:33.446584, generated = 
  arg0: "oxkoro"

timestamp = 2024-01-10T12:25:33.447220, generated = 
  arg0: "gryowywaucmuq"

timestamp = 2024-01-10T12:25:33.447866, generated = 
  arg0: "agtqytncirey"

timestamp = 2024-01-10T12:25:33.448364, generated = 
  arg0: "rikkfhoqxfpgfpi"

timestamp = 2024-01-10T12:25:33.449319, generated = 
  arg0: "cplyi"

timestamp = 2024-01-10T12:25:33.450060, generated = 
  arg0: "dif"

timestamp = 2024-01-10T12:25:33.450569, generated = 
  arg0: ""

timestamp = 2024-01-10T12:25:33.451158, generated = 
  arg0: "xmxkpvwespqjyfq"

timestamp = 2024-01-10T12:25:33.451748, generated = 
  arg0: "uykhopcw"

timestamp = 2024-01-10T12:25:33.452174, generated = 
  arg0: "p"

timestamp = 2024-01-10T12:25:33.452803, generated = 
  arg0: "ypmcxlywsaawg"

timestamp = 2024-01-10T12:25:33.453275, generated = 
  arg0: "twcdqeso"

timestamp = 2024-01-10T12:25:33.453812, generated = 
  arg0: "hxmpaubhfnrvdy"

timestamp = 2024-01-10T12:25:33.454215, generated = 
  arg0: "foouwrasxby"

timestamp = 2024-01-10T12:25:33.454739, generated = 
  arg0: "ulf"

timestamp = 2024-01-10T12:25:33.455210, generated = 
  arg0: "kdjmhvces"

timestamp = 2024-01-10T12:25:33.455610, generated = 
  arg0: "txxecpxhzul"

timestamp = 2024-01-10T12:25:33.456003, generated = 
  arg0: "hnuirxkwlxcrgs"

timestamp = 2024-01-10T12:25:33.456509, generated = 
  arg0: "j"

timestamp = 2024-01-10T12:25:33.457049, generated = 
  arg0: "acswdtnokgxzv"

timestamp = 2024-01-10T12:25:33.457498, generated = 
  arg0: "l"

timestamp = 2024-01-10T12:25:33.458175, generated = 
  arg0: "ohvshmzacpxez"

timestamp = 2024-01-10T12:25:33.458753, generated = 
  arg0: "gmqe"

timestamp = 2024-01-10T12:25:33.459308, generated = 
  arg0: "hpnhgdbgvmv"

timestamp = 2024-01-10T12:25:33.459924, generated = 
  arg0: "vxp"

timestamp = 2024-01-10T12:25:33.460723, generated = 
  arg0: "ivw"

timestamp = 2024-01-10T12:25:33.461150, generated = 
  arg0: "el"

timestamp = 2024-01-10T12:25:33.461643, generated = 
  arg0: "uemwaesdbkymev"

timestamp = 2024-01-10T12:25:33.462058, generated = 
  arg0: "npiuwkubdzokt"

timestamp = 2024-01-10T12:25:33.462481, generated = 
  arg0: "svlgzczugafg"

timestamp = 2024-01-10T12:25:33.462990, generated = 
  arg0: "kfjxucaz"

timestamp = 2024-01-10T12:25:33.463456, generated = 
  arg0: "yytojrtc"

timestamp = 2024-01-10T12:25:33.463906, generated = 
  arg0: ""

timestamp = 2024-01-10T12:25:33.464377, generated = 
  arg0: "nbqvti"

timestamp = 2024-01-10T12:25:33.464893, generated = 
  arg0: ""

timestamp = 2024-01-10T12:25:33.465293, generated = 
  arg0: "r"

timestamp = 2024-01-10T12:25:33.465666, generated = 
  arg0: ""

timestamp = 2024-01-10T12:25:33.466064, generated = 
  arg0: "x"

timestamp = 2024-01-10T12:25:33.466553, generated = 
  arg0: "kvzdtf"

timestamp = 2024-01-10T12:25:33.466989, generated = 
  arg0: "j"

timestamp = 2024-01-10T12:25:33.467479, generated = 
  arg0: "cwu"

timestamp = 2024-01-10T12:25:33.468196, generated = 
  arg0: "lqzftrfpvzvw"

timestamp = 2024-01-10T12:25:33.468916, generated = 
  arg0: "lzdlf"

timestamp = 2024-01-10T12:25:33.469576, generated = 
  arg0: "bguxqfqjruufz"

timestamp = 2024-01-10T12:25:33.470118, generated = 
  arg0: "wvankdrajjc"

timestamp = 2024-01-10T12:25:33.470645, generated = 
  arg0: "vpa"

timestamp = 2024-01-10T12:25:33.471183, generated = 
  arg0: "wegnw"

timestamp = 2024-01-10T12:25:33.471592, generated = 
  arg0: ""

timestamp = 2024-01-10T12:25:33.472767, generated = 
  arg0: "tgklxynit"

timestamp = 2024-01-10T12:25:33.473555, generated = 
  arg0: ""

timestamp = 2024-01-10T12:25:33.474287, generated = 
  arg0: "ldwjxk"

timestamp = 2024-01-10T12:25:33.474888, generated = 
  arg0: "ftosumvd"

timestamp = 2024-01-10T12:25:33.475391, generated = 
  arg0: "sx"

timestamp = 2024-01-10T12:25:33.475957, generated = 
  arg0: "xuasobguqaysnew"

timestamp = 2024-01-10T12:25:33.476460, generated = 
  arg0: "q"

timestamp = 2024-01-10T12:25:33.477011, generated = 
  arg0: "bvibnnbeozf"

timestamp = 2024-01-10T12:25:33.477720, generated = 
  arg0: "ywym"

timestamp = 2024-01-10T12:25:33.478459, generated = 
  arg0: "m"

timestamp = 2024-01-10T12:25:33.479143, generated = 
  arg0: "jkxvozwvx"

timestamp = 2024-01-10T12:25:33.479764, generated = 
  arg0: "a"

timestamp = 2024-01-10T12:25:33.480399, generated = 
  arg0: "ygqhrn"

timestamp = 2024-01-10T12:25:33.481160, generated = 
  arg0: "smvtvirydtkupms"

timestamp = 2024-01-10T12:25:33.481727, generated = 
  arg0: "oitrr"

timestamp = 2024-01-10T12:25:33.482206, generated = 
  arg0: ""

timestamp = 2024-01-10T12:25:33.482741, generated = 
  arg0: "ggozhboxuriyj"

timestamp = 2024-01-10T12:25:33.483283, generated = 
  arg0: "hhusm"

timestamp = 2024-01-10T12:25:33.483851, generated = 
  arg0: "h"

timestamp = 2024-01-10T12:25:33.484306, generated = 
  arg0: "pcmscmplxjup"

timestamp = 2024-01-10T12:25:33.484766, generated = 
  arg0: "xqkjom"

timestamp = 2024-01-10T12:25:33.485190, generated = 
  arg0: "rinbmq"

timestamp = 2024-01-10T12:25:33.485626, generated = 
  arg0: "qwpggvyhjvksxua"

timestamp = 2024-01-10T12:25:33.486089, generated = 
  arg0: "wtiafx"

timestamp = 2024-01-10T12:25:33.486520, generated = 
  arg0: "cljcckztc"

timestamp = 2024-01-10T12:25:33.486919, generated = 
  arg0: "whdwqlwlfq"

timestamp = 2024-01-10T12:25:33.487520, generated = 
  arg0: "ulnnnkak"

timestamp = 2024-01-10T12:25:33.488054, generated = 
  arg0: "hkhhpakgndd"

timestamp = 2024-01-10T12:25:33.488765, generated = 
  arg0: "capalao"

timestamp = 2024-01-10T12:25:33.490039, generated = 
  arg0: "wqfvgscahtcffr"

timestamp = 2024-01-10T12:25:33.490735, generated = 
  arg0: "eeyb"

timestamp = 2024-01-10T12:25:33.491476, generated = 
  arg0: "hi"

timestamp = 2024-01-10T12:25:33.492133, generated = 
  arg0: "gstmbqogtfcpfvx"

timestamp = 2024-01-10T12:25:33.492610, generated = 
  arg0: "tlrlokcda"

timestamp = 2024-01-10T12:25:33.493142, generated = 
  arg0: "atbfi"

timestamp = 2024-01-10T12:25:33.493650, generated = 
  arg0: "pgo"

timestamp = 2024-01-10T12:25:33.494180, generated = 
  arg0: ""

timestamp = 2024-01-10T12:25:33.494602, generated = 
  arg0: "lsqxnrfmhty"

timestamp = 2024-01-10T12:25:33.495209, generated = 
  arg0: "ivbmadnztv"

timestamp = 2024-01-10T12:25:33.495802, generated = 
  arg0: "osts"

timestamp = 2024-01-10T12:25:33.496334, generated = 
  arg0: "gtotwcxxzxgo"

timestamp = 2024-01-10T12:25:33.496831, generated = 
  arg0: "lo"

timestamp = 2024-01-10T12:25:33.497422, generated = 
  arg0: "wgslpzbwgdqhcld"

timestamp = 2024-01-10T12:25:33.497898, generated = 
  arg0: "rsfczkzs"

timestamp = 2024-01-10T12:25:33.498359, generated = 
  arg0: "upg"

timestamp = 2024-01-10T12:25:33.498700, generated = 
  arg0: "fe"

timestamp = 2024-01-10T12:25:33.499115, generated = 
  arg0: "rmj"

timestamp = 2024-01-10T12:25:33.499594, generated = 
  arg0: "out"

timestamp = 2024-01-10T12:25:33.500073, generated = 
  arg0: "qnobmmctrt"

timestamp = 2024-01-10T12:25:33.500516, generated = 
  arg0: "e"

timestamp = 2024-01-10T12:25:33.501029, generated = 
  arg0: "munpvgfev"

timestamp = 2024-01-10T12:25:33.501457, generated = 
  arg0: "urhgqflwqnv"

timestamp = 2024-01-10T12:25:33.501903, generated = 
  arg0: "xslyhqhegjv"

timestamp = 2024-01-10T12:25:33.502400, generated = 
  arg0: "rpvlojnswunfp"

timestamp = 2024-01-10T12:25:33.502920, generated = 
  arg0: "akixdlborquxp"

timestamp = 2024-01-10T12:25:33.503299, generated = 
  arg0: "z"

timestamp = 2024-01-10T12:25:33.503770, generated = 
  arg0: "k"

timestamp = 2024-01-10T12:25:33.504288, generated = 
  arg0: "dbm"

timestamp = 2024-01-10T12:25:33.504765, generated = 
  arg0: "gt"

timestamp = 2024-01-10T12:25:33.505437, generated = 
  arg0: "uvbuceojarhnv"

timestamp = 2024-01-10T12:25:33.505961, generated = 
  arg0: "t"

timestamp = 2024-01-10T12:25:33.506712, generated = 
  arg0: "muedw"

timestamp = 2024-01-10T12:25:33.507663, generated = 
  arg0: "feocxueeyqnemeh"

timestamp = 2024-01-10T12:25:33.508347, generated = 
  arg0: "kgog"

timestamp = 2024-01-10T12:25:33.508958, generated = 
  arg0: "xfaluxqnick"

timestamp = 2024-01-10T12:25:33.509527, generated = 
  arg0: "nbwnd"

timestamp = 2024-01-10T12:25:33.510085, generated = 
  arg0: "mgtfffjpxnkfijk"

timestamp = 2024-01-10T12:25:33.510589, generated = 
  arg0: "cvwesjut"

timestamp = 2024-01-10T12:25:33.511121, generated = 
  arg0: "gsg"

timestamp = 2024-01-10T12:25:33.511582, generated = 
  arg0: "z"

timestamp = 2024-01-10T12:25:33.512055, generated = 
  arg0: "w"

timestamp = 2024-01-10T12:25:33.512659, generated = 
  arg0: "ijifwnaba"

timestamp = 2024-01-10T12:25:33.513167, generated = 
  arg0: "tdryqoztcihnsxo"

timestamp = 2024-01-10T12:25:33.513733, generated = 
  arg0: "mwtzayiq"

timestamp = 2024-01-10T12:25:33.514297, generated = 
  arg0: "fqxypqggqc"

timestamp = 2024-01-10T12:25:33.514839, generated = 
  arg0: "cq"

timestamp = 2024-01-10T12:25:33.515382, generated = 
  arg0: "luo"

timestamp = 2024-01-10T12:25:33.515935, generated = 
  arg0: "pmssybetezgr"

timestamp = 2024-01-10T12:25:33.516510, generated = 
  arg0: "swalkh"

timestamp = 2024-01-10T12:25:33.517021, generated = 
  arg0: "a"

timestamp = 2024-01-10T12:25:33.517525, generated = 
  arg0: "osnvymeqaufiuvd"

timestamp = 2024-01-10T12:25:33.517957, generated = 
  arg0: ""

timestamp = 2024-01-10T12:25:33.518620, generated = 
  arg0: "imf"

timestamp = 2024-01-10T12:25:33.519337, generated = 
  arg0: "lfeowmp"

timestamp = 2024-01-10T12:25:33.519879, generated = 
  arg0: "rwhgex"

timestamp = 2024-01-10T12:25:33.520591, generated = 
  arg0: "fhvldfycpfxmxj"

timestamp = 2024-01-10T12:25:33.521181, generated = 
  arg0: ""

timestamp = 2024-01-10T12:25:33.521741, generated = 
  arg0: "x"

timestamp = 2024-01-10T12:25:33.522525, generated = 
  arg0: "objf"

timestamp = 2024-01-10T12:25:33.523226, generated = 
  arg0: "zakxdayyy"

timestamp = 2024-01-10T12:25:33.523880, generated = 
  arg0: "daunjrytrbcg"

timestamp = 2024-01-10T12:25:33.524831, generated = 
  arg0: "pighlvgororm"

timestamp = 2024-01-10T12:25:33.525505, generated = 
  arg0: "ubcozyfhjsis"

timestamp = 2024-01-10T12:25:33.526064, generated = 
  arg0: "up"

timestamp = 2024-01-10T12:25:33.526703, generated = 
  arg0: "scixcwmjebfa"

timestamp = 2024-01-10T12:25:33.527226, generated = 
  arg0: "umn"

timestamp = 2024-01-10T12:25:33.527835, generated = 
  arg0: "bqeyxfwp"

timestamp = 2024-01-10T12:25:33.528564, generated = 
  arg0: "azryhezxnrhpl"

timestamp = 2024-01-10T12:25:33.529278, generated = 
  arg0: "qfkpdz"

timestamp = 2024-01-10T12:25:33.530874, generated = 
  arg0: "zxfqgzhwnbr"

timestamp = 2024-01-10T12:25:33.531581, generated = 
  arg0: "yzkceczgbicwmyo"

timestamp = 2024-01-10T12:25:33.532129, generated = 
  arg0: "tcponhwldhzkat"

timestamp = 2024-01-10T12:25:33.532705, generated = 
  arg0: "pgfuqqakktbj"

timestamp = 2024-01-10T12:25:33.533279, generated = 
  arg0: "tvokygoyzeoyefg"

timestamp = 2024-01-10T12:25:33.533907, generated = 
  arg0: "dvnfehhxkv"

timestamp = 2024-01-10T12:25:33.534544, generated = 
  arg0: "pzvagvsmnzr"

timestamp = 2024-01-10T12:25:33.535082, generated = 
  arg0: ""

timestamp = 2024-01-10T12:25:33.535894, generated = 
  arg0: "fqgtgmtmegdnvjj"

timestamp = 2024-01-10T12:25:33.536531, generated = 
  arg0: "wilcv"

timestamp = 2024-01-10T12:25:33.537262, generated = 
  arg0: "v"

timestamp = 2024-01-10T12:25:33.537774, generated = 
  arg0: ""

timestamp = 2024-01-10T12:25:33.538339, generated = 
  arg0: "exicgccsk"

timestamp = 2024-01-10T12:25:33.538966, generated = 
  arg0: "hjs"

timestamp = 2024-01-10T12:25:33.539644, generated = 
  arg0: "tmkgxdjkz"

timestamp = 2024-01-10T12:25:33.540192, generated = 
  arg0: "gjprqgk"

timestamp = 2024-01-10T12:25:33.540640, generated = 
  arg0: "tiuzi"

timestamp = 2024-01-10T12:25:33.541154, generated = 
  arg0: "xznhhqvudx"

timestamp = 2024-01-10T12:25:33.541722, generated = 
  arg0: "sikid"

timestamp = 2024-01-10T12:25:33.542247, generated = 
  arg0: "ovrk"

timestamp = 2024-01-10T12:25:33.542796, generated = 
  arg0: "wmljbjdgywyheer"

timestamp = 2024-01-10T12:25:33.543306, generated = 
  arg0: "np"

timestamp = 2024-01-10T12:25:33.543922, generated = 
  arg0: "wiurxycjcazt"

timestamp = 2024-01-10T12:25:33.544615, generated = 
  arg0: "ymmepgnymblurlr"

timestamp = 2024-01-10T12:25:33.545180, generated = 
  arg0: "vljhixlxgqpf"

timestamp = 2024-01-10T12:25:33.545774, generated = 
  arg0: "fraiupvzenmbgl"

timestamp = 2024-01-10T12:25:33.546326, generated = 
  arg0: "u"

timestamp = 2024-01-10T12:25:33.546993, generated = 
  arg0: "uh"

timestamp = 2024-01-10T12:25:33.548485, generated = 
  arg0: "cofdrepxurtps"

timestamp = 2024-01-10T12:25:33.549040, generated = 
  arg0: "x"

timestamp = 2024-01-10T12:25:33.550054, generated = 
  arg0: "ffscywsygo"

timestamp = 2024-01-10T12:25:33.550746, generated = 
  arg0: "mry"

timestamp = 2024-01-10T12:25:33.551301, generated = 
  arg0: "z"

timestamp = 2024-01-10T12:25:33.552272, generated = 
  arg0: "bawhkqq"

timestamp = 2024-01-10T12:25:33.553400, generated = 
  arg0: "axdcajjbb"

timestamp = 2024-01-10T12:25:33.554118, generated = 
  arg0: "eu"

timestamp = 2024-01-10T12:25:33.554850, generated = 
  arg0: "er"

timestamp = 2024-01-10T12:25:33.555462, generated = 
  arg0: "q"

timestamp = 2024-01-10T12:25:33.556180, generated = 
  arg0: "joqlox"

timestamp = 2024-01-10T12:25:33.556713, generated = 
  arg0: "gmshgplfdj"

timestamp = 2024-01-10T12:25:33.557214, generated = 
  arg0: "aad"

timestamp = 2024-01-10T12:25:33.557597, generated = 
  arg0: ""

timestamp = 2024-01-10T12:25:33.558128, generated = 
  arg0: "lafwio"

timestamp = 2024-01-10T12:25:33.558694, generated = 
  arg0: "qaytf"

timestamp = 2024-01-10T12:25:33.559715, generated = 
  arg0: "swuxjdouhin"

timestamp = 2024-01-10T12:25:33.560328, generated = 
  arg0: "pozjqutmoj"

timestamp = 2024-01-10T12:25:33.560875, generated = 
  arg0: ""

timestamp = 2024-01-10T12:25:33.561342, generated = 
  arg0: "m"

timestamp = 2024-01-10T12:25:33.561761, generated = 
  arg0: ""

timestamp = 2024-01-10T12:25:33.562236, generated = 
  arg0: "us"

timestamp = 2024-01-10T12:25:33.562595, generated = 
  arg0: "ndu"

timestamp = 2024-01-10T12:25:33.563010, generated = 
  arg0: "xewclynnfzerjx"

timestamp = 2024-01-10T12:25:33.563555, generated = 
  arg0: "quelxosvjceg"

timestamp = 2024-01-10T12:25:33.563998, generated = 
  arg0: "ktoxswqqqm"

timestamp = 2024-01-10T12:25:33.564514, generated = 
  arg0: "zpnqwhtcpqwprl"

timestamp = 2024-01-10T12:25:33.565072, generated = 
  arg0: "mtbrnrjpylkxfx"

timestamp = 2024-01-10T12:25:33.565553, generated = 
  arg0: "hcdbb"

timestamp = 2024-01-10T12:25:33.566026, generated = 
  arg0: "ugqmszrijhvatxw"

timestamp = 2024-01-10T12:25:33.570898, generated = 
  arg0: "wkrgxem"

timestamp = 2024-01-10T12:25:33.571354, generated = 
  arg0: "z"

timestamp = 2024-01-10T12:25:33.571850, generated = 
  arg0: "kmyg"

timestamp = 2024-01-10T12:25:33.572507, generated = 
  arg0: "opugpwkmzx"

timestamp = 2024-01-10T12:25:33.573171, generated = 
  arg0: ""

timestamp = 2024-01-10T12:25:33.573831, generated = 
  arg0: "uoijwicm"

timestamp = 2024-01-10T12:25:33.574431, generated = 
  arg0: "t"

timestamp = 2024-01-10T12:25:33.575036, generated = 
  arg0: ""

timestamp = 2024-01-10T12:25:33.575615, generated = 
  arg0: "tb"

timestamp = 2024-01-10T12:25:33.576076, generated = 
  arg0: "avlkrgubuxcy"

timestamp = 2024-01-10T12:25:33.577173, generated = 
  arg0: "jlg"

timestamp = 2024-01-10T12:25:33.577806, generated = 
  arg0: "mbevupycfnuraex"

timestamp = 2024-01-10T12:25:33.578298, generated = 
  arg0: "vxiszlqpldyddwp"

timestamp = 2024-01-10T12:25:33.578854, generated = 
  arg0: "z"

timestamp = 2024-01-10T12:25:33.579379, generated = 
  arg0: "ln"

timestamp = 2024-01-10T12:25:33.579944, generated = 
  arg0: "fiajen"

timestamp = 2024-01-10T12:25:33.580481, generated = 
  arg0: "tkpqcamxtitme"

timestamp = 2024-01-10T12:25:33.581064, generated = 
  arg0: "gywzqigzekdsr"

timestamp = 2024-01-10T12:25:33.581655, generated = 
  arg0: "ilmxivvocp"

timestamp = 2024-01-10T12:25:33.582179, generated = 
  arg0: "oidcyvuruyqasar"

timestamp = 2024-01-10T12:25:33.582666, generated = 
  arg0: "nvaqtyk"

timestamp = 2024-01-10T12:25:33.583411, generated = 
  arg0: "bwbdxohfvuavsnp"

timestamp = 2024-01-10T12:25:33.583794, generated = 
  arg0: "a"

timestamp = 2024-01-10T12:25:33.584318, generated = 
  arg0: "mljaiigbbtqkcz"

timestamp = 2024-01-10T12:25:33.584880, generated = 
  arg0: "evhrpqxzcdww"

timestamp = 2024-01-10T12:25:33.585593, generated = 
  arg0: "wfpwy"

timestamp = 2024-01-10T12:25:33.586121, generated = 
  arg0: "uagi"

timestamp = 2024-01-10T12:25:33.586728, generated = 
  arg0: "ofcv"

timestamp = 2024-01-10T12:25:33.587272, generated = 
  arg0: "rqnxmvtbgkw"

timestamp = 2024-01-10T12:25:33.587712, generated = 
  arg0: "fsyf"

timestamp = 2024-01-10T12:25:33.588866, generated = 
  arg0: "zkqoixoqvpq"

timestamp = 2024-01-10T12:25:33.589704, generated = 
  arg0: "ytuynhgrisqc"

timestamp = 2024-01-10T12:25:33.590238, generated = 
  arg0: "kbkuo"

timestamp = 2024-01-10T12:25:33.590810, generated = 
  arg0: "ewiwskvpf"

timestamp = 2024-01-10T12:25:33.591327, generated = 
  arg0: "vnkojiosotrnitl"

timestamp = 2024-01-10T12:25:33.591803, generated = 
  arg0: "yvqgq"

timestamp = 2024-01-10T12:25:33.592308, generated = 
  arg0: "cnp"

timestamp = 2024-01-10T12:25:33.592738, generated = 
  arg0: "b"

timestamp = 2024-01-10T12:25:33.593286, generated = 
  arg0: "kuhkjoa"

timestamp = 2024-01-10T12:25:33.593816, generated = 
  arg0: "gxmfivohpnca"

timestamp = 2024-01-10T12:25:33.594475, generated = 
  arg0: "sdzbjy"

timestamp = 2024-01-10T12:25:33.594862, generated = 
  arg0: "fyjjih"

timestamp = 2024-01-10T12:25:33.595472, generated = 
  arg0: "bbwssubkhvwu"

timestamp = 2024-01-10T12:25:33.596, generated = 
  arg0: "xyrugtz"

timestamp = 2024-01-10T12:25:33.596551, generated = 
  arg0: "aqcbqihnh"

timestamp = 2024-01-10T12:25:33.597096, generated = 
  arg0: "ztjurtjrkuowux"

timestamp = 2024-01-10T12:25:33.597487, generated = 
  arg0: "j"

timestamp = 2024-01-10T12:25:33.598095, generated = 
  arg0: "mbdaeousa"

timestamp = 2024-01-10T12:25:33.598449, generated = 
  arg0: "jy"

timestamp = 2024-01-10T12:25:33.599073, generated = 
  arg0: "v"

timestamp = 2024-01-10T12:25:33.600202, generated = 
  arg0: "inrxxyeh"

timestamp = 2024-01-10T12:25:33.600920, generated = 
  arg0: "gta"

timestamp = 2024-01-10T12:25:33.601386, generated = 
  arg0: "axzjom"

timestamp = 2024-01-10T12:25:33.602107, generated = 
  arg0: "eiznxvgiemoku"

timestamp = 2024-01-10T12:25:33.602688, generated = 
  arg0: "kzjqsdftoxut"

timestamp = 2024-01-10T12:25:33.603232, generated = 
  arg0: "ikhozjllaxkoj"

timestamp = 2024-01-10T12:25:33.603760, generated = 
  arg0: ""

timestamp = 2024-01-10T12:25:33.604360, generated = 
  arg0: "f"

timestamp = 2024-01-10T12:25:33.605090, generated = 
  arg0: "slewqckklukibo"

timestamp = 2024-01-10T12:25:33.605560, generated = 
  arg0: "ty"

timestamp = 2024-01-10T12:25:33.605988, generated = 
  arg0: "rhoiwmhswyhilvu"

timestamp = 2024-01-10T12:25:33.606601, generated = 
  arg0: "xbi"

timestamp = 2024-01-10T12:25:33.607078, generated = 
  arg0: "frqzzkvfegvzjek"

timestamp = 2024-01-10T12:25:33.607789, generated = 
  arg0: "nlwzdnqcxi"

timestamp = 2024-01-10T12:25:33.608146, generated = 
  arg0: "yvwtcsghqml"

timestamp = 2024-01-10T12:25:33.608640, generated = 
  arg0: "ejrjkxditcuxkck"

timestamp = 2024-01-10T12:25:33.609167, generated = 
  arg0: "flysmtznkhgyeo"

timestamp = 2024-01-10T12:25:33.609747, generated = 
  arg0: "jsnyfpjvjjgizj"

timestamp = 2024-01-10T12:25:33.610371, generated = 
  arg0: ""

timestamp = 2024-01-10T12:25:33.610902, generated = 
  arg0: "z"

timestamp = 2024-01-10T12:25:33.611628, generated = 
  arg0: "gze"

timestamp = 2024-01-10T12:25:33.612157, generated = 
  arg0: "uzrfggunjuaqj"

timestamp = 2024-01-10T12:25:33.612661, generated = 
  arg0: "xjti"

timestamp = 2024-01-10T12:25:33.613115, generated = 
  arg0: "puukoigss"

timestamp = 2024-01-10T12:25:33.613818, generated = 
  arg0: "tzqmoyrwrpysl"

timestamp = 2024-01-10T12:25:33.614422, generated = 
  arg0: "vaxlrp"

timestamp = 2024-01-10T12:25:33.615064, generated = 
  arg0: "tgn"

timestamp = 2024-01-10T12:25:33.615478, generated = 
  arg0: "cvqxmrp"

timestamp = 2024-01-10T12:25:33.616153, generated = 
  arg0: "nfumcdj"

timestamp = 2024-01-10T12:25:33.616780, generated = 
  arg0: "ngmeexsybm"

timestamp = 2024-01-10T12:25:33.617929, generated = 
  arg0: "yacd"

timestamp = 2024-01-10T12:25:33.618302, generated = 
  arg0: "vxfriokhbx"

timestamp = 2024-01-10T12:25:33.618940, generated = 
  arg0: "tfykgblxa"

timestamp = 2024-01-10T12:25:33.619600, generated = 
  arg0: ""

timestamp = 2024-01-10T12:25:33.620208, generated = 
  arg0: "domnmom"

timestamp = 2024-01-10T12:25:33.620767, generated = 
  arg0: "ioo"

timestamp = 2024-01-10T12:25:33.621288, generated = 
  arg0: "qlohecfrtkpzxuo"

timestamp = 2024-01-10T12:25:33.621681, generated = 
  arg0: "lcieilquerbucxb"

timestamp = 2024-01-10T12:25:33.622346, generated = 
  arg0: "cmwo"

timestamp = 2024-01-10T12:25:33.622828, generated = 
  arg0: "vnvku"

timestamp = 2024-01-10T12:25:33.623532, generated = 
  arg0: "vxktqpt"

timestamp = 2024-01-10T12:25:33.623970, generated = 
  arg0: "mckv"

timestamp = 2024-01-10T12:25:33.624753, generated = 
  arg0: "cstq"

timestamp = 2024-01-10T12:25:33.625283, generated = 
  arg0: "jgwtfxjde"

timestamp = 2024-01-10T12:25:33.625784, generated = 
  arg0: "ifsh"

timestamp = 2024-01-10T12:25:33.626206, generated = 
  arg0: "r"

timestamp = 2024-01-10T12:25:33.626713, generated = 
  arg0: "vf"

timestamp = 2024-01-10T12:25:33.627111, generated = 
  arg0: "xbgnvw"

timestamp = 2024-01-10T12:25:33.627681, generated = 
  arg0: "korjepxjlbze"

timestamp = 2024-01-10T12:25:33.628008, generated = 
  arg0: "anhhip"

timestamp = 2024-01-10T12:25:33.629084, generated = 
  arg0: "e"

timestamp = 2024-01-10T12:25:33.630180, generated = 
  arg0: "kceuqffmon"

timestamp = 2024-01-10T12:25:33.630902, generated = 
  arg0: "zwdbtbsihrr"

timestamp = 2024-01-10T12:25:33.631507, generated = 
  arg0: "llfpxxvisnz"

timestamp = 2024-01-10T12:25:33.631945, generated = 
  arg0: "cgwetap"

timestamp = 2024-01-10T12:25:33.632419, generated = 
  arg0: "pg"

timestamp = 2024-01-10T12:25:33.633104, generated = 
  arg0: "auobnxgfs"

timestamp = 2024-01-10T12:25:33.633506, generated = 
  arg0: "wkyy"

timestamp = 2024-01-10T12:25:33.634083, generated = 
  arg0: "vgotfj"

timestamp = 2024-01-10T12:25:33.634694, generated = 
  arg0: "rtcsvoyozkdlxf"

timestamp = 2024-01-10T12:25:33.635144, generated = 
  arg0: "cmkobg"

timestamp = 2024-01-10T12:25:33.635677, generated = 
  arg0: "jvbbuovlcmntzs"

timestamp = 2024-01-10T12:25:33.636201, generated = 
  arg0: "zfltbld"

timestamp = 2024-01-10T12:25:33.636753, generated = 
  arg0: "ynsaii"

timestamp = 2024-01-10T12:25:33.637397, generated = 
  arg0: "n"

timestamp = 2024-01-10T12:25:33.637851, generated = 
  arg0: "sldnano"

timestamp = 2024-01-10T12:25:33.638494, generated = 
  arg0: ""

timestamp = 2024-01-10T12:25:33.639081, generated = 
  arg0: "skzfpji"

timestamp = 2024-01-10T12:25:33.640074, generated = 
  arg0: ""

timestamp = 2024-01-10T12:25:33.640948, generated = 
  arg0: "wglqnfgaxwfcif"

timestamp = 2024-01-10T12:25:33.641724, generated = 
  arg0: "yarlxssslpm"

timestamp = 2024-01-10T12:25:33.642224, generated = 
  arg0: "w"

timestamp = 2024-01-10T12:25:33.642729, generated = 
  arg0: "ri"

timestamp = 2024-01-10T12:25:33.643193, generated = 
  arg0: "cplg"

timestamp = 2024-01-10T12:25:33.643546, generated = 
  arg0: "eyedpcdzc"

timestamp = 2024-01-10T12:25:33.644046, generated = 
  arg0: "royykpqfxuohu"

timestamp = 2024-01-10T12:25:33.644481, generated = 
  arg0: "iovwfcsfudtxlv"

timestamp = 2024-01-10T12:25:33.644892, generated = 
  arg0: "sluclhmf"

timestamp = 2024-01-10T12:25:33.645255, generated = 
  arg0: "wafdwmsmcduze"

timestamp = 2024-01-10T12:25:33.645670, generated = 
  arg0: "itcxxtfcierinl"

timestamp = 2024-01-10T12:25:33.646125, generated = 
  arg0: "pq"

timestamp = 2024-01-10T12:25:33.646716, generated = 
  arg0: "ukbtswodlh"

timestamp = 2024-01-10T12:25:33.647109, generated = 
  arg0: "b"

timestamp = 2024-01-10T12:25:33.647650, generated = 
  arg0: "pvklhnuemdtkr"

timestamp = 2024-01-10T12:25:33.648025, generated = 
  arg0: "adzxkspgqgeb"

timestamp = 2024-01-10T12:25:33.648481, generated = 
  arg0: "pbp"

timestamp = 2024-01-10T12:25:33.648910, generated = 
  arg0: "fjddicwiman"

timestamp = 2024-01-10T12:25:33.649530, generated = 
  arg0: "ojyycaaibwh"

timestamp = 2024-01-10T12:25:33.650106, generated = 
  arg0: "jyb"

timestamp = 2024-01-10T12:25:33.650537, generated = 
  arg0: "qwajepoji"

timestamp = 2024-01-10T12:25:33.650989, generated = 
  arg0: "dt"

timestamp = 2024-01-10T12:25:33.651408, generated = 
  arg0: "ykhxcsqt"

timestamp = 2024-01-10T12:25:33.652252, generated = 
  arg0: "sjbfumhodqf"

timestamp = 2024-01-10T12:25:33.652969, generated = 
  arg0: "guwuenuffbf"

timestamp = 2024-01-10T12:25:33.653548, generated = 
  arg0: "njnoflyjqhcw"

timestamp = 2024-01-10T12:25:33.654045, generated = 
  arg0: "zbnal"

timestamp = 2024-01-10T12:25:33.654459, generated = 
  arg0: "usos"

timestamp = 2024-01-10T12:25:33.654900, generated = 
  arg0: "yozspjwpabg"

timestamp = 2024-01-10T12:25:33.655438, generated = 
  arg0: "z"

timestamp = 2024-01-10T12:25:33.655915, generated = 
  arg0: "uf"

timestamp = 2024-01-10T12:25:33.656470, generated = 
  arg0: "fcjiobf"

timestamp = 2024-01-10T12:25:33.657011, generated = 
  arg0: "y"

timestamp = 2024-01-10T12:25:33.657508, generated = 
  arg0: "tjtefbphdrlna"

timestamp = 2024-01-10T12:25:33.658340, generated = 
  arg0: "plktwx"

timestamp = 2024-01-10T12:25:33.658927, generated = 
  arg0: "hkadndnflyegykw"

timestamp = 2024-01-10T12:25:33.659449, generated = 
  arg0: "xqx"

timestamp = 2024-01-10T12:25:33.659909, generated = 
  arg0: "gqnvam"

timestamp = 2024-01-10T12:25:33.660330, generated = 
  arg0: ""

timestamp = 2024-01-10T12:25:33.660799, generated = 
  arg0: "vsmrkr"

timestamp = 2024-01-10T12:25:33.661210, generated = 
  arg0: "g"

timestamp = 2024-01-10T12:25:33.661721, generated = 
  arg0: "ybdfeuqzbuu"

timestamp = 2024-01-10T12:25:33.662187, generated = 
  arg0: "sqofhtbvsib"

timestamp = 2024-01-10T12:25:33.662580, generated = 
  arg0: ""

timestamp = 2024-01-10T12:25:33.662994, generated = 
  arg0: ""

timestamp = 2024-01-10T12:25:33.663600, generated = 
  arg0: "iruzvfix"

timestamp = 2024-01-10T12:25:33.664058, generated = 
  arg0: "ez"

timestamp = 2024-01-10T12:25:33.664562, generated = 
  arg0: "zckoqec"

timestamp = 2024-01-10T12:25:33.664969, generated = 
  arg0: ""

timestamp = 2024-01-10T12:25:33.665419, generated = 
  arg0: "aclfibpdnvbqxr"

timestamp = 2024-01-10T12:25:33.665887, generated = 
  arg0: "ldbngyspp"

timestamp = 2024-01-10T12:25:33.666356, generated = 
  arg0: "gneg"

timestamp = 2024-01-10T12:25:33.666808, generated = 
  arg0: "keteklphfdl"

timestamp = 2024-01-10T12:25:33.667260, generated = 
  arg0: "gmbzxtarjsnu"

timestamp = 2024-01-10T12:25:33.667844, generated = 
  arg0: "cfitjkk"

timestamp = 2024-01-10T12:25:33.668348, generated = 
  arg0: "alg"

timestamp = 2024-01-10T12:25:33.668821, generated = 
  arg0: "veqk"

timestamp = 2024-01-10T12:25:33.670020, generated = 
  arg0: "sjfvmbu"

timestamp = 2024-01-10T12:25:33.670553, generated = 
  arg0: "b"

timestamp = 2024-01-10T12:25:33.671050, generated = 
  arg0: "lqrxjpsvbbyiwp"

timestamp = 2024-01-10T12:25:33.671535, generated = 
  arg0: "zv"

timestamp = 2024-01-10T12:25:33.672028, generated = 
  arg0: "lrqmpfvzqkf"

timestamp = 2024-01-10T12:25:33.672529, generated = 
  arg0: "fa"

timestamp = 2024-01-10T12:25:33.672988, generated = 
  arg0: "jgnnvbucxeoflkm"

timestamp = 2024-01-10T12:25:33.673453, generated = 
  arg0: "iwtzhmcjlzra"

timestamp = 2024-01-10T12:25:33.673927, generated = 
  arg0: "tgpesayxcrqt"

timestamp = 2024-01-10T12:25:33.674448, generated = 
  arg0: "xbslnsy"

timestamp = 2024-01-10T12:25:33.674886, generated = 
  arg0: "y"

timestamp = 2024-01-10T12:25:33.675407, generated = 
  arg0: "ssusfdty"

timestamp = 2024-01-10T12:25:33.675882, generated = 
  arg0: "m"

timestamp = 2024-01-10T12:25:33.676305, generated = 
  arg0: "hby"

timestamp = 2024-01-10T12:25:33.676711, generated = 
  arg0: ""

timestamp = 2024-01-10T12:25:33.677262, generated = 
  arg0: "rmclmvsuwfhm"

timestamp = 2024-01-10T12:25:33.677742, generated = 
  arg0: ""

timestamp = 2024-01-10T12:25:33.678202, generated = 
  arg0: ""

timestamp = 2024-01-10T12:25:33.678746, generated = 
  arg0: ""

timestamp = 2024-01-10T12:25:33.679253, generated = 
  arg0: "whrkwoblrv"

timestamp = 2024-01-10T12:25:33.679726, generated = 
  arg0: "uhbdfra"

timestamp = 2024-01-10T12:25:33.680326, generated = 
  arg0: "a"

timestamp = 2024-01-10T12:25:33.680980, generated = 
  arg0: "z"

timestamp = 2024-01-10T12:25:33.681501, generated = 
  arg0: "gmzfq"

timestamp = 2024-01-10T12:25:33.682022, generated = 
  arg0: "hgimefmr"

timestamp = 2024-01-10T12:25:33.682542, generated = 
  arg0: "vdgvjppgl"

timestamp = 2024-01-10T12:25:33.682978, generated = 
  arg0: "cmwrnwtwodezpw"

timestamp = 2024-01-10T12:25:33.683470, generated = 
  arg0: "hupdtcjavmo"

timestamp = 2024-01-10T12:25:33.683956, generated = 
  arg0: "uleavhqry"

timestamp = 2024-01-10T12:25:33.684458, generated = 
  arg0: "ezgjkrqneqq"

timestamp = 2024-01-10T12:25:33.684889, generated = 
  arg0: "xogjzj"

timestamp = 2024-01-10T12:25:33.685348, generated = 
  arg0: "hwwgfupuk"

timestamp = 2024-01-10T12:25:33.685949, generated = 
  arg0: "dldjilxrhtvo"

timestamp = 2024-01-10T12:25:33.686412, generated = 
  arg0: "jollkudujbvd"

timestamp = 2024-01-10T12:25:33.687294, generated = 
  arg0: "bhr"

timestamp = 2024-01-10T12:25:33.687915, generated = 
  arg0: "wgqurb"

timestamp = 2024-01-10T12:25:33.688565, generated = 
  arg0: "egthhnpzx"

timestamp = 2024-01-10T12:25:33.689123, generated = 
  arg0: "ygvnthkzxmax"

timestamp = 2024-01-10T12:25:33.689796, generated = 
  arg0: "z"

timestamp = 2024-01-10T12:25:33.690278, generated = 
  arg0: "ah"

timestamp = 2024-01-10T12:25:33.690992, generated = 
  arg0: "bpzvlzhdmqowex"

timestamp = 2024-01-10T12:25:33.691565, generated = 
  arg0: "xiev"

timestamp = 2024-01-10T12:25:33.691980, generated = 
  arg0: "ayxqe"

timestamp = 2024-01-10T12:25:33.692669, generated = 
  arg0: "xbupmzprgykol"

timestamp = 2024-01-10T12:25:33.693317, generated = 
  arg0: "vwpwcicazxf"

timestamp = 2024-01-10T12:25:33.693820, generated = 
  arg0: "vqxdkgdjte"

timestamp = 2024-01-10T12:25:33.694472, generated = 
  arg0: "erkwd"

timestamp = 2024-01-10T12:25:33.695141, generated = 
  arg0: "xmyzahxuqic"

timestamp = 2024-01-10T12:25:33.695586, generated = 
  arg0: "gxacqhduegwrrd"

timestamp = 2024-01-10T12:25:33.696198, generated = 
  arg0: "sdmsnedf"

timestamp = 2024-01-10T12:25:33.696730, generated = 
  arg0: "njghdueo"

timestamp = 2024-01-10T12:25:33.697300, generated = 
  arg0: "khynjfaswwdgirl"

timestamp = 2024-01-10T12:25:33.697866, generated = 
  arg0: ""

timestamp = 2024-01-10T12:25:33.698513, generated = 
  arg0: "zbmvioafd"

timestamp = 2024-01-10T12:25:33.699093, generated = 
  arg0: "wjhtgwedom"

timestamp = 2024-01-10T12:25:33.699601, generated = 
  arg0: "hdpetocitattvdq"

timestamp = 2024-01-10T12:25:33.700117, generated = 
  arg0: "gvydwaodwdhftbp"

timestamp = 2024-01-10T12:25:33.700566, generated = 
  arg0: ""

timestamp = 2024-01-10T12:25:33.700956, generated = 
  arg0: "ck"

timestamp = 2024-01-10T12:25:33.701378, generated = 
  arg0: "dg"

timestamp = 2024-01-10T12:25:33.701990, generated = 
  arg0: "wsdoqpsdpvlju"

timestamp = 2024-01-10T12:25:33.702525, generated = 
  arg0: "ufkxiccvunsl"

timestamp = 2024-01-10T12:25:33.703023, generated = 
  arg0: "khjdirjld"

timestamp = 2024-01-10T12:25:33.703539, generated = 
  arg0: "laouavpdgemlerm"

timestamp = 2024-01-10T12:25:33.704057, generated = 
  arg0: "f"

timestamp = 2024-01-10T12:25:33.704561, generated = 
  arg0: ""

timestamp = 2024-01-10T12:25:33.705136, generated = 
  arg0: "hofieynfte"

timestamp = 2024-01-10T12:25:33.705728, generated = 
  arg0: "jmzltufubvpiokd"

timestamp = 2024-01-10T12:25:33.706302, generated = 
  arg0: "efzxtui"

timestamp = 2024-01-10T12:25:33.706774, generated = 
  arg0: "m"

timestamp = 2024-01-10T12:25:33.707204, generated = 
  arg0: "gsdl"

timestamp = 2024-01-10T12:25:33.707654, generated = 
  arg0: "jvfhbc"

timestamp = 2024-01-10T12:25:33.708154, generated = 
  arg0: ""

timestamp = 2024-01-10T12:25:33.708700, generated = 
  arg0: "ofjucvqiga"

timestamp = 2024-01-10T12:25:33.709196, generated = 
  arg0: "zvbewszdcan"

timestamp = 2024-01-10T12:25:33.710190, generated = 
  arg0: "kksmshyoudr"

timestamp = 2024-01-10T12:25:33.710892, generated = 
  arg0: "iilwwvn"

timestamp = 2024-01-10T12:25:33.711436, generated = 
  arg0: "rbfklwqjyaohvoq"

timestamp = 2024-01-10T12:25:33.711883, generated = 
  arg0: "mdoi"

timestamp = 2024-01-10T12:25:33.712350, generated = 
  arg0: "ggkleiyb"

timestamp = 2024-01-10T12:25:33.712839, generated = 
  arg0: "juobwknnxvwdfu"

timestamp = 2024-01-10T12:25:33.713481, generated = 
  arg0: "finefwkuavtmww"

timestamp = 2024-01-10T12:25:33.714082, generated = 
  arg0: "fycgeqehb"

timestamp = 2024-01-10T12:25:33.714679, generated = 
  arg0: "rgxf"

timestamp = 2024-01-10T12:25:33.715188, generated = 
  arg0: "dofbwcxy"

timestamp = 2024-01-10T12:25:33.715793, generated = 
  arg0: "fylfkgmofab"

timestamp = 2024-01-10T12:25:33.716285, generated = 
  arg0: "chczoebvnpoguke"

timestamp = 2024-01-10T12:25:33.716771, generated = 
  arg0: "verdzxio"

timestamp = 2024-01-10T12:25:33.717351, generated = 
  arg0: "pjtietfjxxaklzl"

timestamp = 2024-01-10T12:25:33.717781, generated = 
  arg0: "wvbyqmbawk"

timestamp = 2024-01-10T12:25:33.718142, generated = 
  arg0: "uyzhsygta"

timestamp = 2024-01-10T12:25:33.718569, generated = 
  arg0: "a"

timestamp = 2024-01-10T12:25:33.719008, generated = 
  arg0: "ze"

timestamp = 2024-01-10T12:25:33.719516, generated = 
  arg0: "nkojrx"

timestamp = 2024-01-10T12:25:33.719940, generated = 
  arg0: "quvs"

timestamp = 2024-01-10T12:25:33.720345, generated = 
  arg0: ""

timestamp = 2024-01-10T12:25:33.720846, generated = 
  arg0: "egskfvdkrstyxuz"

timestamp = 2024-01-10T12:25:33.721270, generated = 
  arg0: "fjypjlhtxbmu"

timestamp = 2024-01-10T12:25:33.721750, generated = 
  arg0: "xxqguo"

timestamp = 2024-01-10T12:25:33.722301, generated = 
  arg0: "pf"

timestamp = 2024-01-10T12:25:33.722777, generated = 
  arg0: "pzaodqtxmu"

timestamp = 2024-01-10T12:25:33.723216, generated = 
  arg0: "vcvdvntxwkiaaj"

timestamp = 2024-01-10T12:25:33.723738, generated = 
  arg0: "qgjdmwlrdglazm"

timestamp = 2024-01-10T12:25:33.724304, generated = 
  arg0: "yyhzoelk"

timestamp = 2024-01-10T12:25:33.724899, generated = 
  arg0: "jubivqpkmmlct"

timestamp = 2024-01-10T12:25:33.725440, generated = 
  arg0: "fucgsd"

timestamp = 2024-01-10T12:25:33.726067, generated = 
  arg0: "xdzlzhzlevgxyc"

timestamp = 2024-01-10T12:25:33.726616, generated = 
  arg0: "xpkh"

timestamp = 2024-01-10T12:25:33.727043, generated = 
  arg0: "vazjlqyatf"

timestamp = 2024-01-10T12:25:33.728091, generated = 
  arg0: "oqzqgofrp"

timestamp = 2024-01-10T12:25:33.728537, generated = 
  arg0: "i"

timestamp = 2024-01-10T12:25:33.728981, generated = 
  arg0: "zhfagndhbmhli"

timestamp = 2024-01-10T12:25:33.729389, generated = 
  arg0: "zeoarbcuax"

timestamp = 2024-01-10T12:25:33.729979, generated = 
  arg0: "pnsrkxcvak"

timestamp = 2024-01-10T12:25:33.730561, generated = 
  arg0: "rysrduzw"

timestamp = 2024-01-10T12:25:33.731141, generated = 
  arg0: "zuu"

timestamp = 2024-01-10T12:25:33.731627, generated = 
  arg0: "kmmcewmykqq"

timestamp = 2024-01-10T12:25:33.732092, generated = 
  arg0: "a"

timestamp = 2024-01-10T12:25:33.732518, generated = 
  arg0: "a"

timestamp = 2024-01-10T12:25:33.732989, generated = 
  arg0: "eiv"

timestamp = 2024-01-10T12:25:33.733492, generated = 
  arg0: "aybwelr"

timestamp = 2024-01-10T12:25:33.733974, generated = 
  arg0: "vyflynmteb"

timestamp = 2024-01-10T12:25:33.734517, generated = 
  arg0: ""

timestamp = 2024-01-10T12:25:33.735081, generated = 
  arg0: "agdugstqfhv"

timestamp = 2024-01-10T12:25:33.735521, generated = 
  arg0: "dp"

timestamp = 2024-01-10T12:25:33.735987, generated = 
  arg0: "vdeqyfgwxxum"

timestamp = 2024-01-10T12:25:33.736548, generated = 
  arg0: "zrajo"

timestamp = 2024-01-10T12:25:33.737016, generated = 
  arg0: "bzf"

timestamp = 2024-01-10T12:25:33.737540, generated = 
  arg0: "pnaftbhwdsj"

timestamp = 2024-01-10T12:25:33.738122, generated = 
  arg0: "ndvnchbtpzce"

timestamp = 2024-01-10T12:25:33.739132, generated = 
  arg0: "sfcjctgpz"

timestamp = 2024-01-10T12:25:33.740211, generated = 
  arg0: "ngmohlgnpoxpqht"

timestamp = 2024-01-10T12:25:33.740745, generated = 
  arg0: "p"

timestamp = 2024-01-10T12:25:33.741177, generated = 
  arg0: "uqe"

timestamp = 2024-01-10T12:25:33.741733, generated = 
  arg0: "juy"

timestamp = 2024-01-10T12:25:33.742327, generated = 
  arg0: "kequmutps"

timestamp = 2024-01-10T12:25:33.742754, generated = 
  arg0: "bwz"

timestamp = 2024-01-10T12:25:33.743219, generated = 
  arg0: "mbvxc"

timestamp = 2024-01-10T12:25:33.743692, generated = 
  arg0: "gtrlxuhri"

timestamp = 2024-01-10T12:25:33.744124, generated = 
  arg0: "wvkwsiemwnni"

timestamp = 2024-01-10T12:25:33.744571, generated = 
  arg0: ""

timestamp = 2024-01-10T12:25:33.745076, generated = 
  arg0: "pgoitkcusgruq"

timestamp = 2024-01-10T12:25:33.745548, generated = 
  arg0: "zxaubisxj"

timestamp = 2024-01-10T12:25:33.746222, generated = 
  arg0: "wbgmsc"

timestamp = 2024-01-10T12:25:33.746823, generated = 
  arg0: "quphwdiwjcvtbm"

timestamp = 2024-01-10T12:25:33.747430, generated = 
  arg0: "jhlsmphjml"

timestamp = 2024-01-10T12:25:33.747938, generated = 
  arg0: "gtkwagrpljmlz"

timestamp = 2024-01-10T12:25:33.748399, generated = 
  arg0: "hgcebvxa"

timestamp = 2024-01-10T12:25:33.765411, [LetterOrderCheckerTest:invalidCase] (1000) Vuota = 
    false (926) : 93 %
    true  ( 74) :  7 %

timestamp = 2024-01-10T12:25:33.765906, [LetterOrderCheckerTest:invalidCase] (1000) Lunghezza 1 = 
    false (899) : 90 %
    true  (101) : 10 %

timestamp = 2024-01-10T12:25:33.766407, [LetterOrderCheckerTest:invalidCase] (1000) Contiene first e second letter = 
    false (936) : 94 %
    true  ( 64) :  6 %

timestamp = 2024-01-10T12:25:33.767018, [LetterOrderCheckerTest:invalidCase] (1000) Risultato = 
    false (973) : 97 %
    true  ( 27) :  3 %

timestamp = 2024-01-10T12:25:33.775790, LetterOrderCheckerTest:invalidCase = 
                              |-----------------------jqwik-----------------------
tries = 1000                  | # of calls to property
checks = 1000                 | # of not rejected calls
generation = RANDOMIZED       | parameters are randomly generated
after-failure = SAMPLE_FIRST  | try previously failed sample, then previous seed
when-fixed-seed = ALLOW       | fixing the random seed is allowed
edge-cases#mode = MIXIN       | edge cases are mixed in
edge-cases#total = 3          | # of all combined edge cases
edge-cases#tried = 3          | # of edge cases tried in current run
seed = 3064841257322284594    | random seed to reproduce generated values


timestamp = 2024-01-10T12:25:33.790595, generated = 
  arg0: "ciybup"

timestamp = 2024-01-10T12:25:33.816661, generated = 
  arg0: "si"

timestamp = 2024-01-10T12:25:33.817298, generated = 
  arg0: "gkrnpmrnplb"

timestamp = 2024-01-10T12:25:33.818423, generated = 
  arg0: "vi"

timestamp = 2024-01-10T12:25:33.818774, generated = 
  arg0: "swojhlupwjjlqm"

timestamp = 2024-01-10T12:25:33.820636, generated = 
  arg0: "jswnx"

timestamp = 2024-01-10T12:25:33.821454, generated = 
  arg0: "hwfdevmjdcvofe"

timestamp = 2024-01-10T12:25:33.824384, generated = 
  arg0: "mxpmpkqqxu"

timestamp = 2024-01-10T12:25:33.825161, generated = 
  arg0: "flwnkdei"

timestamp = 2024-01-10T12:25:33.826054, generated = 
  arg0: "bn"

timestamp = 2024-01-10T12:25:33.826630, generated = 
  arg0: "qopesngwch"

timestamp = 2024-01-10T12:25:33.827223, generated = 
  arg0: "bb"

timestamp = 2024-01-10T12:25:33.827753, generated = 
  arg0: "ydxnjmilpwulvqc"

timestamp = 2024-01-10T12:25:33.828708, generated = 
  arg0: "jxibff"

timestamp = 2024-01-10T12:25:33.829255, generated = 
  arg0: "tiwrjiihejjtscq"

timestamp = 2024-01-10T12:25:33.829953, generated = 
  arg0: "ylyw"

timestamp = 2024-01-10T12:25:33.831365, generated = 
  arg0: "yy"

timestamp = 2024-01-10T12:25:33.832420, generated = 
  arg0: "eto"

timestamp = 2024-01-10T12:25:33.841401, generated = 
  arg0: "qpbwbt"

timestamp = 2024-01-10T12:25:33.842199, generated = 
  arg0: "lregfqqvxdqxon"

timestamp = 2024-01-10T12:25:33.843119, generated = 
  arg0: "usn"

timestamp = 2024-01-10T12:25:33.843906, generated = 
  arg0: "gqheuvegxsl"

timestamp = 2024-01-10T12:25:33.844667, generated = 
  arg0: "njefvfqnlo"

timestamp = 2024-01-10T12:25:33.845444, generated = 
  arg0: "ftfsijscv"

timestamp = 2024-01-10T12:25:33.846611, generated = 
  arg0: "ntwmqo"

timestamp = 2024-01-10T12:25:33.847348, generated = 
  arg0: "brcnv"

timestamp = 2024-01-10T12:25:33.848078, generated = 
  arg0: "lvd"

timestamp = 2024-01-10T12:25:33.848711, generated = 
  arg0: "qt"

timestamp = 2024-01-10T12:25:33.850517, generated = 
  arg0: "ggnvcevhl"

timestamp = 2024-01-10T12:25:33.851456, generated = 
  arg0: "itkgcbij"

timestamp = 2024-01-10T12:25:33.852359, generated = 
  arg0: "hg"

timestamp = 2024-01-10T12:25:33.853082, generated = 
  arg0: "lxtefkp"

timestamp = 2024-01-10T12:25:33.854081, generated = 
  arg0: "yhtoqsiv"

timestamp = 2024-01-10T12:25:33.854593, generated = 
  arg0: "ofgd"

timestamp = 2024-01-10T12:25:33.855279, generated = 
  arg0: "vjuqkhorsticfj"

timestamp = 2024-01-10T12:25:33.856270, generated = 
  arg0: "vsuolkrkwvgboe"

timestamp = 2024-01-10T12:25:33.857021, generated = 
  arg0: "xojydviji"

timestamp = 2024-01-10T12:25:33.857701, generated = 
  arg0: "mdvdvn"

timestamp = 2024-01-10T12:25:33.858303, generated = 
  arg0: "goc"

timestamp = 2024-01-10T12:25:33.858948, generated = 
  arg0: "mjvtobrip"

timestamp = 2024-01-10T12:25:33.859776, generated = 
  arg0: "nysxhrhcv"

timestamp = 2024-01-10T12:25:33.860508, generated = 
  arg0: "hscprlyrj"

timestamp = 2024-01-10T12:25:33.861246, generated = 
  arg0: "vdultesnwxhsxv"

timestamp = 2024-01-10T12:25:33.861953, generated = 
  arg0: "liitkomkelbmtno"

timestamp = 2024-01-10T12:25:33.862426, generated = 
  arg0: "dlyumfgcxp"

timestamp = 2024-01-10T12:25:33.863125, generated = 
  arg0: "rckyd"

timestamp = 2024-01-10T12:25:33.863729, generated = 
  arg0: "vtniysculjgfhvp"

timestamp = 2024-01-10T12:25:33.864657, generated = 
  arg0: "vhildsythdhupq"

timestamp = 2024-01-10T12:25:33.865365, generated = 
  arg0: "lwnuqblevjmvhh"

timestamp = 2024-01-10T12:25:33.866015, generated = 
  arg0: "ulio"

timestamp = 2024-01-10T12:25:33.867151, generated = 
  arg0: "vhpb"

timestamp = 2024-01-10T12:25:33.868195, generated = 
  arg0: "liflcnywvufgqbq"

timestamp = 2024-01-10T12:25:33.868996, generated = 
  arg0: "mhfpmmckduktm"

timestamp = 2024-01-10T12:25:33.870175, generated = 
  arg0: "ilooeoouyhjuv"

timestamp = 2024-01-10T12:25:33.870782, generated = 
  arg0: "eklgnurkom"

timestamp = 2024-01-10T12:25:33.871521, generated = 
  arg0: "yd"

timestamp = 2024-01-10T12:25:33.871995, generated = 
  arg0: "rlw"

timestamp = 2024-01-10T12:25:33.872741, generated = 
  arg0: "ikrrjjxpwxcmf"

timestamp = 2024-01-10T12:25:33.873511, generated = 
  arg0: "bshlqhvg"

timestamp = 2024-01-10T12:25:33.874132, generated = 
  arg0: "fjskg"

timestamp = 2024-01-10T12:25:33.874876, generated = 
  arg0: "kn"

timestamp = 2024-01-10T12:25:33.875311, generated = 
  arg0: "keqqb"

timestamp = 2024-01-10T12:25:33.875933, generated = 
  arg0: "tjndxomd"

timestamp = 2024-01-10T12:25:33.876606, generated = 
  arg0: "dkclo"

timestamp = 2024-01-10T12:25:33.877204, generated = 
  arg0: "ytfthdkysuhp"

timestamp = 2024-01-10T12:25:33.878124, generated = 
  arg0: "rk"

timestamp = 2024-01-10T12:25:33.878796, generated = 
  arg0: "geenrktkdqwvfqv"

timestamp = 2024-01-10T12:25:33.879468, generated = 
  arg0: "xnuwt"

timestamp = 2024-01-10T12:25:33.880158, generated = 
  arg0: "gtn"

timestamp = 2024-01-10T12:25:33.881025, generated = 
  arg0: "nwu"

timestamp = 2024-01-10T12:25:33.881697, generated = 
  arg0: "sgpnnwydmbvdwix"

timestamp = 2024-01-10T12:25:33.882439, generated = 
  arg0: "wxiilikophndg"

timestamp = 2024-01-10T12:25:33.883222, generated = 
  arg0: "woygsle"

timestamp = 2024-01-10T12:25:33.883802, generated = 
  arg0: "vrktusm"

timestamp = 2024-01-10T12:25:33.884434, generated = 
  arg0: "lbpqwtgr"

timestamp = 2024-01-10T12:25:33.885085, generated = 
  arg0: "dkdjrnoofgxwip"

timestamp = 2024-01-10T12:25:33.885765, generated = 
  arg0: "ywenqxw"

timestamp = 2024-01-10T12:25:33.886270, generated = 
  arg0: "lqcvvujmped"

timestamp = 2024-01-10T12:25:33.886835, generated = 
  arg0: "gfevwdsrk"

timestamp = 2024-01-10T12:25:33.887325, generated = 
  arg0: "bbbh"

timestamp = 2024-01-10T12:25:33.887832, generated = 
  arg0: "lil"

timestamp = 2024-01-10T12:25:33.888322, generated = 
  arg0: "vgeukgjqipcoch"

timestamp = 2024-01-10T12:25:33.889114, generated = 
  arg0: "cqrsncm"

timestamp = 2024-01-10T12:25:33.890018, generated = 
  arg0: "lhvqp"

timestamp = 2024-01-10T12:25:33.891238, generated = 
  arg0: "rnm"

timestamp = 2024-01-10T12:25:33.891931, generated = 
  arg0: "oecgvigiqbhucq"

timestamp = 2024-01-10T12:25:33.892560, generated = 
  arg0: "yy"

timestamp = 2024-01-10T12:25:33.893019, generated = 
  arg0: "ghhufpyug"

timestamp = 2024-01-10T12:25:33.893666, generated = 
  arg0: "vtmbhpntb"

timestamp = 2024-01-10T12:25:33.894165, generated = 
  arg0: "lqiounsbdmynpxu"

timestamp = 2024-01-10T12:25:33.894749, generated = 
  arg0: "ihgsfegiyw"

timestamp = 2024-01-10T12:25:33.895439, generated = 
  arg0: "tsswir"

timestamp = 2024-01-10T12:25:33.896052, generated = 
  arg0: "ldvcp"

timestamp = 2024-01-10T12:25:33.896632, generated = 
  arg0: "tnldddgexekjvf"

timestamp = 2024-01-10T12:25:33.897178, generated = 
  arg0: "udnppqyl"

timestamp = 2024-01-10T12:25:33.897919, generated = 
  arg0: "hf"

timestamp = 2024-01-10T12:25:33.898324, generated = 
  arg0: "gvpmyiq"

timestamp = 2024-01-10T12:25:33.898972, generated = 
  arg0: "btyrnictotj"

timestamp = 2024-01-10T12:25:33.899637, generated = 
  arg0: "uccpwtsl"

timestamp = 2024-01-10T12:25:33.900251, generated = 
  arg0: "gtpt"

timestamp = 2024-01-10T12:25:33.900940, generated = 
  arg0: "eevubunj"

timestamp = 2024-01-10T12:25:33.901535, generated = 
  arg0: "mfppolnkyr"

timestamp = 2024-01-10T12:25:33.902201, generated = 
  arg0: "xmndcrxvcbdrcn"

timestamp = 2024-01-10T12:25:33.902863, generated = 
  arg0: "pdc"

timestamp = 2024-01-10T12:25:33.903471, generated = 
  arg0: "ri"

timestamp = 2024-01-10T12:25:33.903964, generated = 
  arg0: "yy"

timestamp = 2024-01-10T12:25:33.904462, generated = 
  arg0: "hslfudnwesw"

timestamp = 2024-01-10T12:25:33.905072, generated = 
  arg0: "neiw"

timestamp = 2024-01-10T12:25:33.905616, generated = 
  arg0: "hqgljpninoyds"

timestamp = 2024-01-10T12:25:33.906264, generated = 
  arg0: "sboeetfkbhtnvk"

timestamp = 2024-01-10T12:25:33.906976, generated = 
  arg0: "pi"

timestamp = 2024-01-10T12:25:33.908311, generated = 
  arg0: "dj"

timestamp = 2024-01-10T12:25:33.908887, generated = 
  arg0: "jijc"

timestamp = 2024-01-10T12:25:33.909412, generated = 
  arg0: "jiolg"

timestamp = 2024-01-10T12:25:33.910013, generated = 
  arg0: "yy"

timestamp = 2024-01-10T12:25:33.910444, generated = 
  arg0: "tws"

timestamp = 2024-01-10T12:25:33.911030, generated = 
  arg0: "piwrey"

timestamp = 2024-01-10T12:25:33.911429, generated = 
  arg0: "gqojxc"

timestamp = 2024-01-10T12:25:33.912097, generated = 
  arg0: "vphh"

timestamp = 2024-01-10T12:25:33.912727, generated = 
  arg0: "wcnfsn"

timestamp = 2024-01-10T12:25:33.913520, generated = 
  arg0: "qwre"

timestamp = 2024-01-10T12:25:33.914118, generated = 
  arg0: "rbclqxjuvsgidnw"

timestamp = 2024-01-10T12:25:33.914800, generated = 
  arg0: "nmhmpwkvjslrgx"

timestamp = 2024-01-10T12:25:33.915368, generated = 
  arg0: "emhqffrnf"

timestamp = 2024-01-10T12:25:33.916104, generated = 
  arg0: "eoveiwwcxmqyqhj"

timestamp = 2024-01-10T12:25:33.916646, generated = 
  arg0: "hkjjsk"

timestamp = 2024-01-10T12:25:33.917286, generated = 
  arg0: "yy"

timestamp = 2024-01-10T12:25:33.917948, generated = 
  arg0: "igugcfrj"

timestamp = 2024-01-10T12:25:33.918745, generated = 
  arg0: "xoxljsmpi"

timestamp = 2024-01-10T12:25:33.920006, generated = 
  arg0: "sccoyqcxo"

timestamp = 2024-01-10T12:25:33.920672, generated = 
  arg0: "mmun"

timestamp = 2024-01-10T12:25:33.921077, generated = 
  arg0: "vndwbuc"

timestamp = 2024-01-10T12:25:33.921577, generated = 
  arg0: "gcyolqbbjtx"

timestamp = 2024-01-10T12:25:33.922167, generated = 
  arg0: "yctgprlitrl"

timestamp = 2024-01-10T12:25:33.922714, generated = 
  arg0: "tjes"

timestamp = 2024-01-10T12:25:33.923304, generated = 
  arg0: "xhw"

timestamp = 2024-01-10T12:25:33.923894, generated = 
  arg0: "gqxrkgmvhw"

timestamp = 2024-01-10T12:25:33.924453, generated = 
  arg0: "bnohkrkjtlgnfsw"

timestamp = 2024-01-10T12:25:33.925036, generated = 
  arg0: "yy"

timestamp = 2024-01-10T12:25:33.925462, generated = 
  arg0: "pvtfqifjqoict"

timestamp = 2024-01-10T12:25:33.926078, generated = 
  arg0: "nfhbf"

timestamp = 2024-01-10T12:25:33.926626, generated = 
  arg0: "jibtterftkod"

timestamp = 2024-01-10T12:25:33.927415, generated = 
  arg0: "gdiltu"

timestamp = 2024-01-10T12:25:33.927971, generated = 
  arg0: "sgqf"

timestamp = 2024-01-10T12:25:33.928718, generated = 
  arg0: "nipktclckjojvl"

timestamp = 2024-01-10T12:25:33.929403, generated = 
  arg0: "ueuictjgbedv"

timestamp = 2024-01-10T12:25:33.930031, generated = 
  arg0: "iv"

timestamp = 2024-01-10T12:25:33.930890, generated = 
  arg0: "ybdifpwvokk"

timestamp = 2024-01-10T12:25:33.931617, generated = 
  arg0: "immhbm"

timestamp = 2024-01-10T12:25:33.932099, generated = 
  arg0: "dnrnwcbwdv"

timestamp = 2024-01-10T12:25:33.932742, generated = 
  arg0: "ftutdske"

timestamp = 2024-01-10T12:25:33.933317, generated = 
  arg0: "np"

timestamp = 2024-01-10T12:25:33.933900, generated = 
  arg0: "bb"

timestamp = 2024-01-10T12:25:33.934299, generated = 
  arg0: "fcedwrscuyw"

timestamp = 2024-01-10T12:25:33.934856, generated = 
  arg0: "tynqjcyc"

timestamp = 2024-01-10T12:25:33.935317, generated = 
  arg0: "lechksqlnj"

timestamp = 2024-01-10T12:25:33.935945, generated = 
  arg0: "pvdeclhponxswvc"

timestamp = 2024-01-10T12:25:33.936535, generated = 
  arg0: "rbikgbbffhoccm"

timestamp = 2024-01-10T12:25:33.937081, generated = 
  arg0: "yud"

timestamp = 2024-01-10T12:25:33.937582, generated = 
  arg0: "xpghu"

timestamp = 2024-01-10T12:25:33.938088, generated = 
  arg0: "mox"

timestamp = 2024-01-10T12:25:33.938547, generated = 
  arg0: "evqoesf"

timestamp = 2024-01-10T12:25:33.939024, generated = 
  arg0: "eflyxyb"

timestamp = 2024-01-10T12:25:33.939697, generated = 
  arg0: "hyvpcstjvxon"

timestamp = 2024-01-10T12:25:33.940235, generated = 
  arg0: "bhttswol"

timestamp = 2024-01-10T12:25:33.940776, generated = 
  arg0: "eiciykgjoesuk"

timestamp = 2024-01-10T12:25:33.941317, generated = 
  arg0: "ucs"

timestamp = 2024-01-10T12:25:33.941924, generated = 
  arg0: "srhpsvmxptgvn"

timestamp = 2024-01-10T12:25:33.942803, generated = 
  arg0: "yryrnotjbr"

timestamp = 2024-01-10T12:25:33.943414, generated = 
  arg0: "hv"

timestamp = 2024-01-10T12:25:33.943879, generated = 
  arg0: "egqhydmlxelywck"

timestamp = 2024-01-10T12:25:33.944672, generated = 
  arg0: "qmnhirfqyy"

timestamp = 2024-01-10T12:25:33.945321, generated = 
  arg0: "edrgcxhowijtqk"

timestamp = 2024-01-10T12:25:33.945821, generated = 
  arg0: "nddqhqrnto"

timestamp = 2024-01-10T12:25:33.946367, generated = 
  arg0: "ltbpi"

timestamp = 2024-01-10T12:25:33.946865, generated = 
  arg0: "vssvfdgpqsjj"

timestamp = 2024-01-10T12:25:33.947412, generated = 
  arg0: "gb"

timestamp = 2024-01-10T12:25:33.948094, generated = 
  arg0: "pswjsowelokjql"

timestamp = 2024-01-10T12:25:33.948688, generated = 
  arg0: "vg"

timestamp = 2024-01-10T12:25:33.949174, generated = 
  arg0: "hfwstvuebis"

timestamp = 2024-01-10T12:25:33.949730, generated = 
  arg0: "pcyqcxdfmhsw"

timestamp = 2024-01-10T12:25:33.950404, generated = 
  arg0: "tcifqfnggrnyl"

timestamp = 2024-01-10T12:25:33.950923, generated = 
  arg0: "pjwq"

timestamp = 2024-01-10T12:25:33.951411, generated = 
  arg0: "bb"

timestamp = 2024-01-10T12:25:33.951843, generated = 
  arg0: "riqoicrkfycj"

timestamp = 2024-01-10T12:25:33.952394, generated = 
  arg0: "klfqf"

timestamp = 2024-01-10T12:25:33.953067, generated = 
  arg0: "mkwuiqhgn"

timestamp = 2024-01-10T12:25:33.953583, generated = 
  arg0: "spycr"

timestamp = 2024-01-10T12:25:33.954091, generated = 
  arg0: "rmkn"

timestamp = 2024-01-10T12:25:33.954667, generated = 
  arg0: "hsqlhe"

timestamp = 2024-01-10T12:25:33.955255, generated = 
  arg0: "juqgkrlxbowtcbe"

timestamp = 2024-01-10T12:25:33.956010, generated = 
  arg0: "scfiflk"

timestamp = 2024-01-10T12:25:33.956547, generated = 
  arg0: "irgecf"

timestamp = 2024-01-10T12:25:33.957053, generated = 
  arg0: "yc"

timestamp = 2024-01-10T12:25:33.957398, generated = 
  arg0: "vevbh"

timestamp = 2024-01-10T12:25:33.957804, generated = 
  arg0: "yddykfoskllq"

timestamp = 2024-01-10T12:25:33.958419, generated = 
  arg0: "sfgeedvhriu"

timestamp = 2024-01-10T12:25:33.958848, generated = 
  arg0: "wwrrfebml"

timestamp = 2024-01-10T12:25:33.959818, generated = 
  arg0: "clmrwftdhnjdqph"

timestamp = 2024-01-10T12:25:33.960879, generated = 
  arg0: "wdlyd"

timestamp = 2024-01-10T12:25:33.961512, generated = 
  arg0: "snwjj"

timestamp = 2024-01-10T12:25:33.962196, generated = 
  arg0: "vdvhpgl"

timestamp = 2024-01-10T12:25:33.962647, generated = 
  arg0: "lnrpbbbklqwvkkg"

timestamp = 2024-01-10T12:25:33.963197, generated = 
  arg0: "vgpgspb"

timestamp = 2024-01-10T12:25:33.963615, generated = 
  arg0: "rjmgop"

timestamp = 2024-01-10T12:25:33.964341, generated = 
  arg0: "ycjltmovud"

timestamp = 2024-01-10T12:25:33.964761, generated = 
  arg0: "xmmxebminv"

timestamp = 2024-01-10T12:25:33.965351, generated = 
  arg0: "lfthtjlbush"

timestamp = 2024-01-10T12:25:33.965861, generated = 
  arg0: "lpcc"

timestamp = 2024-01-10T12:25:33.966368, generated = 
  arg0: "gymongpwmer"

timestamp = 2024-01-10T12:25:33.966701, generated = 
  arg0: "ipdqnfmmxflb"

timestamp = 2024-01-10T12:25:33.967081, generated = 
  arg0: "dcbtcshyoob"

timestamp = 2024-01-10T12:25:33.967595, generated = 
  arg0: "grcrhglo"

timestamp = 2024-01-10T12:25:33.967965, generated = 
  arg0: "iygnvmddkrsers"

timestamp = 2024-01-10T12:25:33.968344, generated = 
  arg0: "dytjfvvjijspgql"

timestamp = 2024-01-10T12:25:33.968969, generated = 
  arg0: "deloqpux"

timestamp = 2024-01-10T12:25:33.969343, generated = 
  arg0: "rhtpvidujqu"

timestamp = 2024-01-10T12:25:33.969901, generated = 
  arg0: "jwoqujdso"

timestamp = 2024-01-10T12:25:33.970406, generated = 
  arg0: "ivddlpwuuvhqjm"

timestamp = 2024-01-10T12:25:33.971131, generated = 
  arg0: "ub"

timestamp = 2024-01-10T12:25:33.971606, generated = 
  arg0: "ylekedrueypvi"

timestamp = 2024-01-10T12:25:33.972270, generated = 
  arg0: "ilfvsxpbcnogq"

timestamp = 2024-01-10T12:25:33.972815, generated = 
  arg0: "tje"

timestamp = 2024-01-10T12:25:33.973390, generated = 
  arg0: "utsupgutemltfs"

timestamp = 2024-01-10T12:25:33.973960, generated = 
  arg0: "oiuoitrdyn"

timestamp = 2024-01-10T12:25:33.974440, generated = 
  arg0: "uis"

timestamp = 2024-01-10T12:25:33.974939, generated = 
  arg0: "wuwgwnes"

timestamp = 2024-01-10T12:25:33.975266, generated = 
  arg0: "ouubdjbddo"

timestamp = 2024-01-10T12:25:33.975696, generated = 
  arg0: "btwpvslrjwqcnw"

timestamp = 2024-01-10T12:25:33.976212, generated = 
  arg0: "ryhtnworwgi"

timestamp = 2024-01-10T12:25:33.976695, generated = 
  arg0: "nusoxqbes"

timestamp = 2024-01-10T12:25:33.977641, generated = 
  arg0: "ihsdjmcnuwypfkt"

timestamp = 2024-01-10T12:25:33.978171, generated = 
  arg0: "qlmcwjkk"

timestamp = 2024-01-10T12:25:33.978688, generated = 
  arg0: "utlo"

timestamp = 2024-01-10T12:25:33.979176, generated = 
  arg0: "yy"

timestamp = 2024-01-10T12:25:33.979547, generated = 
  arg0: "mfuyhx"

timestamp = 2024-01-10T12:25:33.980120, generated = 
  arg0: "xfrixsnmsh"

timestamp = 2024-01-10T12:25:33.980574, generated = 
  arg0: "rmitmepmhnd"

timestamp = 2024-01-10T12:25:33.981159, generated = 
  arg0: "oiqtsmchpqusjq"

timestamp = 2024-01-10T12:25:33.981641, generated = 
  arg0: "uodbhdmdifr"

timestamp = 2024-01-10T12:25:33.982135, generated = 
  arg0: "uqtpxdjcbdc"

timestamp = 2024-01-10T12:25:33.982829, generated = 
  arg0: "sbmceyihxutybly"

timestamp = 2024-01-10T12:25:33.983362, generated = 
  arg0: "ri"

timestamp = 2024-01-10T12:25:33.983705, generated = 
  arg0: "nqwfbeiuey"

timestamp = 2024-01-10T12:25:33.984216, generated = 
  arg0: "ift"

timestamp = 2024-01-10T12:25:33.984710, generated = 
  arg0: "obxffl"

timestamp = 2024-01-10T12:25:33.985264, generated = 
  arg0: "yd"

timestamp = 2024-01-10T12:25:33.985633, generated = 
  arg0: "kcqnwkjtnrjrl"

timestamp = 2024-01-10T12:25:33.986200, generated = 
  arg0: "nxmgpwq"

timestamp = 2024-01-10T12:25:33.986690, generated = 
  arg0: "yn"

timestamp = 2024-01-10T12:25:33.987190, generated = 
  arg0: "iyvxtvnjc"

timestamp = 2024-01-10T12:25:33.987709, generated = 
  arg0: "jkmyw"

timestamp = 2024-01-10T12:25:33.988268, generated = 
  arg0: "qpwhbiecv"

timestamp = 2024-01-10T12:25:33.989184, generated = 
  arg0: "pfngnjhtgnd"

timestamp = 2024-01-10T12:25:33.989989, generated = 
  arg0: "oxyqcj"

timestamp = 2024-01-10T12:25:33.990903, generated = 
  arg0: "ft"

timestamp = 2024-01-10T12:25:33.991494, generated = 
  arg0: "phfdfc"

timestamp = 2024-01-10T12:25:33.992006, generated = 
  arg0: "pmbp"

timestamp = 2024-01-10T12:25:33.992466, generated = 
  arg0: "fqgvjmbgdp"

timestamp = 2024-01-10T12:25:33.992985, generated = 
  arg0: "eji"

timestamp = 2024-01-10T12:25:33.993543, generated = 
  arg0: "bhiclxsqsnwvb"

timestamp = 2024-01-10T12:25:33.994090, generated = 
  arg0: "qccv"

timestamp = 2024-01-10T12:25:33.994648, generated = 
  arg0: "ro"

timestamp = 2024-01-10T12:25:33.995075, generated = 
  arg0: "fsfllijyx"

timestamp = 2024-01-10T12:25:33.995719, generated = 
  arg0: "yy"

timestamp = 2024-01-10T12:25:33.996049, generated = 
  arg0: "immnrxkotu"

timestamp = 2024-01-10T12:25:33.996527, generated = 
  arg0: "nckxxxox"

timestamp = 2024-01-10T12:25:33.996901, generated = 
  arg0: "srnnpudydwnss"

timestamp = 2024-01-10T12:25:33.997380, generated = 
  arg0: "uylckg"

timestamp = 2024-01-10T12:25:33.997843, generated = 
  arg0: "ltkllqrl"

timestamp = 2024-01-10T12:25:33.998287, generated = 
  arg0: "fyjdyipnhmvnsjm"

timestamp = 2024-01-10T12:25:33.998798, generated = 
  arg0: "pcblwosfrcpgf"

timestamp = 2024-01-10T12:25:33.999515, generated = 
  arg0: "ddhlste"

timestamp = 2024-01-10T12:25:34.000142, generated = 
  arg0: "xjcbjsqq"

timestamp = 2024-01-10T12:25:34.000602, generated = 
  arg0: "rfpftsfykq"

timestamp = 2024-01-10T12:25:34.001210, generated = 
  arg0: "lpfpshssmhtwy"

timestamp = 2024-01-10T12:25:34.001544, generated = 
  arg0: "msim"

timestamp = 2024-01-10T12:25:34.001975, generated = 
  arg0: "pnx"

timestamp = 2024-01-10T12:25:34.002413, generated = 
  arg0: "vldnpnsik"

timestamp = 2024-01-10T12:25:34.002862, generated = 
  arg0: "bb"

timestamp = 2024-01-10T12:25:34.003336, generated = 
  arg0: "jumllrhqsyqvbr"

timestamp = 2024-01-10T12:25:34.003933, generated = 
  arg0: "dsxgfhvbwe"

timestamp = 2024-01-10T12:25:34.004505, generated = 
  arg0: "svwilscqxkuip"

timestamp = 2024-01-10T12:25:34.005003, generated = 
  arg0: "rgcxhpkyuy"

timestamp = 2024-01-10T12:25:34.005508, generated = 
  arg0: "wpi"

timestamp = 2024-01-10T12:25:34.006249, generated = 
  arg0: "vspbvg"

timestamp = 2024-01-10T12:25:34.006801, generated = 
  arg0: "fooknkdbnssd"

timestamp = 2024-01-10T12:25:34.007443, generated = 
  arg0: "epbtu"

timestamp = 2024-01-10T12:25:34.007979, generated = 
  arg0: "twlwoi"

timestamp = 2024-01-10T12:25:34.008587, generated = 
  arg0: "sgkub"

timestamp = 2024-01-10T12:25:34.009134, generated = 
  arg0: "wgikbecw"

timestamp = 2024-01-10T12:25:34.009620, generated = 
  arg0: "uuklkmnbk"

timestamp = 2024-01-10T12:25:34.010230, generated = 
  arg0: "kulqlr"

timestamp = 2024-01-10T12:25:34.010717, generated = 
  arg0: "nv"

timestamp = 2024-01-10T12:25:34.011111, generated = 
  arg0: "vnwptxerjndt"

timestamp = 2024-01-10T12:25:34.012236, generated = 
  arg0: "ijyusmfmcu"

timestamp = 2024-01-10T12:25:34.013111, generated = 
  arg0: "ystvws"

timestamp = 2024-01-10T12:25:34.013626, generated = 
  arg0: "htbjf"

timestamp = 2024-01-10T12:25:34.014220, generated = 
  arg0: "eydsirwmqhu"

timestamp = 2024-01-10T12:25:34.014692, generated = 
  arg0: "xknewyhru"

timestamp = 2024-01-10T12:25:34.015169, generated = 
  arg0: "sxssc"

timestamp = 2024-01-10T12:25:34.015672, generated = 
  arg0: "gujjetr"

timestamp = 2024-01-10T12:25:34.016162, generated = 
  arg0: "stopmes"

timestamp = 2024-01-10T12:25:34.016574, generated = 
  arg0: "vqdjh"

timestamp = 2024-01-10T12:25:34.017115, generated = 
  arg0: "tictgvteg"

timestamp = 2024-01-10T12:25:34.018197, generated = 
  arg0: "vgddvuvy"

timestamp = 2024-01-10T12:25:34.019020, generated = 
  arg0: "vuoghytmlm"

timestamp = 2024-01-10T12:25:34.019599, generated = 
  arg0: "yvssgqkhjrefmq"

timestamp = 2024-01-10T12:25:34.020195, generated = 
  arg0: "yxg"

timestamp = 2024-01-10T12:25:34.020828, generated = 
  arg0: "rppmhgplxdmgugu"

timestamp = 2024-01-10T12:25:34.021395, generated = 
  arg0: "igvjjmldlbpepbr"

timestamp = 2024-01-10T12:25:34.022003, generated = 
  arg0: "sd"

timestamp = 2024-01-10T12:25:34.022494, generated = 
  arg0: "yfjvnrcnrtulxcc"

timestamp = 2024-01-10T12:25:34.023389, generated = 
  arg0: "trbxmhuyy"

timestamp = 2024-01-10T12:25:34.023949, generated = 
  arg0: "xvtslohceqkbyu"

timestamp = 2024-01-10T12:25:34.024758, generated = 
  arg0: "cwrumbqrobk"

timestamp = 2024-01-10T12:25:34.025388, generated = 
  arg0: "kmxityjuqknfs"

timestamp = 2024-01-10T12:25:34.026079, generated = 
  arg0: "pntgrtbbiljw"

timestamp = 2024-01-10T12:25:34.027020, generated = 
  arg0: "mkbe"

timestamp = 2024-01-10T12:25:34.027631, generated = 
  arg0: "udmuqrnvynosy"

timestamp = 2024-01-10T12:25:34.028264, generated = 
  arg0: "nvyutqyyic"

timestamp = 2024-01-10T12:25:34.028906, generated = 
  arg0: "gohotkgwggii"

timestamp = 2024-01-10T12:25:34.030290, generated = 
  arg0: "nxbw"

timestamp = 2024-01-10T12:25:34.031103, generated = 
  arg0: "xnsvuimjegjjix"

timestamp = 2024-01-10T12:25:34.031592, generated = 
  arg0: "neb"

timestamp = 2024-01-10T12:25:34.032376, generated = 
  arg0: "yy"

timestamp = 2024-01-10T12:25:34.032926, generated = 
  arg0: "isrxl"

timestamp = 2024-01-10T12:25:34.033538, generated = 
  arg0: "rrvnceuuxom"

timestamp = 2024-01-10T12:25:34.033997, generated = 
  arg0: "swoqeu"

timestamp = 2024-01-10T12:25:34.034450, generated = 
  arg0: "jqvtjp"

timestamp = 2024-01-10T12:25:34.035494, generated = 
  arg0: "rjihbul"

timestamp = 2024-01-10T12:25:34.036161, generated = 
  arg0: "enfjm"

timestamp = 2024-01-10T12:25:34.036825, generated = 
  arg0: "tlvfjvfvytjgm"

timestamp = 2024-01-10T12:25:34.037435, generated = 
  arg0: "bchpj"

timestamp = 2024-01-10T12:25:34.037965, generated = 
  arg0: "vvtpomoefu"

timestamp = 2024-01-10T12:25:34.038528, generated = 
  arg0: "erloipexrjn"

timestamp = 2024-01-10T12:25:34.039257, generated = 
  arg0: "fkdeixyeljmy"

timestamp = 2024-01-10T12:25:34.040175, generated = 
  arg0: "qx"

timestamp = 2024-01-10T12:25:34.040508, generated = 
  arg0: "xdwf"

timestamp = 2024-01-10T12:25:34.041264, generated = 
  arg0: "iprrrnrtmyfd"

timestamp = 2024-01-10T12:25:34.041737, generated = 
  arg0: "gjhcyjrcchyf"

timestamp = 2024-01-10T12:25:34.042217, generated = 
  arg0: "jddopw"

timestamp = 2024-01-10T12:25:34.042718, generated = 
  arg0: "trnelmbuvh"

timestamp = 2024-01-10T12:25:34.043388, generated = 
  arg0: "mv"

timestamp = 2024-01-10T12:25:34.043852, generated = 
  arg0: "dfmfhrrvor"

timestamp = 2024-01-10T12:25:34.044575, generated = 
  arg0: "gdjtjkklccgcwoo"

timestamp = 2024-01-10T12:25:34.045192, generated = 
  arg0: "rvbwgr"

timestamp = 2024-01-10T12:25:34.045808, generated = 
  arg0: "cs"

timestamp = 2024-01-10T12:25:34.046146, generated = 
  arg0: "mqblr"

timestamp = 2024-01-10T12:25:34.047864, generated = 
  arg0: "ndmqtg"

timestamp = 2024-01-10T12:25:34.048440, generated = 
  arg0: "kdnvstsnj"

timestamp = 2024-01-10T12:25:34.048933, generated = 
  arg0: "cjwcpt"

timestamp = 2024-01-10T12:25:34.049940, generated = 
  arg0: "buscomw"

timestamp = 2024-01-10T12:25:34.050837, generated = 
  arg0: "lp"

timestamp = 2024-01-10T12:25:34.052918, generated = 
  arg0: "ocdiby"

timestamp = 2024-01-10T12:25:34.054067, generated = 
  arg0: "ihq"

timestamp = 2024-01-10T12:25:34.054737, generated = 
  arg0: "lvkrpbcmr"

timestamp = 2024-01-10T12:25:34.055707, generated = 
  arg0: "iiyddprksloopnu"

timestamp = 2024-01-10T12:25:34.056347, generated = 
  arg0: "ldmoykeg"

timestamp = 2024-01-10T12:25:34.056940, generated = 
  arg0: "pkvxjwtuon"

timestamp = 2024-01-10T12:25:34.057404, generated = 
  arg0: "xrg"

timestamp = 2024-01-10T12:25:34.057963, generated = 
  arg0: "pnnpw"

timestamp = 2024-01-10T12:25:34.059994, generated = 
  arg0: "cpclbmsmoeusjf"

timestamp = 2024-01-10T12:25:34.060508, generated = 
  arg0: "ghjpqpbj"

timestamp = 2024-01-10T12:25:34.061123, generated = 
  arg0: "tncxevpyoude"

timestamp = 2024-01-10T12:25:34.061848, generated = 
  arg0: "tcxsmnb"

timestamp = 2024-01-10T12:25:34.062431, generated = 
  arg0: "btuejmbhmyrv"

timestamp = 2024-01-10T12:25:34.063295, generated = 
  arg0: "fmysbcmutsxoow"

timestamp = 2024-01-10T12:25:34.064069, generated = 
  arg0: "kwkciywbuyr"

timestamp = 2024-01-10T12:25:34.065147, generated = 
  arg0: "lrksxdgf"

timestamp = 2024-01-10T12:25:34.065684, generated = 
  arg0: "mltkpdgwr"

timestamp = 2024-01-10T12:25:34.066388, generated = 
  arg0: "gu"

timestamp = 2024-01-10T12:25:34.066785, generated = 
  arg0: "pctliiusmx"

timestamp = 2024-01-10T12:25:34.067757, generated = 
  arg0: "rgd"

timestamp = 2024-01-10T12:25:34.068378, generated = 
  arg0: "bedeloubm"

timestamp = 2024-01-10T12:25:34.068946, generated = 
  arg0: "oukybhsxggqw"

timestamp = 2024-01-10T12:25:34.069489, generated = 
  arg0: "jcvllqekwwwoqh"

timestamp = 2024-01-10T12:25:34.071394, generated = 
  arg0: "boh"

timestamp = 2024-01-10T12:25:34.072180, generated = 
  arg0: "kgeihobjwfmimu"

timestamp = 2024-01-10T12:25:34.072722, generated = 
  arg0: "qjofbrokdll"

timestamp = 2024-01-10T12:25:34.073301, generated = 
  arg0: "bb"

timestamp = 2024-01-10T12:25:34.073764, generated = 
  arg0: "djejgiqrnsrusl"

timestamp = 2024-01-10T12:25:34.074411, generated = 
  arg0: "ywrwtiixgoc"

timestamp = 2024-01-10T12:25:34.075054, generated = 
  arg0: "evnlecox"

timestamp = 2024-01-10T12:25:34.076171, generated = 
  arg0: "gemxdiqhfkjqm"

timestamp = 2024-01-10T12:25:34.076773, generated = 
  arg0: "kxcgbjpwnjicln"

timestamp = 2024-01-10T12:25:34.077327, generated = 
  arg0: "jipfrj"

timestamp = 2024-01-10T12:25:34.077976, generated = 
  arg0: "rggqxqp"

timestamp = 2024-01-10T12:25:34.078775, generated = 
  arg0: "csjvjo"

timestamp = 2024-01-10T12:25:34.079360, generated = 
  arg0: "dyexqmg"

timestamp = 2024-01-10T12:25:34.079956, generated = 
  arg0: "cruos"

timestamp = 2024-01-10T12:25:34.080594, generated = 
  arg0: "owbs"

timestamp = 2024-01-10T12:25:34.081065, generated = 
  arg0: "eqxw"

timestamp = 2024-01-10T12:25:34.081904, generated = 
  arg0: "pjtjjtivn"

timestamp = 2024-01-10T12:25:34.082486, generated = 
  arg0: "vwcw"

timestamp = 2024-01-10T12:25:34.083370, generated = 
  arg0: "xoxgeidobwu"

timestamp = 2024-01-10T12:25:34.084203, generated = 
  arg0: "bb"

timestamp = 2024-01-10T12:25:34.084725, generated = 
  arg0: "mcdyktsovcpkgu"

timestamp = 2024-01-10T12:25:34.085768, generated = 
  arg0: "peflgghisqxyyjr"

timestamp = 2024-01-10T12:25:34.086455, generated = 
  arg0: "elrevkybduycst"

timestamp = 2024-01-10T12:25:34.087741, generated = 
  arg0: "uwgyi"

timestamp = 2024-01-10T12:25:34.088341, generated = 
  arg0: "kggv"

timestamp = 2024-01-10T12:25:34.089157, generated = 
  arg0: "jrgvp"

timestamp = 2024-01-10T12:25:34.090160, generated = 
  arg0: "tijorockwcg"

timestamp = 2024-01-10T12:25:34.090702, generated = 
  arg0: "bld"

timestamp = 2024-01-10T12:25:34.091320, generated = 
  arg0: "skxmjrj"

timestamp = 2024-01-10T12:25:34.091798, generated = 
  arg0: "gwimfofougpw"

timestamp = 2024-01-10T12:25:34.092435, generated = 
  arg0: "yuoyhuyyh"

timestamp = 2024-01-10T12:25:34.093478, generated = 
  arg0: "nhlubuyy"

timestamp = 2024-01-10T12:25:34.094059, generated = 
  arg0: "snicxccjkimfh"

timestamp = 2024-01-10T12:25:34.094712, generated = 
  arg0: "xoooiidvgnq"

timestamp = 2024-01-10T12:25:34.095381, generated = 
  arg0: "lhclc"

timestamp = 2024-01-10T12:25:34.095949, generated = 
  arg0: "wkpknyjxi"

timestamp = 2024-01-10T12:25:34.096804, generated = 
  arg0: "ynidnnjj"

timestamp = 2024-01-10T12:25:34.097338, generated = 
  arg0: "ct"

timestamp = 2024-01-10T12:25:34.097944, generated = 
  arg0: "ujcvvykvbidnibw"

timestamp = 2024-01-10T12:25:34.098483, generated = 
  arg0: "yggwkpdg"

timestamp = 2024-01-10T12:25:34.099257, generated = 
  arg0: "vonhoyqeivy"

timestamp = 2024-01-10T12:25:34.100246, generated = 
  arg0: "dlclethdlbwrq"

timestamp = 2024-01-10T12:25:34.100988, generated = 
  arg0: "pjyfrd"

timestamp = 2024-01-10T12:25:34.101521, generated = 
  arg0: "cgnymdixcbhki"

timestamp = 2024-01-10T12:25:34.102191, generated = 
  arg0: "xgpwudvw"

timestamp = 2024-01-10T12:25:34.102707, generated = 
  arg0: "sjrvuikginwi"

timestamp = 2024-01-10T12:25:34.103228, generated = 
  arg0: "xreejf"

timestamp = 2024-01-10T12:25:34.103881, generated = 
  arg0: "udvkfvtnj"

timestamp = 2024-01-10T12:25:34.104528, generated = 
  arg0: "dcb"

timestamp = 2024-01-10T12:25:34.105174, generated = 
  arg0: "ejbcrixmfu"

timestamp = 2024-01-10T12:25:34.105668, generated = 
  arg0: "qujrpqn"

timestamp = 2024-01-10T12:25:34.106547, generated = 
  arg0: "brshjmwbsoun"

timestamp = 2024-01-10T12:25:34.107108, generated = 
  arg0: "bvqybbdtmhrq"

timestamp = 2024-01-10T12:25:34.107636, generated = 
  arg0: "fpcfkojx"

timestamp = 2024-01-10T12:25:34.108201, generated = 
  arg0: "smkhfq"

timestamp = 2024-01-10T12:25:34.108687, generated = 
  arg0: "sqjiloblqml"

timestamp = 2024-01-10T12:25:34.109523, generated = 
  arg0: "nf"

timestamp = 2024-01-10T12:25:34.109909, generated = 
  arg0: "cqetfinvld"

timestamp = 2024-01-10T12:25:34.110835, generated = 
  arg0: "lfjqnl"

timestamp = 2024-01-10T12:25:34.111582, generated = 
  arg0: "ruytvhgvxvtxme"

timestamp = 2024-01-10T12:25:34.112586, generated = 
  arg0: "pimn"

timestamp = 2024-01-10T12:25:34.113139, generated = 
  arg0: "swsnwonccn"

timestamp = 2024-01-10T12:25:34.113879, generated = 
  arg0: "xeuktxuo"

timestamp = 2024-01-10T12:25:34.114416, generated = 
  arg0: "xhnsxiqjyy"

timestamp = 2024-01-10T12:25:34.114987, generated = 
  arg0: "iqypbmervy"

timestamp = 2024-01-10T12:25:34.115540, generated = 
  arg0: "bvgvwvtr"

timestamp = 2024-01-10T12:25:34.116369, generated = 
  arg0: "rdx"

timestamp = 2024-01-10T12:25:34.116830, generated = 
  arg0: "rnvvfo"

timestamp = 2024-01-10T12:25:34.117403, generated = 
  arg0: "pbonowm"

timestamp = 2024-01-10T12:25:34.117827, generated = 
  arg0: "ubonbfggbll"

timestamp = 2024-01-10T12:25:34.118612, generated = 
  arg0: "vsrrtsf"

timestamp = 2024-01-10T12:25:34.119071, generated = 
  arg0: "yvxrpgf"

timestamp = 2024-01-10T12:25:34.120040, generated = 
  arg0: "mwdtoyykcpp"

timestamp = 2024-01-10T12:25:34.120570, generated = 
  arg0: "whokducmytdnhs"

timestamp = 2024-01-10T12:25:34.121126, generated = 
  arg0: "yjoyvxqb"

timestamp = 2024-01-10T12:25:34.121714, generated = 
  arg0: "ybdogxsnertjqi"

timestamp = 2024-01-10T12:25:34.122827, generated = 
  arg0: "bxl"

timestamp = 2024-01-10T12:25:34.123778, generated = 
  arg0: "mrwojnlsywsbck"

timestamp = 2024-01-10T12:25:34.124552, generated = 
  arg0: "khihigf"

timestamp = 2024-01-10T12:25:34.125429, generated = 
  arg0: "tnnjiluetx"

timestamp = 2024-01-10T12:25:34.126272, generated = 
  arg0: "mdmhmgqm"

timestamp = 2024-01-10T12:25:34.126990, generated = 
  arg0: "bukcugincbhly"

timestamp = 2024-01-10T12:25:34.127423, generated = 
  arg0: "kdrl"

timestamp = 2024-01-10T12:25:34.128459, generated = 
  arg0: "cckxcydllw"

timestamp = 2024-01-10T12:25:34.128916, generated = 
  arg0: "ijrg"

timestamp = 2024-01-10T12:25:34.129425, generated = 
  arg0: "ikolyljk"

timestamp = 2024-01-10T12:25:34.129924, generated = 
  arg0: "oumksvtbfnsoq"

timestamp = 2024-01-10T12:25:34.130959, generated = 
  arg0: "gnmiyjwbvxqo"

timestamp = 2024-01-10T12:25:34.131444, generated = 
  arg0: "rlpwbhgybsp"

timestamp = 2024-01-10T12:25:34.131925, generated = 
  arg0: "mtdyhxidycl"

timestamp = 2024-01-10T12:25:34.132499, generated = 
  arg0: "ucivfkirhvs"

timestamp = 2024-01-10T12:25:34.132955, generated = 
  arg0: "vrxvgqgbdqk"

timestamp = 2024-01-10T12:25:34.133350, generated = 
  arg0: "msy"

timestamp = 2024-01-10T12:25:34.134039, generated = 
  arg0: "bylrlw"

timestamp = 2024-01-10T12:25:34.134943, generated = 
  arg0: "gpwsjrydq"

timestamp = 2024-01-10T12:25:34.135390, generated = 
  arg0: "qmorfhnnvjx"

timestamp = 2024-01-10T12:25:34.136086, generated = 
  arg0: "iovb"

timestamp = 2024-01-10T12:25:34.136556, generated = 
  arg0: "pdkotjbpg"

timestamp = 2024-01-10T12:25:34.137144, generated = 
  arg0: "ibuopem"

timestamp = 2024-01-10T12:25:34.137665, generated = 
  arg0: "bb"

timestamp = 2024-01-10T12:25:34.138168, generated = 
  arg0: "yuebkmnrv"

timestamp = 2024-01-10T12:25:34.138813, generated = 
  arg0: "htlchgn"

timestamp = 2024-01-10T12:25:34.140302, generated = 
  arg0: "hiuepvhlbrtejs"

timestamp = 2024-01-10T12:25:34.141042, generated = 
  arg0: "hjphbkqjtf"

timestamp = 2024-01-10T12:25:34.141586, generated = 
  arg0: "bb"

timestamp = 2024-01-10T12:25:34.142201, generated = 
  arg0: "mjylobdqi"

timestamp = 2024-01-10T12:25:34.142746, generated = 
  arg0: "rybd"

timestamp = 2024-01-10T12:25:34.143219, generated = 
  arg0: "veeyfvl"

timestamp = 2024-01-10T12:25:34.143722, generated = 
  arg0: "uhseqnh"

timestamp = 2024-01-10T12:25:34.144223, generated = 
  arg0: "ye"

timestamp = 2024-01-10T12:25:34.144706, generated = 
  arg0: "hutpd"

timestamp = 2024-01-10T12:25:34.145298, generated = 
  arg0: "lvndljdhpcy"

timestamp = 2024-01-10T12:25:34.145819, generated = 
  arg0: "lxvhcfnjyunek"

timestamp = 2024-01-10T12:25:34.146156, generated = 
  arg0: "joci"

timestamp = 2024-01-10T12:25:34.146507, generated = 
  arg0: "tyl"

timestamp = 2024-01-10T12:25:34.146963, generated = 
  arg0: "cwkduso"

timestamp = 2024-01-10T12:25:34.147339, generated = 
  arg0: "ej"

timestamp = 2024-01-10T12:25:34.147709, generated = 
  arg0: "gdiqqqfmgrhf"

timestamp = 2024-01-10T12:25:34.148070, generated = 
  arg0: "ud"

timestamp = 2024-01-10T12:25:34.148449, generated = 
  arg0: "okfoetjwk"

timestamp = 2024-01-10T12:25:34.148857, generated = 
  arg0: "getsumveet"

timestamp = 2024-01-10T12:25:34.149358, generated = 
  arg0: "drjeorpybrlf"

timestamp = 2024-01-10T12:25:34.149840, generated = 
  arg0: "xuonnnxrwlpof"

timestamp = 2024-01-10T12:25:34.150208, generated = 
  arg0: "usuvkd"

timestamp = 2024-01-10T12:25:34.150691, generated = 
  arg0: "qkrrhshje"

timestamp = 2024-01-10T12:25:34.151328, generated = 
  arg0: "fslbrffivroi"

timestamp = 2024-01-10T12:25:34.151804, generated = 
  arg0: "om"

timestamp = 2024-01-10T12:25:34.152241, generated = 
  arg0: "eh"

timestamp = 2024-01-10T12:25:34.152623, generated = 
  arg0: "juftgbndphbwplw"

timestamp = 2024-01-10T12:25:34.153117, generated = 
  arg0: "whjnxkxs"

timestamp = 2024-01-10T12:25:34.153501, generated = 
  arg0: "eubnsgxtixgrnpb"

timestamp = 2024-01-10T12:25:34.153927, generated = 
  arg0: "nfokgnyw"

timestamp = 2024-01-10T12:25:34.154301, generated = 
  arg0: "nemxmpjde"

timestamp = 2024-01-10T12:25:34.154793, generated = 
  arg0: "svfvbqheikiiyh"

timestamp = 2024-01-10T12:25:34.155261, generated = 
  arg0: "twhbogwfutip"

timestamp = 2024-01-10T12:25:34.155715, generated = 
  arg0: "egdcpopxub"

timestamp = 2024-01-10T12:25:34.156289, generated = 
  arg0: "rbtbbtb"

timestamp = 2024-01-10T12:25:34.156832, generated = 
  arg0: "yvndgdu"

timestamp = 2024-01-10T12:25:34.157533, generated = 
  arg0: "wunc"

timestamp = 2024-01-10T12:25:34.158072, generated = 
  arg0: "teokqs"

timestamp = 2024-01-10T12:25:34.158539, generated = 
  arg0: "bsschy"

timestamp = 2024-01-10T12:25:34.158935, generated = 
  arg0: "vmbyoj"

timestamp = 2024-01-10T12:25:34.159511, generated = 
  arg0: "ro"

timestamp = 2024-01-10T12:25:34.159950, generated = 
  arg0: "cevu"

timestamp = 2024-01-10T12:25:34.160443, generated = 
  arg0: "yy"

timestamp = 2024-01-10T12:25:34.160786, generated = 
  arg0: "hcsiqk"

timestamp = 2024-01-10T12:25:34.161447, generated = 
  arg0: "etwlprxxlhkyhs"

timestamp = 2024-01-10T12:25:34.161868, generated = 
  arg0: "odwencdjg"

timestamp = 2024-01-10T12:25:34.162291, generated = 
  arg0: "qpebcndidxmdj"

timestamp = 2024-01-10T12:25:34.162792, generated = 
  arg0: "wqpycbct"

timestamp = 2024-01-10T12:25:34.163366, generated = 
  arg0: "jjwpkflmiyiirfb"

timestamp = 2024-01-10T12:25:34.163708, generated = 
  arg0: "pxccgre"

timestamp = 2024-01-10T12:25:34.164133, generated = 
  arg0: "usovdnmejjexbpb"

timestamp = 2024-01-10T12:25:34.164474, generated = 
  arg0: "vrswe"

timestamp = 2024-01-10T12:25:34.165011, generated = 
  arg0: "llymujh"

timestamp = 2024-01-10T12:25:34.165433, generated = 
  arg0: "tphikelfsikir"

timestamp = 2024-01-10T12:25:34.165842, generated = 
  arg0: "gkdmob"

timestamp = 2024-01-10T12:25:34.166309, generated = 
  arg0: "uevrgh"

timestamp = 2024-01-10T12:25:34.166851, generated = 
  arg0: "kejcqplhussfvs"

timestamp = 2024-01-10T12:25:34.167155, generated = 
  arg0: "isidbnvmev"

timestamp = 2024-01-10T12:25:34.167647, generated = 
  arg0: "ku"

timestamp = 2024-01-10T12:25:34.168090, generated = 
  arg0: "pmykrbnlklvrxw"

timestamp = 2024-01-10T12:25:34.169047, generated = 
  arg0: "borokpt"

timestamp = 2024-01-10T12:25:34.169634, generated = 
  arg0: "nfigusifnjvie"

timestamp = 2024-01-10T12:25:34.170230, generated = 
  arg0: "etrljmxi"

timestamp = 2024-01-10T12:25:34.170756, generated = 
  arg0: "jkswemxkfhf"

timestamp = 2024-01-10T12:25:34.171233, generated = 
  arg0: "cys"

timestamp = 2024-01-10T12:25:34.171792, generated = 
  arg0: "bu"

timestamp = 2024-01-10T12:25:34.172212, generated = 
  arg0: "vkryls"

timestamp = 2024-01-10T12:25:34.172744, generated = 
  arg0: "gphguisvtrtb"

timestamp = 2024-01-10T12:25:34.173220, generated = 
  arg0: "ojq"

timestamp = 2024-01-10T12:25:34.173762, generated = 
  arg0: "yy"

timestamp = 2024-01-10T12:25:34.174251, generated = 
  arg0: "vlvn"

timestamp = 2024-01-10T12:25:34.174776, generated = 
  arg0: "dyyyhbxgg"

timestamp = 2024-01-10T12:25:34.175234, generated = 
  arg0: "nfkxgpnrjkm"

timestamp = 2024-01-10T12:25:34.175815, generated = 
  arg0: "qqb"

timestamp = 2024-01-10T12:25:34.176521, generated = 
  arg0: "yy"

timestamp = 2024-01-10T12:25:34.176961, generated = 
  arg0: "pi"

timestamp = 2024-01-10T12:25:34.177369, generated = 
  arg0: "iq"

timestamp = 2024-01-10T12:25:34.177881, generated = 
  arg0: "uupyl"

timestamp = 2024-01-10T12:25:34.178406, generated = 
  arg0: "ffvtnfbs"

timestamp = 2024-01-10T12:25:34.178829, generated = 
  arg0: "xsqd"

timestamp = 2024-01-10T12:25:34.179305, generated = 
  arg0: "hcqdleqkm"

timestamp = 2024-01-10T12:25:34.179813, generated = 
  arg0: "subehfhio"

timestamp = 2024-01-10T12:25:34.180665, generated = 
  arg0: "vqsjhcykwxg"

timestamp = 2024-01-10T12:25:34.181170, generated = 
  arg0: "kvg"

timestamp = 2024-01-10T12:25:34.181606, generated = 
  arg0: "nldxj"

timestamp = 2024-01-10T12:25:34.182138, generated = 
  arg0: "nbklyp"

timestamp = 2024-01-10T12:25:34.182735, generated = 
  arg0: "ofdwnpjfebcwkj"

timestamp = 2024-01-10T12:25:34.183238, generated = 
  arg0: "ssvwhnwc"

timestamp = 2024-01-10T12:25:34.183713, generated = 
  arg0: "wksxpvxmbepgj"

timestamp = 2024-01-10T12:25:34.184238, generated = 
  arg0: "joojgv"

timestamp = 2024-01-10T12:25:34.184820, generated = 
  arg0: "gvomnkgrhkm"

timestamp = 2024-01-10T12:25:34.185309, generated = 
  arg0: "blsmoc"

timestamp = 2024-01-10T12:25:34.185703, generated = 
  arg0: "bwh"

timestamp = 2024-01-10T12:25:34.186132, generated = 
  arg0: "wr"

timestamp = 2024-01-10T12:25:34.186505, generated = 
  arg0: "xfoec"

timestamp = 2024-01-10T12:25:34.186885, generated = 
  arg0: "jwbtwqsokjuvyoh"

timestamp = 2024-01-10T12:25:34.187421, generated = 
  arg0: "uokjmgd"

timestamp = 2024-01-10T12:25:34.187834, generated = 
  arg0: "uvd"

timestamp = 2024-01-10T12:25:34.188217, generated = 
  arg0: "mi"

timestamp = 2024-01-10T12:25:34.188587, generated = 
  arg0: "pusgdi"

timestamp = 2024-01-10T12:25:34.189107, generated = 
  arg0: "esk"

timestamp = 2024-01-10T12:25:34.189568, generated = 
  arg0: "vvvcvg"

timestamp = 2024-01-10T12:25:34.190048, generated = 
  arg0: "kgmtxv"

timestamp = 2024-01-10T12:25:34.190487, generated = 
  arg0: "ojoejquxu"

timestamp = 2024-01-10T12:25:34.190960, generated = 
  arg0: "ugosdmxb"

timestamp = 2024-01-10T12:25:34.191400, generated = 
  arg0: "mcrnfe"

timestamp = 2024-01-10T12:25:34.192622, generated = 
  arg0: "pro"

timestamp = 2024-01-10T12:25:34.193378, generated = 
  arg0: "dfwvc"

timestamp = 2024-01-10T12:25:34.194152, generated = 
  arg0: "mwq"

timestamp = 2024-01-10T12:25:34.194636, generated = 
  arg0: "ldpfjrupnqpvot"

timestamp = 2024-01-10T12:25:34.195052, generated = 
  arg0: "hehyc"

timestamp = 2024-01-10T12:25:34.195435, generated = 
  arg0: "tklwwl"

timestamp = 2024-01-10T12:25:34.195872, generated = 
  arg0: "pveojogy"

timestamp = 2024-01-10T12:25:34.196308, generated = 
  arg0: "teqgejg"

timestamp = 2024-01-10T12:25:34.196620, generated = 
  arg0: "xopmhj"

timestamp = 2024-01-10T12:25:34.197081, generated = 
  arg0: "kivwrcrnjdfst"

timestamp = 2024-01-10T12:25:34.197614, generated = 
  arg0: "ueefnwvfcipwix"

timestamp = 2024-01-10T12:25:34.198091, generated = 
  arg0: "dhsjuujswb"

timestamp = 2024-01-10T12:25:34.198561, generated = 
  arg0: "yy"

timestamp = 2024-01-10T12:25:34.198872, generated = 
  arg0: "jgkrviqthns"

timestamp = 2024-01-10T12:25:34.199273, generated = 
  arg0: "tcmqbkcbthw"

timestamp = 2024-01-10T12:25:34.199773, generated = 
  arg0: "bemqbocpigic"

timestamp = 2024-01-10T12:25:34.200247, generated = 
  arg0: "tpiorwjrrscrrkj"

timestamp = 2024-01-10T12:25:34.200796, generated = 
  arg0: "ghryveewhux"

timestamp = 2024-01-10T12:25:34.201307, generated = 
  arg0: "ukqrdurbovdr"

timestamp = 2024-01-10T12:25:34.201914, generated = 
  arg0: "ytetwckfov"

timestamp = 2024-01-10T12:25:34.202410, generated = 
  arg0: "dqqvxud"

timestamp = 2024-01-10T12:25:34.202823, generated = 
  arg0: "tjhqvgrn"

timestamp = 2024-01-10T12:25:34.203253, generated = 
  arg0: "krwriwbdbc"

timestamp = 2024-01-10T12:25:34.203640, generated = 
  arg0: "xyhgmnb"

timestamp = 2024-01-10T12:25:34.204093, generated = 
  arg0: "bb"

timestamp = 2024-01-10T12:25:34.204434, generated = 
  arg0: "yy"

timestamp = 2024-01-10T12:25:34.204849, generated = 
  arg0: "rtwthmvwrtn"

timestamp = 2024-01-10T12:25:34.205348, generated = 
  arg0: "tibgeomim"

timestamp = 2024-01-10T12:25:34.205809, generated = 
  arg0: "vcopgdxdvwyorpn"

timestamp = 2024-01-10T12:25:34.206332, generated = 
  arg0: "vrwnp"

timestamp = 2024-01-10T12:25:34.206762, generated = 
  arg0: "lmpo"

timestamp = 2024-01-10T12:25:34.207427, generated = 
  arg0: "bl"

timestamp = 2024-01-10T12:25:34.207905, generated = 
  arg0: "iebhvqwpfdwek"

timestamp = 2024-01-10T12:25:34.208425, generated = 
  arg0: "otwgvm"

timestamp = 2024-01-10T12:25:34.209637, generated = 
  arg0: "owqxrwtinybbnjn"

timestamp = 2024-01-10T12:25:34.210432, generated = 
  arg0: "cfpym"

timestamp = 2024-01-10T12:25:34.210990, generated = 
  arg0: "iwywy"

timestamp = 2024-01-10T12:25:34.211586, generated = 
  arg0: "jfcxspdgdr"

timestamp = 2024-01-10T12:25:34.212129, generated = 
  arg0: "uxcvlverobcblj"

timestamp = 2024-01-10T12:25:34.212598, generated = 
  arg0: "ekndwlwqsig"

timestamp = 2024-01-10T12:25:34.213044, generated = 
  arg0: "tii"

timestamp = 2024-01-10T12:25:34.213527, generated = 
  arg0: "ppkrkgxxtggoy"

timestamp = 2024-01-10T12:25:34.213951, generated = 
  arg0: "gbuux"

timestamp = 2024-01-10T12:25:34.214410, generated = 
  arg0: "sici"

timestamp = 2024-01-10T12:25:34.214844, generated = 
  arg0: "lj"

timestamp = 2024-01-10T12:25:34.215178, generated = 
  arg0: "cemokne"

timestamp = 2024-01-10T12:25:34.215617, generated = 
  arg0: "kuu"

timestamp = 2024-01-10T12:25:34.215942, generated = 
  arg0: "wmnov"

timestamp = 2024-01-10T12:25:34.216368, generated = 
  arg0: "bxgeddrx"

timestamp = 2024-01-10T12:25:34.216759, generated = 
  arg0: "mys"

timestamp = 2024-01-10T12:25:34.217271, generated = 
  arg0: "trqdwhdvyfqc"

timestamp = 2024-01-10T12:25:34.217816, generated = 
  arg0: "nmskrsylcfk"

timestamp = 2024-01-10T12:25:34.218305, generated = 
  arg0: "cjv"

timestamp = 2024-01-10T12:25:34.218771, generated = 
  arg0: "ysjsuubhmjklt"

timestamp = 2024-01-10T12:25:34.219169, generated = 
  arg0: "tcgsvbmd"

timestamp = 2024-01-10T12:25:34.219723, generated = 
  arg0: "xsvdcunqd"

timestamp = 2024-01-10T12:25:34.220108, generated = 
  arg0: "eccs"

timestamp = 2024-01-10T12:25:34.220521, generated = 
  arg0: "oosogjgpmqimg"

timestamp = 2024-01-10T12:25:34.221093, generated = 
  arg0: "huxkpsdnjeqog"

timestamp = 2024-01-10T12:25:34.221579, generated = 
  arg0: "ey"

timestamp = 2024-01-10T12:25:34.221904, generated = 
  arg0: "uif"

timestamp = 2024-01-10T12:25:34.222290, generated = 
  arg0: "dkepsiomyucr"

timestamp = 2024-01-10T12:25:34.222634, generated = 
  arg0: "llylfm"

timestamp = 2024-01-10T12:25:34.223004, generated = 
  arg0: "qbvdgyphmv"

timestamp = 2024-01-10T12:25:34.223533, generated = 
  arg0: "nv"

timestamp = 2024-01-10T12:25:34.223916, generated = 
  arg0: "kvoxu"

timestamp = 2024-01-10T12:25:34.224361, generated = 
  arg0: "ejebnoymvoslp"

timestamp = 2024-01-10T12:25:34.224772, generated = 
  arg0: "qfkndib"

timestamp = 2024-01-10T12:25:34.225236, generated = 
  arg0: "rufrcdmewjcyt"

timestamp = 2024-01-10T12:25:34.225763, generated = 
  arg0: "td"

timestamp = 2024-01-10T12:25:34.226077, generated = 
  arg0: "sdihlhiwel"

timestamp = 2024-01-10T12:25:34.226923, generated = 
  arg0: "bb"

timestamp = 2024-01-10T12:25:34.227553, generated = 
  arg0: "bsblqevmldmoqfo"

timestamp = 2024-01-10T12:25:34.228255, generated = 
  arg0: "vommv"

timestamp = 2024-01-10T12:25:34.228927, generated = 
  arg0: "ikgfysdkw"

timestamp = 2024-01-10T12:25:34.229512, generated = 
  arg0: "uqdt"

timestamp = 2024-01-10T12:25:34.229922, generated = 
  arg0: "kr"

timestamp = 2024-01-10T12:25:34.230293, generated = 
  arg0: "bb"

timestamp = 2024-01-10T12:25:34.230681, generated = 
  arg0: "kwbopgvi"

timestamp = 2024-01-10T12:25:34.231097, generated = 
  arg0: "mnpvhbu"

timestamp = 2024-01-10T12:25:34.231442, generated = 
  arg0: "bb"

timestamp = 2024-01-10T12:25:34.231764, generated = 
  arg0: "yy"

timestamp = 2024-01-10T12:25:34.232104, generated = 
  arg0: "mnhpmktkn"

timestamp = 2024-01-10T12:25:34.232486, generated = 
  arg0: "tkbp"

timestamp = 2024-01-10T12:25:34.232961, generated = 
  arg0: "bcsdwtoksdu"

timestamp = 2024-01-10T12:25:34.233285, generated = 
  arg0: "bb"

timestamp = 2024-01-10T12:25:34.233604, generated = 
  arg0: "xihjpiiudvbyxgp"

timestamp = 2024-01-10T12:25:34.234157, generated = 
  arg0: "cwgstcpgwoksmf"

timestamp = 2024-01-10T12:25:34.234628, generated = 
  arg0: "gcnjcdqcjfmd"

timestamp = 2024-01-10T12:25:34.235094, generated = 
  arg0: "itly"

timestamp = 2024-01-10T12:25:34.235508, generated = 
  arg0: "dyrde"

timestamp = 2024-01-10T12:25:34.235896, generated = 
  arg0: "ery"

timestamp = 2024-01-10T12:25:34.236344, generated = 
  arg0: "tcisfcrxhrbejt"

timestamp = 2024-01-10T12:25:34.236735, generated = 
  arg0: "lqmonyijexrfhp"

timestamp = 2024-01-10T12:25:34.237141, generated = 
  arg0: "dxroer"

timestamp = 2024-01-10T12:25:34.237609, generated = 
  arg0: "sgiepsnhsj"

timestamp = 2024-01-10T12:25:34.238055, generated = 
  arg0: "pbwhohgewtsk"

timestamp = 2024-01-10T12:25:34.238884, generated = 
  arg0: "vxgfgryhbohectn"

timestamp = 2024-01-10T12:25:34.239447, generated = 
  arg0: "mgqrcunf"

timestamp = 2024-01-10T12:25:34.239874, generated = 
  arg0: "yy"

timestamp = 2024-01-10T12:25:34.240190, generated = 
  arg0: "wqtewsubvye"

timestamp = 2024-01-10T12:25:34.240575, generated = 
  arg0: "nvl"

timestamp = 2024-01-10T12:25:34.240928, generated = 
  arg0: "itpsonvoelww"

timestamp = 2024-01-10T12:25:34.241313, generated = 
  arg0: "or"

timestamp = 2024-01-10T12:25:34.241572, generated = 
  arg0: "xbrgfhnymdgc"

timestamp = 2024-01-10T12:25:34.241973, generated = 
  arg0: "xfrhxvmrybqrqiv"

timestamp = 2024-01-10T12:25:34.242443, generated = 
  arg0: "jpfootsxki"

timestamp = 2024-01-10T12:25:34.242974, generated = 
  arg0: "lkpkjihxenmdbsj"

timestamp = 2024-01-10T12:25:34.243457, generated = 
  arg0: "ech"

timestamp = 2024-01-10T12:25:34.244014, generated = 
  arg0: "dufykyd"

timestamp = 2024-01-10T12:25:34.244515, generated = 
  arg0: "ryvmpq"

timestamp = 2024-01-10T12:25:34.244874, generated = 
  arg0: "re"

timestamp = 2024-01-10T12:25:34.245257, generated = 
  arg0: "jtevypvsnblkwmf"

timestamp = 2024-01-10T12:25:34.245635, generated = 
  arg0: "pey"

timestamp = 2024-01-10T12:25:34.246152, generated = 
  arg0: "ykpcbhldngyjdpd"

timestamp = 2024-01-10T12:25:34.246558, generated = 
  arg0: "xwflrhcpp"

timestamp = 2024-01-10T12:25:34.246942, generated = 
  arg0: "hqckrj"

timestamp = 2024-01-10T12:25:34.247358, generated = 
  arg0: "odynwvplh"

timestamp = 2024-01-10T12:25:34.247749, generated = 
  arg0: "oxgbipxqmqtqtm"

timestamp = 2024-01-10T12:25:34.248170, generated = 
  arg0: "cyeyo"

timestamp = 2024-01-10T12:25:34.248639, generated = 
  arg0: "tkksmgkchvyh"

timestamp = 2024-01-10T12:25:34.249146, generated = 
  arg0: "ohjfekqutiff"

timestamp = 2024-01-10T12:25:34.250075, generated = 
  arg0: "fsnilr"

timestamp = 2024-01-10T12:25:34.250724, generated = 
  arg0: "xhcycxfrfhuslmo"

timestamp = 2024-01-10T12:25:34.251159, generated = 
  arg0: "opuerwoekijonk"

timestamp = 2024-01-10T12:25:34.251649, generated = 
  arg0: "ps"

timestamp = 2024-01-10T12:25:34.251988, generated = 
  arg0: "qpm"

timestamp = 2024-01-10T12:25:34.252470, generated = 
  arg0: "litdkjrni"

timestamp = 2024-01-10T12:25:34.252972, generated = 
  arg0: "kfphbwnuluicyss"

timestamp = 2024-01-10T12:25:34.253341, generated = 
  arg0: "rpqwmtymnd"

timestamp = 2024-01-10T12:25:34.253908, generated = 
  arg0: "ffxmjlnqnonl"

timestamp = 2024-01-10T12:25:34.254280, generated = 
  arg0: "bseyjkscsyeqc"

timestamp = 2024-01-10T12:25:34.254595, generated = 
  arg0: "huvjokljcodi"

timestamp = 2024-01-10T12:25:34.255243, generated = 
  arg0: "turcotwh"

timestamp = 2024-01-10T12:25:34.255785, generated = 
  arg0: "wnhpjulgbqtj"

timestamp = 2024-01-10T12:25:34.256318, generated = 
  arg0: "gbgptjic"

timestamp = 2024-01-10T12:25:34.256839, generated = 
  arg0: "uxhkqvv"

timestamp = 2024-01-10T12:25:34.257398, generated = 
  arg0: "foctfbyjsf"

timestamp = 2024-01-10T12:25:34.257944, generated = 
  arg0: "lvevcpbqokfnoqx"

timestamp = 2024-01-10T12:25:34.258464, generated = 
  arg0: "sommcyobhvdtxjf"

timestamp = 2024-01-10T12:25:34.258999, generated = 
  arg0: "rhiegosonl"

timestamp = 2024-01-10T12:25:34.259894, generated = 
  arg0: "jmomsxlep"

timestamp = 2024-01-10T12:25:34.260453, generated = 
  arg0: "eptk"

timestamp = 2024-01-10T12:25:34.261065, generated = 
  arg0: "yy"

timestamp = 2024-01-10T12:25:34.261725, generated = 
  arg0: "sqwbv"

timestamp = 2024-01-10T12:25:34.262186, generated = 
  arg0: "yy"

timestamp = 2024-01-10T12:25:34.262663, generated = 
  arg0: "jxknesfjbitgkct"

timestamp = 2024-01-10T12:25:34.263151, generated = 
  arg0: "clyeuyimifrc"

timestamp = 2024-01-10T12:25:34.263534, generated = 
  arg0: "bb"

timestamp = 2024-01-10T12:25:34.263928, generated = 
  arg0: "tciwws"

timestamp = 2024-01-10T12:25:34.264391, generated = 
  arg0: "hoeyvxtxpnxpf"

timestamp = 2024-01-10T12:25:34.264901, generated = 
  arg0: "ww"

timestamp = 2024-01-10T12:25:34.265214, generated = 
  arg0: "vrkl"

timestamp = 2024-01-10T12:25:34.265612, generated = 
  arg0: "ryypvfwdt"

timestamp = 2024-01-10T12:25:34.266031, generated = 
  arg0: "gjet"

timestamp = 2024-01-10T12:25:34.266432, generated = 
  arg0: "tjxf"

timestamp = 2024-01-10T12:25:34.266855, generated = 
  arg0: "tdwxt"

timestamp = 2024-01-10T12:25:34.267836, generated = 
  arg0: "bqug"

timestamp = 2024-01-10T12:25:34.268430, generated = 
  arg0: "cnujrqgspo"

timestamp = 2024-01-10T12:25:34.268862, generated = 
  arg0: "kbdustjomtx"

timestamp = 2024-01-10T12:25:34.269312, generated = 
  arg0: "ptgqetliuqpx"

timestamp = 2024-01-10T12:25:34.269904, generated = 
  arg0: "tegt"

timestamp = 2024-01-10T12:25:34.270347, generated = 
  arg0: "lrhcvwshqmybqm"

timestamp = 2024-01-10T12:25:34.270797, generated = 
  arg0: "slocttbumswhdi"

timestamp = 2024-01-10T12:25:34.271189, generated = 
  arg0: "ge"

timestamp = 2024-01-10T12:25:34.271681, generated = 
  arg0: "ceg"

timestamp = 2024-01-10T12:25:34.272087, generated = 
  arg0: "iwqnxekuuficph"

timestamp = 2024-01-10T12:25:34.272524, generated = 
  arg0: "lvvrbqjdycs"

timestamp = 2024-01-10T12:25:34.272850, generated = 
  arg0: "jf"

timestamp = 2024-01-10T12:25:34.273341, generated = 
  arg0: "kmhtr"

timestamp = 2024-01-10T12:25:34.273952, generated = 
  arg0: "kbgtgpvelm"

timestamp = 2024-01-10T12:25:34.274425, generated = 
  arg0: "sidgmeltrcfrvnu"

timestamp = 2024-01-10T12:25:34.274840, generated = 
  arg0: "ejgx"

timestamp = 2024-01-10T12:25:34.275291, generated = 
  arg0: "ehtdxe"

timestamp = 2024-01-10T12:25:34.275840, generated = 
  arg0: "jojpesfkctxrby"

timestamp = 2024-01-10T12:25:34.276243, generated = 
  arg0: "bb"

timestamp = 2024-01-10T12:25:34.276606, generated = 
  arg0: "yy"

timestamp = 2024-01-10T12:25:34.276972, generated = 
  arg0: "bb"

timestamp = 2024-01-10T12:25:34.277561, generated = 
  arg0: "bb"

timestamp = 2024-01-10T12:25:34.278120, generated = 
  arg0: "etfp"

timestamp = 2024-01-10T12:25:34.278569, generated = 
  arg0: "ncgo"

timestamp = 2024-01-10T12:25:34.279087, generated = 
  arg0: "lf"

timestamp = 2024-01-10T12:25:34.279693, generated = 
  arg0: "cgm"

timestamp = 2024-01-10T12:25:34.280147, generated = 
  arg0: "lmysvon"

timestamp = 2024-01-10T12:25:34.280536, generated = 
  arg0: "dn"

timestamp = 2024-01-10T12:25:34.280801, generated = 
  arg0: "vdpufhsiqpodvm"

timestamp = 2024-01-10T12:25:34.281185, generated = 
  arg0: "fhwuuyoegd"

timestamp = 2024-01-10T12:25:34.281518, generated = 
  arg0: "hlgubqxt"

timestamp = 2024-01-10T12:25:34.282134, generated = 
  arg0: "lrkqcogfktvycv"

timestamp = 2024-01-10T12:25:34.282594, generated = 
  arg0: "geehikoxsxfmym"

timestamp = 2024-01-10T12:25:34.283, generated = 
  arg0: "yy"

timestamp = 2024-01-10T12:25:34.283556, generated = 
  arg0: "yurk"

timestamp = 2024-01-10T12:25:34.284005, generated = 
  arg0: "ib"

timestamp = 2024-01-10T12:25:34.284438, generated = 
  arg0: "vjgnlfvswjb"

timestamp = 2024-01-10T12:25:34.285138, generated = 
  arg0: "ignoyprsumbvw"

timestamp = 2024-01-10T12:25:34.285534, generated = 
  arg0: "lbieq"

timestamp = 2024-01-10T12:25:34.286486, generated = 
  arg0: "wsjgsvkgtqxbb"

timestamp = 2024-01-10T12:25:34.286881, generated = 
  arg0: "wlcmitbkcmp"

timestamp = 2024-01-10T12:25:34.287355, generated = 
  arg0: "dxcthsnoibelm"

timestamp = 2024-01-10T12:25:34.287935, generated = 
  arg0: "xncwpmskhj"

timestamp = 2024-01-10T12:25:34.288491, generated = 
  arg0: "bix"

timestamp = 2024-01-10T12:25:34.288946, generated = 
  arg0: "gvvlcmvrhhjdo"

timestamp = 2024-01-10T12:25:34.289456, generated = 
  arg0: "vrdj"

timestamp = 2024-01-10T12:25:34.289872, generated = 
  arg0: "yy"

timestamp = 2024-01-10T12:25:34.290812, generated = 
  arg0: "jvvltkvkycdhxut"

timestamp = 2024-01-10T12:25:34.291290, generated = 
  arg0: "rfuuhjddupoi"

timestamp = 2024-01-10T12:25:34.291820, generated = 
  arg0: "usjronxnl"

timestamp = 2024-01-10T12:25:34.292397, generated = 
  arg0: "ejqyueoh"

timestamp = 2024-01-10T12:25:34.292897, generated = 
  arg0: "cvfknc"

timestamp = 2024-01-10T12:25:34.293327, generated = 
  arg0: "phj"

timestamp = 2024-01-10T12:25:34.293835, generated = 
  arg0: "uwrsj"

timestamp = 2024-01-10T12:25:34.294397, generated = 
  arg0: "ucppiqrlefqhjx"

timestamp = 2024-01-10T12:25:34.294889, generated = 
  arg0: "nbsivc"

timestamp = 2024-01-10T12:25:34.295380, generated = 
  arg0: "eihbkxqwvmfofd"

timestamp = 2024-01-10T12:25:34.295818, generated = 
  arg0: "pnhgvngile"

timestamp = 2024-01-10T12:25:34.296382, generated = 
  arg0: "ndfihdj"

timestamp = 2024-01-10T12:25:34.296829, generated = 
  arg0: "ohtmxud"

timestamp = 2024-01-10T12:25:34.297263, generated = 
  arg0: "bhby"

timestamp = 2024-01-10T12:25:34.297703, generated = 
  arg0: "wkhdgjhf"

timestamp = 2024-01-10T12:25:34.298129, generated = 
  arg0: "jghgvebqr"

timestamp = 2024-01-10T12:25:34.298677, generated = 
  arg0: "rbhnbieohgskpo"

timestamp = 2024-01-10T12:25:34.299184, generated = 
  arg0: "vowkoddsonvkyu"

timestamp = 2024-01-10T12:25:34.299830, generated = 
  arg0: "dfykdsfmvbi"

timestamp = 2024-01-10T12:25:34.300230, generated = 
  arg0: "bb"

timestamp = 2024-01-10T12:25:34.300662, generated = 
  arg0: "nljgk"

timestamp = 2024-01-10T12:25:34.301082, generated = 
  arg0: "ntrcepdwffniy"

timestamp = 2024-01-10T12:25:34.301627, generated = 
  arg0: "sprerosvtnhfp"

timestamp = 2024-01-10T12:25:34.302790, generated = 
  arg0: "hplgq"

timestamp = 2024-01-10T12:25:34.303106, generated = 
  arg0: "vxmq"

timestamp = 2024-01-10T12:25:34.303387, generated = 
  arg0: "xepmi"

timestamp = 2024-01-10T12:25:34.304088, generated = 
  arg0: "yvpq"

timestamp = 2024-01-10T12:25:34.304618, generated = 
  arg0: "giijjmxonuoi"

timestamp = 2024-01-10T12:25:34.305150, generated = 
  arg0: "jybecpcjteyj"

timestamp = 2024-01-10T12:25:34.305541, generated = 
  arg0: "top"

timestamp = 2024-01-10T12:25:34.305968, generated = 
  arg0: "xgny"

timestamp = 2024-01-10T12:25:34.306250, generated = 
  arg0: "vldoqsney"

timestamp = 2024-01-10T12:25:34.306668, generated = 
  arg0: "qfdymwlqgpp"

timestamp = 2024-01-10T12:25:34.307085, generated = 
  arg0: "yy"

timestamp = 2024-01-10T12:25:34.307475, generated = 
  arg0: "edqxw"

timestamp = 2024-01-10T12:25:34.308469, generated = 
  arg0: "yogk"

timestamp = 2024-01-10T12:25:34.308941, generated = 
  arg0: "jrhcs"

timestamp = 2024-01-10T12:25:34.309518, generated = 
  arg0: "vrtwqum"

timestamp = 2024-01-10T12:25:34.310018, generated = 
  arg0: "sxbivf"

timestamp = 2024-01-10T12:25:34.310551, generated = 
  arg0: "qnqdehblxbvqoer"

timestamp = 2024-01-10T12:25:34.311029, generated = 
  arg0: "jvfrcvq"

timestamp = 2024-01-10T12:25:34.311638, generated = 
  arg0: "jioxdnhkgyx"

timestamp = 2024-01-10T12:25:34.312139, generated = 
  arg0: "vnto"

timestamp = 2024-01-10T12:25:34.312569, generated = 
  arg0: "pkmxnoeygxgc"

timestamp = 2024-01-10T12:25:34.313014, generated = 
  arg0: "tpifqtr"

timestamp = 2024-01-10T12:25:34.313550, generated = 
  arg0: "iobgfqeghb"

timestamp = 2024-01-10T12:25:34.314031, generated = 
  arg0: "gdcotiitotvfim"

timestamp = 2024-01-10T12:25:34.314445, generated = 
  arg0: "brh"

timestamp = 2024-01-10T12:25:34.314752, generated = 
  arg0: "cry"

timestamp = 2024-01-10T12:25:34.315069, generated = 
  arg0: "ujnu"

timestamp = 2024-01-10T12:25:34.315615, generated = 
  arg0: "cuvrkjrv"

timestamp = 2024-01-10T12:25:34.316029, generated = 
  arg0: "sj"

timestamp = 2024-01-10T12:25:34.316380, generated = 
  arg0: "ll"

timestamp = 2024-01-10T12:25:34.316727, generated = 
  arg0: "jwrvnxu"

timestamp = 2024-01-10T12:25:34.317235, generated = 
  arg0: "fulpbxf"

timestamp = 2024-01-10T12:25:34.317852, generated = 
  arg0: "yy"

timestamp = 2024-01-10T12:25:34.318330, generated = 
  arg0: "bmgknp"

timestamp = 2024-01-10T12:25:34.319102, generated = 
  arg0: "ugrylu"

timestamp = 2024-01-10T12:25:34.320496, generated = 
  arg0: "xpopkrrnlwc"

timestamp = 2024-01-10T12:25:34.320841, generated = 
  arg0: "kvdyrykvbuejykt"

timestamp = 2024-01-10T12:25:34.321327, generated = 
  arg0: "ijqoeoiftd"

timestamp = 2024-01-10T12:25:34.322020, generated = 
  arg0: "ndljfwjcosey"

timestamp = 2024-01-10T12:25:34.322513, generated = 
  arg0: "mejoximpu"

timestamp = 2024-01-10T12:25:34.323006, generated = 
  arg0: "gxqejy"

timestamp = 2024-01-10T12:25:34.323423, generated = 
  arg0: "tjqywm"

timestamp = 2024-01-10T12:25:34.323904, generated = 
  arg0: "jhrfbbvrlpjjw"

timestamp = 2024-01-10T12:25:34.324339, generated = 
  arg0: "ulrfeioeboc"

timestamp = 2024-01-10T12:25:34.324748, generated = 
  arg0: "bvn"

timestamp = 2024-01-10T12:25:34.325336, generated = 
  arg0: "pjmesuxbd"

timestamp = 2024-01-10T12:25:34.325897, generated = 
  arg0: "tmkkbcllwgo"

timestamp = 2024-01-10T12:25:34.326321, generated = 
  arg0: "gx"

timestamp = 2024-01-10T12:25:34.326739, generated = 
  arg0: "lnb"

timestamp = 2024-01-10T12:25:34.327184, generated = 
  arg0: "vyeux"

timestamp = 2024-01-10T12:25:34.327736, generated = 
  arg0: "yfmxfyed"

timestamp = 2024-01-10T12:25:34.328322, generated = 
  arg0: "tueencdwwhw"

timestamp = 2024-01-10T12:25:34.328932, generated = 
  arg0: "xqctbuvylid"

timestamp = 2024-01-10T12:25:34.329419, generated = 
  arg0: "nbkgof"

timestamp = 2024-01-10T12:25:34.329808, generated = 
  arg0: "ymcwyjnditvkvd"

timestamp = 2024-01-10T12:25:34.330221, generated = 
  arg0: "enmb"

timestamp = 2024-01-10T12:25:34.330671, generated = 
  arg0: "yljtmjsipyefmtv"

timestamp = 2024-01-10T12:25:34.331349, generated = 
  arg0: "vqoqvbpfkltulvq"

timestamp = 2024-01-10T12:25:34.331719, generated = 
  arg0: "wndoe"

timestamp = 2024-01-10T12:25:34.332155, generated = 
  arg0: "bb"

timestamp = 2024-01-10T12:25:34.332610, generated = 
  arg0: "yfufhphr"

timestamp = 2024-01-10T12:25:34.333103, generated = 
  arg0: "iy"

timestamp = 2024-01-10T12:25:34.333733, generated = 
  arg0: "bb"

timestamp = 2024-01-10T12:25:34.334281, generated = 
  arg0: "crbdynm"

timestamp = 2024-01-10T12:25:34.334823, generated = 
  arg0: "kmmv"

timestamp = 2024-01-10T12:25:34.335399, generated = 
  arg0: "pgbxvuvyibmi"

timestamp = 2024-01-10T12:25:34.335865, generated = 
  arg0: "djydcwlvjqqsk"

timestamp = 2024-01-10T12:25:34.336272, generated = 
  arg0: "xhswoh"

timestamp = 2024-01-10T12:25:34.337252, generated = 
  arg0: "kquuxw"

timestamp = 2024-01-10T12:25:34.337865, generated = 
  arg0: "umrwfdqwkjkv"

timestamp = 2024-01-10T12:25:34.338373, generated = 
  arg0: "shkrmpcbxnjdisi"

timestamp = 2024-01-10T12:25:34.338833, generated = 
  arg0: "lclfrwlhsde"

timestamp = 2024-01-10T12:25:34.339231, generated = 
  arg0: "gjw"

timestamp = 2024-01-10T12:25:34.339799, generated = 
  arg0: "bb"

timestamp = 2024-01-10T12:25:34.340148, generated = 
  arg0: "wlgnwksbiuwmkx"

timestamp = 2024-01-10T12:25:34.340558, generated = 
  arg0: "rljs"

timestamp = 2024-01-10T12:25:34.341053, generated = 
  arg0: "sdfqvtoniohj"

timestamp = 2024-01-10T12:25:34.341511, generated = 
  arg0: "tfpidid"

timestamp = 2024-01-10T12:25:34.341940, generated = 
  arg0: "lfntwkh"

timestamp = 2024-01-10T12:25:34.342454, generated = 
  arg0: "uqkbtdn"

timestamp = 2024-01-10T12:25:34.342861, generated = 
  arg0: "dnrrwefruhrytv"

timestamp = 2024-01-10T12:25:34.343286, generated = 
  arg0: "bwdqqkjy"

timestamp = 2024-01-10T12:25:34.343668, generated = 
  arg0: "jnlbjhtqn"

timestamp = 2024-01-10T12:25:34.344103, generated = 
  arg0: "uiyvdyqcnsmyv"

timestamp = 2024-01-10T12:25:34.344570, generated = 
  arg0: "hddenlimrflm"

timestamp = 2024-01-10T12:25:34.345003, generated = 
  arg0: "urhpekkxhrnvu"

timestamp = 2024-01-10T12:25:34.345393, generated = 
  arg0: "jnrvpgwpjrusr"

timestamp = 2024-01-10T12:25:34.345781, generated = 
  arg0: "fovx"

timestamp = 2024-01-10T12:25:34.346158, generated = 
  arg0: "rk"

timestamp = 2024-01-10T12:25:34.346504, generated = 
  arg0: "bxcnte"

timestamp = 2024-01-10T12:25:34.346917, generated = 
  arg0: "bb"

timestamp = 2024-01-10T12:25:34.347236, generated = 
  arg0: "sekmfwlp"

timestamp = 2024-01-10T12:25:34.347697, generated = 
  arg0: "uq"

timestamp = 2024-01-10T12:25:34.348120, generated = 
  arg0: "knh"

timestamp = 2024-01-10T12:25:34.349188, generated = 
  arg0: "slhfwxmukx"

timestamp = 2024-01-10T12:25:34.349738, generated = 
  arg0: "yctx"

timestamp = 2024-01-10T12:25:34.350198, generated = 
  arg0: "wgvbljrgvo"

timestamp = 2024-01-10T12:25:34.351038, generated = 
  arg0: "gvfrrtdnnnjd"

timestamp = 2024-01-10T12:25:34.351462, generated = 
  arg0: "vsp"

timestamp = 2024-01-10T12:25:34.351928, generated = 
  arg0: "kdnvpdemixghsg"

timestamp = 2024-01-10T12:25:34.352283, generated = 
  arg0: "gbdyrjomjhxuljo"

timestamp = 2024-01-10T12:25:34.352983, generated = 
  arg0: "obmomiymjvofr"

timestamp = 2024-01-10T12:25:34.353289, generated = 
  arg0: "cqwpieedldsv"

timestamp = 2024-01-10T12:25:34.353782, generated = 
  arg0: "juergj"

timestamp = 2024-01-10T12:25:34.354277, generated = 
  arg0: "ysjilycrnfospnn"

timestamp = 2024-01-10T12:25:34.354770, generated = 
  arg0: "wyxkqbup"

timestamp = 2024-01-10T12:25:34.355195, generated = 
  arg0: "glkvnorj"

timestamp = 2024-01-10T12:25:34.355574, generated = 
  arg0: "csxnmot"

timestamp = 2024-01-10T12:25:34.355946, generated = 
  arg0: "fyvseo"

timestamp = 2024-01-10T12:25:34.356458, generated = 
  arg0: "wboiysijuk"

timestamp = 2024-01-10T12:25:34.356871, generated = 
  arg0: "hkcfocdhh"

timestamp = 2024-01-10T12:25:34.357338, generated = 
  arg0: "xjgccir"

timestamp = 2024-01-10T12:25:34.357801, generated = 
  arg0: "hdmgignissmhbh"

timestamp = 2024-01-10T12:25:34.358232, generated = 
  arg0: "ijn"

timestamp = 2024-01-10T12:25:34.358606, generated = 
  arg0: "bb"

timestamp = 2024-01-10T12:25:34.358948, generated = 
  arg0: "cfolppxmvmjtl"

timestamp = 2024-01-10T12:25:34.359536, generated = 
  arg0: "ccc"

timestamp = 2024-01-10T12:25:34.360395, generated = 
  arg0: "idppy"

timestamp = 2024-01-10T12:25:34.361558, generated = 
  arg0: "jhcnvjmmt"

timestamp = 2024-01-10T12:25:34.361962, generated = 
  arg0: "bb"

timestamp = 2024-01-10T12:25:34.362421, generated = 
  arg0: "omfgbnnqmeu"

timestamp = 2024-01-10T12:25:34.362893, generated = 
  arg0: "stpqwk"

timestamp = 2024-01-10T12:25:34.363442, generated = 
  arg0: "jsktundxdwdw"

timestamp = 2024-01-10T12:25:34.363907, generated = 
  arg0: "vfwvj"

timestamp = 2024-01-10T12:25:34.364269, generated = 
  arg0: "mi"

timestamp = 2024-01-10T12:25:34.364719, generated = 
  arg0: "brrrrosjyryvu"

timestamp = 2024-01-10T12:25:34.365106, generated = 
  arg0: "pmlscpumiiyci"

timestamp = 2024-01-10T12:25:34.365563, generated = 
  arg0: "cilonpgn"

timestamp = 2024-01-10T12:25:34.366, generated = 
  arg0: "vdijue"

timestamp = 2024-01-10T12:25:34.366419, generated = 
  arg0: "fbrohbhu"

timestamp = 2024-01-10T12:25:34.367081, generated = 
  arg0: "djtkrlwibrvmrf"

timestamp = 2024-01-10T12:25:34.367470, generated = 
  arg0: "mbbhguuwpfj"

timestamp = 2024-01-10T12:25:34.367830, generated = 
  arg0: "ymqlxdsyc"

timestamp = 2024-01-10T12:25:34.368287, generated = 
  arg0: "lneixlb"

timestamp = 2024-01-10T12:25:34.368712, generated = 
  arg0: "kvxwb"

timestamp = 2024-01-10T12:25:34.369166, generated = 
  arg0: "rwtpkqiuygc"

timestamp = 2024-01-10T12:25:34.369677, generated = 
  arg0: "bb"

timestamp = 2024-01-10T12:25:34.370147, generated = 
  arg0: "oturfnpnvshr"

timestamp = 2024-01-10T12:25:34.370510, generated = 
  arg0: "yy"

timestamp = 2024-01-10T12:25:34.370915, generated = 
  arg0: "vetgdhrpouybx"

timestamp = 2024-01-10T12:25:34.371284, generated = 
  arg0: "vfb"

timestamp = 2024-01-10T12:25:34.372067, generated = 
  arg0: "ctg"

timestamp = 2024-01-10T12:25:34.372484, generated = 
  arg0: "fwqhulpdtwkl"

timestamp = 2024-01-10T12:25:34.372989, generated = 
  arg0: "ipmsdxknebmktit"

timestamp = 2024-01-10T12:25:34.373525, generated = 
  arg0: "ude"

timestamp = 2024-01-10T12:25:34.374051, generated = 
  arg0: "oeoddlm"

timestamp = 2024-01-10T12:25:34.374591, generated = 
  arg0: "somqnoqtjlyi"

timestamp = 2024-01-10T12:25:34.375179, generated = 
  arg0: "jfigrmnyuljng"

timestamp = 2024-01-10T12:25:34.375496, generated = 
  arg0: "od"

timestamp = 2024-01-10T12:25:34.375870, generated = 
  arg0: "iqjtxndep"

timestamp = 2024-01-10T12:25:34.376384, generated = 
  arg0: "mgvemcqijeibe"

timestamp = 2024-01-10T12:25:34.376952, generated = 
  arg0: "ydgssrkqnnmcccl"

timestamp = 2024-01-10T12:25:34.378071, generated = 
  arg0: "vunjwoulrpvyfmv"

timestamp = 2024-01-10T12:25:34.378684, generated = 
  arg0: "timhfrguminee"

timestamp = 2024-01-10T12:25:34.379287, generated = 
  arg0: "gormufos"

timestamp = 2024-01-10T12:25:34.379788, generated = 
  arg0: "jdrvvqimckq"

timestamp = 2024-01-10T12:25:34.380197, generated = 
  arg0: "ievhj"

timestamp = 2024-01-10T12:25:34.380667, generated = 
  arg0: "hbclsq"

timestamp = 2024-01-10T12:25:34.381156, generated = 
  arg0: "edrsqvplfl"

timestamp = 2024-01-10T12:25:34.381763, generated = 
  arg0: "rcfrdmcqlpdlic"

timestamp = 2024-01-10T12:25:34.382213, generated = 
  arg0: "kiwvyjqgsyj"

timestamp = 2024-01-10T12:25:34.382765, generated = 
  arg0: "ru"

timestamp = 2024-01-10T12:25:34.383154, generated = 
  arg0: "cxo"

timestamp = 2024-01-10T12:25:34.383731, generated = 
  arg0: "jxxvwcdisxebivk"

timestamp = 2024-01-10T12:25:34.384274, generated = 
  arg0: "pbuqwrsuhxiojn"

timestamp = 2024-01-10T12:25:34.384947, generated = 
  arg0: "oleqhvopgd"

timestamp = 2024-01-10T12:25:34.385422, generated = 
  arg0: "hrk"

timestamp = 2024-01-10T12:25:34.386056, generated = 
  arg0: "vpc"

timestamp = 2024-01-10T12:25:34.386469, generated = 
  arg0: "xenloifhe"

timestamp = 2024-01-10T12:25:34.386951, generated = 
  arg0: "kyddbmsetsvdgm"

timestamp = 2024-01-10T12:25:34.387435, generated = 
  arg0: "xr"

timestamp = 2024-01-10T12:25:34.387883, generated = 
  arg0: "egukmss"

timestamp = 2024-01-10T12:25:34.388354, generated = 
  arg0: "cn"

timestamp = 2024-01-10T12:25:34.388751, generated = 
  arg0: "fh"

timestamp = 2024-01-10T12:25:34.390229, generated = 
  arg0: "piosds"

timestamp = 2024-01-10T12:25:34.390726, generated = 
  arg0: "cnkfvrup"

timestamp = 2024-01-10T12:25:34.391264, generated = 
  arg0: "jiyumnhtc"

timestamp = 2024-01-10T12:25:34.391736, generated = 
  arg0: "sjokfuofbcrxhsl"

timestamp = 2024-01-10T12:25:34.392088, generated = 
  arg0: "ulh"

timestamp = 2024-01-10T12:25:34.392572, generated = 
  arg0: "vkekfwy"

timestamp = 2024-01-10T12:25:34.393051, generated = 
  arg0: "pxdvtmprmejlv"

timestamp = 2024-01-10T12:25:34.393499, generated = 
  arg0: "sighbke"

timestamp = 2024-01-10T12:25:34.393991, generated = 
  arg0: "fy"

timestamp = 2024-01-10T12:25:34.394493, generated = 
  arg0: "cohlgmgyeu"

timestamp = 2024-01-10T12:25:34.394911, generated = 
  arg0: "epkmgm"

timestamp = 2024-01-10T12:25:34.395581, generated = 
  arg0: "nydrhhwxsos"

timestamp = 2024-01-10T12:25:34.396095, generated = 
  arg0: "ec"

timestamp = 2024-01-10T12:25:34.396438, generated = 
  arg0: "jxqgqgpjrwjff"

timestamp = 2024-01-10T12:25:34.402053, [LetterOrderCheckerTest:failCase] (877) Indici = 
       # | label | count | 
    -----|-------|-------|---------------------------------------------------------------------------------
       0 |     1 |   247 | ■■■■■■■■■■■■■■■■■■■■■■■■■■■■■■■■■■■■■■■■■■■■■■■■■■■■■■■■■■■■■■■■■■■■■■■■■■■■■■■■
       1 |     2 |   142 | ■■■■■■■■■■■■■■■■■■■■■■■■■■■■■■■■■■■■■■■■■■■■■
       2 |     3 |   102 | ■■■■■■■■■■■■■■■■■■■■■■■■■■■■■■■■■
       3 |     4 |   102 | ■■■■■■■■■■■■■■■■■■■■■■■■■■■■■■■■■
       4 |     5 |    68 | ■■■■■■■■■■■■■■■■■■■■■■
       5 |     6 |    55 | ■■■■■■■■■■■■■■■■■
       6 |     7 |    45 | ■■■■■■■■■■■■■■
       7 |     8 |    32 | ■■■■■■■■■■
       8 |     9 |    30 | ■■■■■■■■■
       9 |    10 |    19 | ■■■■■■
      10 |    11 |    17 | ■■■■■
      11 |    12 |    12 | ■■■
      12 |    13 |     6 | ■

timestamp = 2024-01-10T12:25:34.404965, [LetterOrderCheckerTest:failCase] (1000) Lunghezza = 
       # | label | count | 
    -----|-------|-------|---------------------------------------------------------------------------------
       0 |     2 |   123 | ■■■■■■■■■■■■■■■■■■■■■■■■■■■■■■■■■■■■■■■■■■■■■■■■■■■■■■■■■■■■■■■■■■■■■■■■■■■■■■■■
       1 |     3 |    73 | ■■■■■■■■■■■■■■■■■■■■■■■■■■■■■■■■■■■■■■■■■■■■■■■
       2 |     4 |    66 | ■■■■■■■■■■■■■■■■■■■■■■■■■■■■■■■■■■■■■■■■■■
       3 |     5 |    65 | ■■■■■■■■■■■■■■■■■■■■■■■■■■■■■■■■■■■■■■■■■■
       4 |     6 |    82 | ■■■■■■■■■■■■■■■■■■■■■■■■■■■■■■■■■■■■■■■■■■■■■■■■■■■■■
       5 |     7 |    65 | ■■■■■■■■■■■■■■■■■■■■■■■■■■■■■■■■■■■■■■■■■■
       6 |     8 |    65 | ■■■■■■■■■■■■■■■■■■■■■■■■■■■■■■■■■■■■■■■■■■
       7 |     9 |    65 | ■■■■■■■■■■■■■■■■■■■■■■■■■■■■■■■■■■■■■■■■■■
       8 |    10 |    67 | ■■■■■■■■■■■■■■■■■■■■■■■■■■■■■■■■■■■■■■■■■■■
       9 |    11 |    71 | ■■■■■■■■■■■■■■■■■■■■■■■■■■■■■■■■■■■■■■■■■■■■■■
      10 |    12 |    59 | ■■■■■■■■■■■■■■■■■■■■■■■■■■■■■■■■■■■■■■
      11 |    13 |    63 | ■■■■■■■■■■■■■■■■■■■■■■■■■■■■■■■■■■■■■■■■
      12 |    14 |    75 | ■■■■■■■■■■■■■■■■■■■■■■■■■■■■■■■■■■■■■■■■■■■■■■■■
      13 |    15 |    61 | ■■■■■■■■■■■■■■■■■■■■■■■■■■■■■■■■■■■■■■■

timestamp = 2024-01-10T12:25:34.408128, [LetterOrderCheckerTest:failCase] (1000) Numero di A = 
       # | label | count | 
    -----|-------|-------|---------------------------------------------------------------------------------
       0 |     1 |   311 | ■■■■■■■■■■■■■■■■■■■■■■■■■■■■■■■■■■■■■■■■■■■■■■■■■■■■■■■■■■■■■■■■■■■■■■■■■■■■■■■■
       1 |     2 |   281 | ■■■■■■■■■■■■■■■■■■■■■■■■■■■■■■■■■■■■■■■■■■■■■■■■■■■■■■■■■■■■■■■■■■■■■■■■
       2 |     3 |   152 | ■■■■■■■■■■■■■■■■■■■■■■■■■■■■■■■■■■■■■■■
       3 |     4 |   110 | ■■■■■■■■■■■■■■■■■■■■■■■■■■■■
       4 |     5 |    63 | ■■■■■■■■■■■■■■■■
       5 |     6 |    34 | ■■■■■■■■
       6 |     7 |    32 | ■■■■■■■■
       7 |     8 |    10 | ■■
       8 |     9 |     4 | ■
       9 |    10 |     3 | 

timestamp = 2024-01-10T12:25:34.410335, [LetterOrderCheckerTest:failCase] (1000) Numero di Z = 
       # | label | count | 
    -----|-------|-------|---------------------------------------------------------------------------------
       0 |     1 |   297 | ■■■■■■■■■■■■■■■■■■■■■■■■■■■■■■■■■■■■■■■■■■■■■■■■■■■■■■■■■■■■■■■■■■■■■■■■■■■■■■■■
       1 |     2 |   276 | ■■■■■■■■■■■■■■■■■■■■■■■■■■■■■■■■■■■■■■■■■■■■■■■■■■■■■■■■■■■■■■■■■■■■■■■■■■
       2 |     3 |   166 | ■■■■■■■■■■■■■■■■■■■■■■■■■■■■■■■■■■■■■■■■■■■■
       3 |     4 |   114 | ■■■■■■■■■■■■■■■■■■■■■■■■■■■■■■
       4 |     5 |    61 | ■■■■■■■■■■■■■■■■
       5 |     6 |    45 | ■■■■■■■■■■■■
       6 |     7 |    20 | ■■■■■
       7 |     8 |    14 | ■■■
       8 |     9 |     4 | ■
       9 |    10 |     2 | 
      10 |    11 |     1 | 

timestamp = 2024-01-10T12:25:34.412246, [LetterOrderCheckerTest:failCase] (1000) Numero di Z prima di A = 
       # | label | count | 
    -----|-------|-------|---------------------------------------------------------------------------------
       0 |     1 |   695 | ■■■■■■■■■■■■■■■■■■■■■■■■■■■■■■■■■■■■■■■■■■■■■■■■■■■■■■■■■■■■■■■■■■■■■■■■■■■■■■■■
       1 |     2 |   179 | ■■■■■■■■■■■■■■■■■■■■
       2 |     3 |    80 | ■■■■■■■■■
       3 |     4 |    36 | ■■■■
       4 |     5 |     6 | 
       5 |     6 |     3 | 
       6 |     7 |     1 | 

timestamp = 2024-01-10T12:25:34.413069, LetterOrderCheckerTest:failCase = 
                              |-----------------------jqwik-----------------------
tries = 1000                  | # of calls to property
checks = 1000                 | # of not rejected calls
generation = RANDOMIZED       | parameters are randomly generated
after-failure = SAMPLE_FIRST  | try previously failed sample, then previous seed
when-fixed-seed = ALLOW       | fixing the random seed is allowed
edge-cases#mode = MIXIN       | edge cases are mixed in
edge-cases#total = 2          | # of all combined edge cases
edge-cases#tried = 2          | # of edge cases tried in current run
seed = 1566829817061306061    | random seed to reproduce generated values


timestamp = 2024-01-10T12:25:34.423540, generated = 
  arg0: "cxkmvgxeuswrhv"

timestamp = 2024-01-10T12:25:34.426715, generated = 
  arg0: "rrjuxgdhni"

timestamp = 2024-01-10T12:25:34.427827, generated = 
  arg0: "yy"

timestamp = 2024-01-10T12:25:34.428598, generated = 
  arg0: "kir"

timestamp = 2024-01-10T12:25:34.429158, generated = 
  arg0: "gkuv"

timestamp = 2024-01-10T12:25:34.431139, generated = 
  arg0: "bb"

timestamp = 2024-01-10T12:25:34.431732, generated = 
  arg0: "moqnew"

timestamp = 2024-01-10T12:25:34.432502, generated = 
  arg0: "luymicjiq"

timestamp = 2024-01-10T12:25:34.433459, generated = 
  arg0: "jicfpdh"

timestamp = 2024-01-10T12:25:34.434365, generated = 
  arg0: "cqnytidblgjeeqg"

timestamp = 2024-01-10T12:25:34.435654, generated = 
  arg0: "bmjptmhciltpf"

timestamp = 2024-01-10T12:25:34.436757, generated = 
  arg0: "bb"

timestamp = 2024-01-10T12:25:34.437240, generated = 
  arg0: "fpvnns"

timestamp = 2024-01-10T12:25:34.438251, generated = 
  arg0: "nnxjnt"

timestamp = 2024-01-10T12:25:34.438724, generated = 
  arg0: "beiwexbpmps"

timestamp = 2024-01-10T12:25:34.439717, generated = 
  arg0: "xsjmhdumegjhsb"

timestamp = 2024-01-10T12:25:34.441152, generated = 
  arg0: "dsfkdrjlc"

timestamp = 2024-01-10T12:25:34.442010, generated = 
  arg0: "ppvrdxvl"

timestamp = 2024-01-10T12:25:34.442806, generated = 
  arg0: "yy"

timestamp = 2024-01-10T12:25:34.443239, generated = 
  arg0: "gsuteh"

timestamp = 2024-01-10T12:25:34.443650, generated = 
  arg0: "bhsdklrxkx"

timestamp = 2024-01-10T12:25:34.444525, generated = 
  arg0: "ifpldfwifwfvlxi"

timestamp = 2024-01-10T12:25:34.445303, generated = 
  arg0: "ickx"

timestamp = 2024-01-10T12:25:34.446043, generated = 
  arg0: "yy"

timestamp = 2024-01-10T12:25:34.446543, generated = 
  arg0: "jr"

timestamp = 2024-01-10T12:25:34.447520, generated = 
  arg0: "iqsdynicclqei"

timestamp = 2024-01-10T12:25:34.448434, generated = 
  arg0: "bmnegd"

timestamp = 2024-01-10T12:25:34.449057, generated = 
  arg0: "et"

timestamp = 2024-01-10T12:25:34.449584, generated = 
  arg0: "uekfrpm"

timestamp = 2024-01-10T12:25:34.450822, generated = 
  arg0: "qlijhnlcgmteyn"

timestamp = 2024-01-10T12:25:34.452396, generated = 
  arg0: "evl"

timestamp = 2024-01-10T12:25:34.453027, generated = 
  arg0: "fvuve"

timestamp = 2024-01-10T12:25:34.453601, generated = 
  arg0: "uhpcsi"

timestamp = 2024-01-10T12:25:34.454378, generated = 
  arg0: "qvlossokwumxw"

timestamp = 2024-01-10T12:25:34.455314, generated = 
  arg0: "gmuwqds"

timestamp = 2024-01-10T12:25:34.456226, generated = 
  arg0: "kjhhwbw"

timestamp = 2024-01-10T12:25:34.457056, generated = 
  arg0: "fetckmlckm"

timestamp = 2024-01-10T12:25:34.458183, generated = 
  arg0: "ryghrnnhppoupp"

timestamp = 2024-01-10T12:25:34.458862, generated = 
  arg0: "gbihnr"

timestamp = 2024-01-10T12:25:34.460266, generated = 
  arg0: "eeuceqwywxq"

timestamp = 2024-01-10T12:25:34.461323, generated = 
  arg0: "dvf"

timestamp = 2024-01-10T12:25:34.462375, generated = 
  arg0: "tihrggpprltp"

timestamp = 2024-01-10T12:25:34.463433, generated = 
  arg0: "twmvojhw"

timestamp = 2024-01-10T12:25:34.464158, generated = 
  arg0: "fh"

timestamp = 2024-01-10T12:25:34.464752, generated = 
  arg0: "wbkmtq"

timestamp = 2024-01-10T12:25:34.465256, generated = 
  arg0: "lotx"

timestamp = 2024-01-10T12:25:34.465845, generated = 
  arg0: "fyfl"

timestamp = 2024-01-10T12:25:34.466474, generated = 
  arg0: "hxmnc"

timestamp = 2024-01-10T12:25:34.467307, generated = 
  arg0: "ctgcf"

timestamp = 2024-01-10T12:25:34.468138, generated = 
  arg0: "bb"

timestamp = 2024-01-10T12:25:34.468866, generated = 
  arg0: "qvblunm"

timestamp = 2024-01-10T12:25:34.469856, generated = 
  arg0: "twgg"

timestamp = 2024-01-10T12:25:34.470722, generated = 
  arg0: "yy"

timestamp = 2024-01-10T12:25:34.471370, generated = 
  arg0: "qiulxd"

timestamp = 2024-01-10T12:25:34.471903, generated = 
  arg0: "xrh"

timestamp = 2024-01-10T12:25:34.472431, generated = 
  arg0: "iklwrexrkijyqql"

timestamp = 2024-01-10T12:25:34.472889, generated = 
  arg0: "lgoqrn"

timestamp = 2024-01-10T12:25:34.473349, generated = 
  arg0: "huixjssybwlobwm"

timestamp = 2024-01-10T12:25:34.474287, generated = 
  arg0: "enybpsnkwcfov"

timestamp = 2024-01-10T12:25:34.475150, generated = 
  arg0: "xji"

timestamp = 2024-01-10T12:25:34.475656, generated = 
  arg0: "jthwvg"

timestamp = 2024-01-10T12:25:34.476188, generated = 
  arg0: "nvmtucnwe"

timestamp = 2024-01-10T12:25:34.477214, generated = 
  arg0: "wefpxetmod"

timestamp = 2024-01-10T12:25:34.478050, generated = 
  arg0: "tuphiubkrt"

timestamp = 2024-01-10T12:25:34.478857, generated = 
  arg0: "sqen"

timestamp = 2024-01-10T12:25:34.479465, generated = 
  arg0: "jhkg"

timestamp = 2024-01-10T12:25:34.479926, generated = 
  arg0: "epjdnvfmgoub"

timestamp = 2024-01-10T12:25:34.480596, generated = 
  arg0: "rmvbsoijgq"

timestamp = 2024-01-10T12:25:34.480916, generated = 
  arg0: "dvxc"

timestamp = 2024-01-10T12:25:34.481361, generated = 
  arg0: "qoeitp"

timestamp = 2024-01-10T12:25:34.482244, generated = 
  arg0: "tssfrnbbuubvj"

timestamp = 2024-01-10T12:25:34.482906, generated = 
  arg0: "dkprgfgdevkh"

timestamp = 2024-01-10T12:25:34.484055, generated = 
  arg0: "be"

timestamp = 2024-01-10T12:25:34.484593, generated = 
  arg0: "xp"

timestamp = 2024-01-10T12:25:34.485180, generated = 
  arg0: "lbdt"

timestamp = 2024-01-10T12:25:34.485691, generated = 
  arg0: "fgehwwsy"

timestamp = 2024-01-10T12:25:34.486211, generated = 
  arg0: "rhgbdmlhxmwju"

timestamp = 2024-01-10T12:25:34.487287, generated = 
  arg0: "pbocboffnrnfqd"

timestamp = 2024-01-10T12:25:34.488383, generated = 
  arg0: "owgxb"

timestamp = 2024-01-10T12:25:34.488723, generated = 
  arg0: "fv"

timestamp = 2024-01-10T12:25:34.489090, generated = 
  arg0: "yhl"

timestamp = 2024-01-10T12:25:34.489630, generated = 
  arg0: "ikpgetnh"

timestamp = 2024-01-10T12:25:34.490428, generated = 
  arg0: "mqepqjkljfqud"

timestamp = 2024-01-10T12:25:34.491142, generated = 
  arg0: "hituwmrmn"

timestamp = 2024-01-10T12:25:34.491949, generated = 
  arg0: "eom"

timestamp = 2024-01-10T12:25:34.492383, generated = 
  arg0: "pdkdlv"

timestamp = 2024-01-10T12:25:34.492932, generated = 
  arg0: "hsqj"

timestamp = 2024-01-10T12:25:34.493456, generated = 
  arg0: "xlrmncr"

timestamp = 2024-01-10T12:25:34.494033, generated = 
  arg0: "gvmripu"

timestamp = 2024-01-10T12:25:34.494586, generated = 
  arg0: "bb"

timestamp = 2024-01-10T12:25:34.495158, generated = 
  arg0: "pgipwyeoswnxgf"

timestamp = 2024-01-10T12:25:34.496097, generated = 
  arg0: "mml"

timestamp = 2024-01-10T12:25:34.496448, generated = 
  arg0: "herglg"

timestamp = 2024-01-10T12:25:34.496778, generated = 
  arg0: "ojudblomio"

timestamp = 2024-01-10T12:25:34.497533, generated = 
  arg0: "lergo"

timestamp = 2024-01-10T12:25:34.498185, generated = 
  arg0: "oxc"

timestamp = 2024-01-10T12:25:34.498506, generated = 
  arg0: "nlmdibl"

timestamp = 2024-01-10T12:25:34.499, generated = 
  arg0: "ssleky"

timestamp = 2024-01-10T12:25:34.500240, generated = 
  arg0: "gvogko"

timestamp = 2024-01-10T12:25:34.500890, generated = 
  arg0: "lqqiuvyb"

timestamp = 2024-01-10T12:25:34.501516, generated = 
  arg0: "ujntugotcvcot"

timestamp = 2024-01-10T12:25:34.502174, generated = 
  arg0: "imv"

timestamp = 2024-01-10T12:25:34.502584, generated = 
  arg0: "wgglhpiyiklqv"

timestamp = 2024-01-10T12:25:34.503075, generated = 
  arg0: "ehdql"

timestamp = 2024-01-10T12:25:34.503564, generated = 
  arg0: "cwfotjmb"

timestamp = 2024-01-10T12:25:34.504057, generated = 
  arg0: "msemc"

timestamp = 2024-01-10T12:25:34.504488, generated = 
  arg0: "ljywekkqjj"

timestamp = 2024-01-10T12:25:34.504841, generated = 
  arg0: "ch"

timestamp = 2024-01-10T12:25:34.505414, generated = 
  arg0: "mylehxfyhihx"

timestamp = 2024-01-10T12:25:34.506262, generated = 
  arg0: "fvhewwdqsxligdj"

timestamp = 2024-01-10T12:25:34.506724, generated = 
  arg0: "pmusklwusvd"

timestamp = 2024-01-10T12:25:34.507188, generated = 
  arg0: "gcrogetwfxne"

timestamp = 2024-01-10T12:25:34.507733, generated = 
  arg0: "fjkmcgmfxwmt"

timestamp = 2024-01-10T12:25:34.508357, generated = 
  arg0: "iwtcuwrbrmqll"

timestamp = 2024-01-10T12:25:34.509142, generated = 
  arg0: "uu"

timestamp = 2024-01-10T12:25:34.509735, generated = 
  arg0: "ogbstvgyvpv"

timestamp = 2024-01-10T12:25:34.510737, generated = 
  arg0: "ccuimjksigk"

timestamp = 2024-01-10T12:25:34.511829, generated = 
  arg0: "urql"

timestamp = 2024-01-10T12:25:34.512314, generated = 
  arg0: "bqqrxdytxf"

timestamp = 2024-01-10T12:25:34.512775, generated = 
  arg0: "ve"

timestamp = 2024-01-10T12:25:34.513222, generated = 
  arg0: "hptnhq"

timestamp = 2024-01-10T12:25:34.513680, generated = 
  arg0: "jmnqoelsvrgop"

timestamp = 2024-01-10T12:25:34.514095, generated = 
  arg0: "ngewfmm"

timestamp = 2024-01-10T12:25:34.514492, generated = 
  arg0: "vexw"

timestamp = 2024-01-10T12:25:34.514884, generated = 
  arg0: "eyxqigelpm"

timestamp = 2024-01-10T12:25:34.515440, generated = 
  arg0: "byyxccc"

timestamp = 2024-01-10T12:25:34.515871, generated = 
  arg0: "biqp"

timestamp = 2024-01-10T12:25:34.516274, generated = 
  arg0: "eytyiv"

timestamp = 2024-01-10T12:25:34.517168, generated = 
  arg0: "kbwhr"

timestamp = 2024-01-10T12:25:34.517848, generated = 
  arg0: "qkpeghjeyuf"

timestamp = 2024-01-10T12:25:34.518490, generated = 
  arg0: "bbl"

timestamp = 2024-01-10T12:25:34.519155, generated = 
  arg0: "cuxugunjh"

timestamp = 2024-01-10T12:25:34.519948, generated = 
  arg0: "litqmjnnstidmo"

timestamp = 2024-01-10T12:25:34.520888, generated = 
  arg0: "wmvcyom"

timestamp = 2024-01-10T12:25:34.521194, generated = 
  arg0: "hjq"

timestamp = 2024-01-10T12:25:34.521551, generated = 
  arg0: "tph"

timestamp = 2024-01-10T12:25:34.522053, generated = 
  arg0: "ixryopt"

timestamp = 2024-01-10T12:25:34.522644, generated = 
  arg0: "oupsjkgngkwb"

timestamp = 2024-01-10T12:25:34.523478, generated = 
  arg0: "tfuiy"

timestamp = 2024-01-10T12:25:34.523891, generated = 
  arg0: "wwrfxsiqi"

timestamp = 2024-01-10T12:25:34.524303, generated = 
  arg0: "hllrnjomt"

timestamp = 2024-01-10T12:25:34.524821, generated = 
  arg0: "kfmdkd"

timestamp = 2024-01-10T12:25:34.525363, generated = 
  arg0: "lojvpnnytmuxp"

timestamp = 2024-01-10T12:25:34.525963, generated = 
  arg0: "mvb"

timestamp = 2024-01-10T12:25:34.526475, generated = 
  arg0: "ubjegiict"

timestamp = 2024-01-10T12:25:34.527455, generated = 
  arg0: "ockgmdnyv"

timestamp = 2024-01-10T12:25:34.527963, generated = 
  arg0: "qykgyxdudhjr"

timestamp = 2024-01-10T12:25:34.528795, generated = 
  arg0: "lformfvety"

timestamp = 2024-01-10T12:25:34.529363, generated = 
  arg0: "ckouofiypjyi"

timestamp = 2024-01-10T12:25:34.529855, generated = 
  arg0: "tjlqhjydfnb"

timestamp = 2024-01-10T12:25:34.530365, generated = 
  arg0: "gnr"

timestamp = 2024-01-10T12:25:34.530742, generated = 
  arg0: "bigsgcmwktblfqt"

timestamp = 2024-01-10T12:25:34.531494, generated = 
  arg0: "xrtprkdhhwsjp"

timestamp = 2024-01-10T12:25:34.531841, generated = 
  arg0: "lexll"

timestamp = 2024-01-10T12:25:34.532370, generated = 
  arg0: "imwgoqkkmdgv"

timestamp = 2024-01-10T12:25:34.532910, generated = 
  arg0: "ngi"

timestamp = 2024-01-10T12:25:34.533347, generated = 
  arg0: "uvsvcppmjkq"

timestamp = 2024-01-10T12:25:34.534243, generated = 
  arg0: "fhcmucgksx"

timestamp = 2024-01-10T12:25:34.534787, generated = 
  arg0: "bvffpjrheoxyi"

timestamp = 2024-01-10T12:25:34.535772, generated = 
  arg0: "pn"

timestamp = 2024-01-10T12:25:34.536171, generated = 
  arg0: "kpvrgeby"

timestamp = 2024-01-10T12:25:34.536732, generated = 
  arg0: "qsbbmfe"

timestamp = 2024-01-10T12:25:34.537141, generated = 
  arg0: "wvxgbmrouhi"

timestamp = 2024-01-10T12:25:34.537767, generated = 
  arg0: "yy"

timestamp = 2024-01-10T12:25:34.538073, generated = 
  arg0: "omywwkhexbcqu"

timestamp = 2024-01-10T12:25:34.538708, generated = 
  arg0: "hvuhky"

timestamp = 2024-01-10T12:25:34.538969, generated = 
  arg0: "yy"

timestamp = 2024-01-10T12:25:34.539403, generated = 
  arg0: "tvg"

timestamp = 2024-01-10T12:25:34.540361, generated = 
  arg0: "ljj"

timestamp = 2024-01-10T12:25:34.541027, generated = 
  arg0: "yrw"

timestamp = 2024-01-10T12:25:34.541673, generated = 
  arg0: "rl"

timestamp = 2024-01-10T12:25:34.542228, generated = 
  arg0: "mkphfb"

timestamp = 2024-01-10T12:25:34.542747, generated = 
  arg0: "xfxbuptrohxchq"

timestamp = 2024-01-10T12:25:34.543300, generated = 
  arg0: "setqtflob"

timestamp = 2024-01-10T12:25:34.543743, generated = 
  arg0: "fwdxtxeug"

timestamp = 2024-01-10T12:25:34.544231, generated = 
  arg0: "kplqreogymjsn"

timestamp = 2024-01-10T12:25:34.544832, generated = 
  arg0: "wybysrxfb"

timestamp = 2024-01-10T12:25:34.545522, generated = 
  arg0: "momgomqyswxhrn"

timestamp = 2024-01-10T12:25:34.546320, generated = 
  arg0: "ytjijpolfmehtc"

timestamp = 2024-01-10T12:25:34.546950, generated = 
  arg0: "gmce"

timestamp = 2024-01-10T12:25:34.547423, generated = 
  arg0: "thllmtux"

timestamp = 2024-01-10T12:25:34.548251, generated = 
  arg0: "yrmhtiy"

timestamp = 2024-01-10T12:25:34.548791, generated = 
  arg0: "ydwjmilbffwmi"

timestamp = 2024-01-10T12:25:34.549391, generated = 
  arg0: "shpodqvglmkbkc"

timestamp = 2024-01-10T12:25:34.549893, generated = 
  arg0: "pso"

timestamp = 2024-01-10T12:25:34.550480, generated = 
  arg0: "wutodxjk"

timestamp = 2024-01-10T12:25:34.552140, generated = 
  arg0: "bb"

timestamp = 2024-01-10T12:25:34.552733, generated = 
  arg0: "vhgh"

timestamp = 2024-01-10T12:25:34.553551, generated = 
  arg0: "lqrmwvbefxpjty"

timestamp = 2024-01-10T12:25:34.555278, generated = 
  arg0: "icsmqxy"

timestamp = 2024-01-10T12:25:34.555934, generated = 
  arg0: "crtdeelkxxmb"

timestamp = 2024-01-10T12:25:34.556552, generated = 
  arg0: "heqlkbnpq"

timestamp = 2024-01-10T12:25:34.556982, generated = 
  arg0: "vihowtw"

timestamp = 2024-01-10T12:25:34.558149, generated = 
  arg0: "qjbkmdinfnm"

timestamp = 2024-01-10T12:25:34.559200, generated = 
  arg0: "vc"

timestamp = 2024-01-10T12:25:34.559789, generated = 
  arg0: "qfsfktonhb"

timestamp = 2024-01-10T12:25:34.560797, generated = 
  arg0: "bjn"

timestamp = 2024-01-10T12:25:34.561996, generated = 
  arg0: "cpxxttwyndnwhq"

timestamp = 2024-01-10T12:25:34.563042, generated = 
  arg0: "bkkrte"

timestamp = 2024-01-10T12:25:34.563573, generated = 
  arg0: "yk"

timestamp = 2024-01-10T12:25:34.564306, generated = 
  arg0: "fchipstdvhrxci"

timestamp = 2024-01-10T12:25:34.564956, generated = 
  arg0: "vwsgeccxpvgxk"

timestamp = 2024-01-10T12:25:34.565988, generated = 
  arg0: "lmihsvehxfoeb"

timestamp = 2024-01-10T12:25:34.566800, generated = 
  arg0: "hikggw"

timestamp = 2024-01-10T12:25:34.567497, generated = 
  arg0: "rfbjgspvonqph"

timestamp = 2024-01-10T12:25:34.568025, generated = 
  arg0: "yqbq"

timestamp = 2024-01-10T12:25:34.568610, generated = 
  arg0: "xbvxktswke"

timestamp = 2024-01-10T12:25:34.569525, generated = 
  arg0: "tdlmevmvxk"

timestamp = 2024-01-10T12:25:34.570922, generated = 
  arg0: "xqndgjgtr"

timestamp = 2024-01-10T12:25:34.571478, generated = 
  arg0: "sesvjodhtgt"

timestamp = 2024-01-10T12:25:34.572014, generated = 
  arg0: "fcqmhf"

timestamp = 2024-01-10T12:25:34.572722, generated = 
  arg0: "uqmqtmwgohgkmp"

timestamp = 2024-01-10T12:25:34.573610, generated = 
  arg0: "llfrljp"

timestamp = 2024-01-10T12:25:34.574117, generated = 
  arg0: "ocyydlgymjj"

timestamp = 2024-01-10T12:25:34.574624, generated = 
  arg0: "lfhc"

timestamp = 2024-01-10T12:25:34.575096, generated = 
  arg0: "yxegrsbpjscrin"

timestamp = 2024-01-10T12:25:34.576085, generated = 
  arg0: "gvtclercdjbfyl"

timestamp = 2024-01-10T12:25:34.576509, generated = 
  arg0: "ybfw"

timestamp = 2024-01-10T12:25:34.577081, generated = 
  arg0: "pnnpvduqkbvuy"

timestamp = 2024-01-10T12:25:34.577685, generated = 
  arg0: "ghrmyfu"

timestamp = 2024-01-10T12:25:34.578263, generated = 
  arg0: "stenywh"

timestamp = 2024-01-10T12:25:34.578670, generated = 
  arg0: "lolfn"

timestamp = 2024-01-10T12:25:34.579143, generated = 
  arg0: "gihxsxlomfqy"

timestamp = 2024-01-10T12:25:34.580015, generated = 
  arg0: "gksexp"

timestamp = 2024-01-10T12:25:34.580422, generated = 
  arg0: "omodqsh"

timestamp = 2024-01-10T12:25:34.581050, generated = 
  arg0: "engxwqbmmin"

timestamp = 2024-01-10T12:25:34.581650, generated = 
  arg0: "xip"

timestamp = 2024-01-10T12:25:34.582021, generated = 
  arg0: "bb"

timestamp = 2024-01-10T12:25:34.582407, generated = 
  arg0: "bb"

timestamp = 2024-01-10T12:25:34.582827, generated = 
  arg0: "ochkiqlinv"

timestamp = 2024-01-10T12:25:34.583796, generated = 
  arg0: "phnulblfvq"

timestamp = 2024-01-10T12:25:34.584370, generated = 
  arg0: "wodcghdxgixdbu"

timestamp = 2024-01-10T12:25:34.585044, generated = 
  arg0: "xkqeuvv"

timestamp = 2024-01-10T12:25:34.585745, generated = 
  arg0: "ehjlqdsgwcbcyrn"

timestamp = 2024-01-10T12:25:34.587188, generated = 
  arg0: "rovyjxw"

timestamp = 2024-01-10T12:25:34.588157, generated = 
  arg0: "mt"

timestamp = 2024-01-10T12:25:34.588744, generated = 
  arg0: "qddspvmqgcsd"

timestamp = 2024-01-10T12:25:34.589233, generated = 
  arg0: "cqmvmnyeliun"

timestamp = 2024-01-10T12:25:34.589759, generated = 
  arg0: "jpq"

timestamp = 2024-01-10T12:25:34.590201, generated = 
  arg0: "hxblqnjdc"

timestamp = 2024-01-10T12:25:34.590656, generated = 
  arg0: "rgdlsfhumkrsjx"

timestamp = 2024-01-10T12:25:34.591038, generated = 
  arg0: "hvxk"

timestamp = 2024-01-10T12:25:34.591545, generated = 
  arg0: "jepcry"

timestamp = 2024-01-10T12:25:34.592202, generated = 
  arg0: "xkhlem"

timestamp = 2024-01-10T12:25:34.592779, generated = 
  arg0: "tvsb"

timestamp = 2024-01-10T12:25:34.593310, generated = 
  arg0: "gvbcplg"

timestamp = 2024-01-10T12:25:34.593801, generated = 
  arg0: "cwejekqlnsh"

timestamp = 2024-01-10T12:25:34.594415, generated = 
  arg0: "kyrvmjj"

timestamp = 2024-01-10T12:25:34.594989, generated = 
  arg0: "undvmexqmiigcu"

timestamp = 2024-01-10T12:25:34.595523, generated = 
  arg0: "rgjrwmo"

timestamp = 2024-01-10T12:25:34.595988, generated = 
  arg0: "nxci"

timestamp = 2024-01-10T12:25:34.596477, generated = 
  arg0: "nomecg"

timestamp = 2024-01-10T12:25:34.596944, generated = 
  arg0: "ddtflq"

timestamp = 2024-01-10T12:25:34.597391, generated = 
  arg0: "yy"

timestamp = 2024-01-10T12:25:34.597832, generated = 
  arg0: "yy"

timestamp = 2024-01-10T12:25:34.598589, generated = 
  arg0: "pbpdcdsejmyq"

timestamp = 2024-01-10T12:25:34.599875, generated = 
  arg0: "jcgm"

timestamp = 2024-01-10T12:25:34.600753, generated = 
  arg0: "uoce"

timestamp = 2024-01-10T12:25:34.601281, generated = 
  arg0: "tvgfig"

timestamp = 2024-01-10T12:25:34.601933, generated = 
  arg0: "klqidmdrrdbodn"

timestamp = 2024-01-10T12:25:34.602426, generated = 
  arg0: "ggmy"

timestamp = 2024-01-10T12:25:34.603086, generated = 
  arg0: "wbycmmoltr"

timestamp = 2024-01-10T12:25:34.603541, generated = 
  arg0: "xx"

timestamp = 2024-01-10T12:25:34.604071, generated = 
  arg0: "bxhivbrwmye"

timestamp = 2024-01-10T12:25:34.604658, generated = 
  arg0: "hsvbdebnkjcxwm"

timestamp = 2024-01-10T12:25:34.605118, generated = 
  arg0: "ogtc"

timestamp = 2024-01-10T12:25:34.605602, generated = 
  arg0: "fgdm"

timestamp = 2024-01-10T12:25:34.606050, generated = 
  arg0: "bfkhftru"

timestamp = 2024-01-10T12:25:34.606842, generated = 
  arg0: "bb"

timestamp = 2024-01-10T12:25:34.607231, generated = 
  arg0: "iuxvxbqivv"

timestamp = 2024-01-10T12:25:34.607725, generated = 
  arg0: "gspwgsxkoe"

timestamp = 2024-01-10T12:25:34.608533, generated = 
  arg0: "yluhiskowmg"

timestamp = 2024-01-10T12:25:34.608907, generated = 
  arg0: "ux"

timestamp = 2024-01-10T12:25:34.609783, generated = 
  arg0: "kqbviygphxlrje"

timestamp = 2024-01-10T12:25:34.610628, generated = 
  arg0: "blhldkfpse"

timestamp = 2024-01-10T12:25:34.611276, generated = 
  arg0: "cvkgippnuhhu"

timestamp = 2024-01-10T12:25:34.612266, generated = 
  arg0: "rdiswgwo"

timestamp = 2024-01-10T12:25:34.612648, generated = 
  arg0: "oxiuqdh"

timestamp = 2024-01-10T12:25:34.613150, generated = 
  arg0: "ebbwms"

timestamp = 2024-01-10T12:25:34.613658, generated = 
  arg0: "bb"

timestamp = 2024-01-10T12:25:34.614294, generated = 
  arg0: "rbueqbw"

timestamp = 2024-01-10T12:25:34.614750, generated = 
  arg0: "sfhscjkfp"

timestamp = 2024-01-10T12:25:34.615233, generated = 
  arg0: "jkiglemjvgepi"

timestamp = 2024-01-10T12:25:34.615831, generated = 
  arg0: "iup"

timestamp = 2024-01-10T12:25:34.616447, generated = 
  arg0: "jwkqqtjnhbev"

timestamp = 2024-01-10T12:25:34.616929, generated = 
  arg0: "khuxpdxqhx"

timestamp = 2024-01-10T12:25:34.617360, generated = 
  arg0: "fybklqtpjkllcdp"

timestamp = 2024-01-10T12:25:34.617913, generated = 
  arg0: "vjn"

timestamp = 2024-01-10T12:25:34.618520, generated = 
  arg0: "yy"

timestamp = 2024-01-10T12:25:34.619132, generated = 
  arg0: "xnqvylgi"

timestamp = 2024-01-10T12:25:34.619712, generated = 
  arg0: "tvqc"

timestamp = 2024-01-10T12:25:34.620213, generated = 
  arg0: "gcy"

timestamp = 2024-01-10T12:25:34.620590, generated = 
  arg0: "snotpsw"

timestamp = 2024-01-10T12:25:34.621005, generated = 
  arg0: "ckv"

timestamp = 2024-01-10T12:25:34.621537, generated = 
  arg0: "mwhtln"

timestamp = 2024-01-10T12:25:34.622037, generated = 
  arg0: "rumbeolke"

timestamp = 2024-01-10T12:25:34.622520, generated = 
  arg0: "ycwsvjrffb"

timestamp = 2024-01-10T12:25:34.623082, generated = 
  arg0: "mwoqbckvjmis"

timestamp = 2024-01-10T12:25:34.623584, generated = 
  arg0: "hjseryjwnhv"

timestamp = 2024-01-10T12:25:34.624029, generated = 
  arg0: "bb"

timestamp = 2024-01-10T12:25:34.629906, generated = 
  arg0: "yf"

timestamp = 2024-01-10T12:25:34.630509, generated = 
  arg0: "yy"

timestamp = 2024-01-10T12:25:34.630987, generated = 
  arg0: "umiwcljg"

timestamp = 2024-01-10T12:25:34.631542, generated = 
  arg0: "gvkrlf"

timestamp = 2024-01-10T12:25:34.631972, generated = 
  arg0: "cc"

timestamp = 2024-01-10T12:25:34.632553, generated = 
  arg0: "ogl"

timestamp = 2024-01-10T12:25:34.633158, generated = 
  arg0: "obtiedbebfjiboh"

timestamp = 2024-01-10T12:25:34.634198, generated = 
  arg0: "hfr"

timestamp = 2024-01-10T12:25:34.634731, generated = 
  arg0: "evjvnxlbquyo"

timestamp = 2024-01-10T12:25:34.635321, generated = 
  arg0: "ftvxhxclofp"

timestamp = 2024-01-10T12:25:34.636211, generated = 
  arg0: "hvmcsti"

timestamp = 2024-01-10T12:25:34.636537, generated = 
  arg0: "cby"

timestamp = 2024-01-10T12:25:34.636928, generated = 
  arg0: "ctfioc"

timestamp = 2024-01-10T12:25:34.637337, generated = 
  arg0: "hg"

timestamp = 2024-01-10T12:25:34.637764, generated = 
  arg0: "vmmgflk"

timestamp = 2024-01-10T12:25:34.638194, generated = 
  arg0: "ycbrgxt"

timestamp = 2024-01-10T12:25:34.638707, generated = 
  arg0: "bb"

timestamp = 2024-01-10T12:25:34.639456, generated = 
  arg0: "wq"

timestamp = 2024-01-10T12:25:34.640025, generated = 
  arg0: "bqcdiwrhb"

timestamp = 2024-01-10T12:25:34.640472, generated = 
  arg0: "hmecmwvj"

timestamp = 2024-01-10T12:25:34.641014, generated = 
  arg0: "mnuoexptdyenu"

timestamp = 2024-01-10T12:25:34.641470, generated = 
  arg0: "jul"

timestamp = 2024-01-10T12:25:34.641907, generated = 
  arg0: "dxt"

timestamp = 2024-01-10T12:25:34.642398, generated = 
  arg0: "ysfupuco"

timestamp = 2024-01-10T12:25:34.642900, generated = 
  arg0: "qe"

timestamp = 2024-01-10T12:25:34.643668, generated = 
  arg0: "lncxyvg"

timestamp = 2024-01-10T12:25:34.644362, generated = 
  arg0: "yy"

timestamp = 2024-01-10T12:25:34.645400, generated = 
  arg0: "euebsywqggbpr"

timestamp = 2024-01-10T12:25:34.646215, generated = 
  arg0: "vrngwj"

timestamp = 2024-01-10T12:25:34.646662, generated = 
  arg0: "fhsubbsbi"

timestamp = 2024-01-10T12:25:34.647123, generated = 
  arg0: "vwlepiklug"

timestamp = 2024-01-10T12:25:34.647624, generated = 
  arg0: "vklveovkduk"

timestamp = 2024-01-10T12:25:34.648061, generated = 
  arg0: "cbsntlcn"

timestamp = 2024-01-10T12:25:34.648479, generated = 
  arg0: "rtkmstber"

timestamp = 2024-01-10T12:25:34.648858, generated = 
  arg0: "uc"

timestamp = 2024-01-10T12:25:34.649392, generated = 
  arg0: "wjxpeqkyy"

timestamp = 2024-01-10T12:25:34.649968, generated = 
  arg0: "yy"

timestamp = 2024-01-10T12:25:34.650801, generated = 
  arg0: "tneiknwkc"

timestamp = 2024-01-10T12:25:34.651586, generated = 
  arg0: "vew"

timestamp = 2024-01-10T12:25:34.652108, generated = 
  arg0: "gvggjgfop"

timestamp = 2024-01-10T12:25:34.652581, generated = 
  arg0: "cytpimblrgeysp"

timestamp = 2024-01-10T12:25:34.653574, generated = 
  arg0: "vtxk"

timestamp = 2024-01-10T12:25:34.654, generated = 
  arg0: "bb"

timestamp = 2024-01-10T12:25:34.654662, generated = 
  arg0: "bgk"

timestamp = 2024-01-10T12:25:34.655151, generated = 
  arg0: "pvbebg"

timestamp = 2024-01-10T12:25:34.655638, generated = 
  arg0: "pc"

timestamp = 2024-01-10T12:25:34.656182, generated = 
  arg0: "ude"

timestamp = 2024-01-10T12:25:34.656667, generated = 
  arg0: "bq"

timestamp = 2024-01-10T12:25:34.657172, generated = 
  arg0: "lpmgowyf"

timestamp = 2024-01-10T12:25:34.657665, generated = 
  arg0: "vhwoldc"

timestamp = 2024-01-10T12:25:34.658222, generated = 
  arg0: "vrpwimj"

timestamp = 2024-01-10T12:25:34.658731, generated = 
  arg0: "kfjssgrycr"

timestamp = 2024-01-10T12:25:34.659304, generated = 
  arg0: "xfugu"

timestamp = 2024-01-10T12:25:34.659780, generated = 
  arg0: "sqmig"

timestamp = 2024-01-10T12:25:34.660441, generated = 
  arg0: "uivyybfovjgmnk"

timestamp = 2024-01-10T12:25:34.661138, generated = 
  arg0: "mlebmojhytequ"

timestamp = 2024-01-10T12:25:34.661867, generated = 
  arg0: "vfsjcewmfwqxw"

timestamp = 2024-01-10T12:25:34.662935, generated = 
  arg0: "vjruwnbsqjqxhro"

timestamp = 2024-01-10T12:25:34.663736, generated = 
  arg0: "jqwqbyh"

timestamp = 2024-01-10T12:25:34.664222, generated = 
  arg0: "bb"

timestamp = 2024-01-10T12:25:34.664834, generated = 
  arg0: "sucvei"

timestamp = 2024-01-10T12:25:34.665545, generated = 
  arg0: "wyojymsqvvvlwp"

timestamp = 2024-01-10T12:25:34.665994, generated = 
  arg0: "vigbf"

timestamp = 2024-01-10T12:25:34.666734, generated = 
  arg0: "xcheegp"

timestamp = 2024-01-10T12:25:34.667134, generated = 
  arg0: "mlkoqf"

timestamp = 2024-01-10T12:25:34.668130, generated = 
  arg0: "mxmpmou"

timestamp = 2024-01-10T12:25:34.668580, generated = 
  arg0: "bb"

timestamp = 2024-01-10T12:25:34.669075, generated = 
  arg0: "jtqoidmup"

timestamp = 2024-01-10T12:25:34.669555, generated = 
  arg0: "yulstn"

timestamp = 2024-01-10T12:25:34.670063, generated = 
  arg0: "gjgmisrqfwtctye"

timestamp = 2024-01-10T12:25:34.670905, generated = 
  arg0: "wwjchmjourtdb"

timestamp = 2024-01-10T12:25:34.671401, generated = 
  arg0: "ujujcivlhnruhb"

timestamp = 2024-01-10T12:25:34.671786, generated = 
  arg0: "pcnfmw"

timestamp = 2024-01-10T12:25:34.672058, generated = 
  arg0: "ihhlcdcdvq"

timestamp = 2024-01-10T12:25:34.672284, generated = 
  arg0: "lhdigqfbf"

timestamp = 2024-01-10T12:25:34.672816, generated = 
  arg0: "wohiqqptmdr"

timestamp = 2024-01-10T12:25:34.673274, generated = 
  arg0: "yy"

timestamp = 2024-01-10T12:25:34.673699, generated = 
  arg0: "bb"

timestamp = 2024-01-10T12:25:34.674115, generated = 
  arg0: "cyhnk"

timestamp = 2024-01-10T12:25:34.674506, generated = 
  arg0: "sdkdpdrhmftvd"

timestamp = 2024-01-10T12:25:34.674875, generated = 
  arg0: "kprgxbx"

timestamp = 2024-01-10T12:25:34.675176, generated = 
  arg0: "bugblcjuer"

timestamp = 2024-01-10T12:25:34.675566, generated = 
  arg0: "vl"

timestamp = 2024-01-10T12:25:34.676003, generated = 
  arg0: "qpqo"

timestamp = 2024-01-10T12:25:34.676439, generated = 
  arg0: "qnk"

timestamp = 2024-01-10T12:25:34.677144, generated = 
  arg0: "uqrkifjg"

timestamp = 2024-01-10T12:25:34.677813, generated = 
  arg0: "ohxkuopxjurco"

timestamp = 2024-01-10T12:25:34.678319, generated = 
  arg0: "knkiu"

timestamp = 2024-01-10T12:25:34.678847, generated = 
  arg0: "hty"

timestamp = 2024-01-10T12:25:34.680010, generated = 
  arg0: "gtetfhgexti"

timestamp = 2024-01-10T12:25:34.680951, generated = 
  arg0: "qbytknqfd"

timestamp = 2024-01-10T12:25:34.681278, generated = 
  arg0: "rcy"

timestamp = 2024-01-10T12:25:34.681761, generated = 
  arg0: "fviyikklevo"

timestamp = 2024-01-10T12:25:34.682225, generated = 
  arg0: "vgefwqyjetp"

timestamp = 2024-01-10T12:25:34.682633, generated = 
  arg0: "ewvuhkrebexi"

timestamp = 2024-01-10T12:25:34.683057, generated = 
  arg0: "qfsj"

timestamp = 2024-01-10T12:25:34.684012, generated = 
  arg0: "ypjgkvp"

timestamp = 2024-01-10T12:25:34.684512, generated = 
  arg0: "ckktlknujcjnur"

timestamp = 2024-01-10T12:25:34.685018, generated = 
  arg0: "eyvjyjvrj"

timestamp = 2024-01-10T12:25:34.685554, generated = 
  arg0: "kskqisoghviti"

timestamp = 2024-01-10T12:25:34.686125, generated = 
  arg0: "we"

timestamp = 2024-01-10T12:25:34.686611, generated = 
  arg0: "jlv"

timestamp = 2024-01-10T12:25:34.687044, generated = 
  arg0: "pe"

timestamp = 2024-01-10T12:25:34.687504, generated = 
  arg0: "inwsqxiuixsys"

timestamp = 2024-01-10T12:25:34.688076, generated = 
  arg0: "gmjscltv"

timestamp = 2024-01-10T12:25:34.688556, generated = 
  arg0: "rhpixi"

timestamp = 2024-01-10T12:25:34.688966, generated = 
  arg0: "uesfycrcqudsho"

timestamp = 2024-01-10T12:25:34.689617, generated = 
  arg0: "dcidtibftslrc"

timestamp = 2024-01-10T12:25:34.690055, generated = 
  arg0: "wkvwjf"

timestamp = 2024-01-10T12:25:34.690475, generated = 
  arg0: "desfhjjvo"

timestamp = 2024-01-10T12:25:34.691382, generated = 
  arg0: "mslhblukmis"

timestamp = 2024-01-10T12:25:34.691851, generated = 
  arg0: "duqpujtjstnvo"

timestamp = 2024-01-10T12:25:34.692930, generated = 
  arg0: "kdbgwd"

timestamp = 2024-01-10T12:25:34.693466, generated = 
  arg0: "esbvlffdbwit"

timestamp = 2024-01-10T12:25:34.694095, generated = 
  arg0: "gvvdtukvwf"

timestamp = 2024-01-10T12:25:34.694921, generated = 
  arg0: "nxvlywwxrvxmtx"

timestamp = 2024-01-10T12:25:34.695470, generated = 
  arg0: "ntbplnxpbfi"

timestamp = 2024-01-10T12:25:34.696198, generated = 
  arg0: "otvfoggyukdg"

timestamp = 2024-01-10T12:25:34.697125, generated = 
  arg0: "gdcqqneb"

timestamp = 2024-01-10T12:25:34.697767, generated = 
  arg0: "gkgbjlund"

timestamp = 2024-01-10T12:25:34.698542, generated = 
  arg0: "bb"

timestamp = 2024-01-10T12:25:34.699138, generated = 
  arg0: "yvu"

timestamp = 2024-01-10T12:25:34.699721, generated = 
  arg0: "dpuhdfd"

timestamp = 2024-01-10T12:25:34.700225, generated = 
  arg0: "yy"

timestamp = 2024-01-10T12:25:34.700778, generated = 
  arg0: "nnyljsvgxowmfiy"

timestamp = 2024-01-10T12:25:34.701433, generated = 
  arg0: "rrwspkcfnoqqb"

timestamp = 2024-01-10T12:25:34.701960, generated = 
  arg0: "bb"

timestamp = 2024-01-10T12:25:34.702533, generated = 
  arg0: "cvfemdfsexevgq"

timestamp = 2024-01-10T12:25:34.702984, generated = 
  arg0: "ntnteopoum"

timestamp = 2024-01-10T12:25:34.703423, generated = 
  arg0: "sibro"

timestamp = 2024-01-10T12:25:34.703839, generated = 
  arg0: "kxfi"

timestamp = 2024-01-10T12:25:34.704316, generated = 
  arg0: "ihpemfrrcqicj"

timestamp = 2024-01-10T12:25:34.704779, generated = 
  arg0: "icqke"

timestamp = 2024-01-10T12:25:34.705262, generated = 
  arg0: "kpsknwm"

timestamp = 2024-01-10T12:25:34.705579, generated = 
  arg0: "dlemhfinwni"

timestamp = 2024-01-10T12:25:34.706088, generated = 
  arg0: "rydukte"

timestamp = 2024-01-10T12:25:34.706486, generated = 
  arg0: "wutxuits"

timestamp = 2024-01-10T12:25:34.706955, generated = 
  arg0: "ykit"

timestamp = 2024-01-10T12:25:34.707389, generated = 
  arg0: "qt"

timestamp = 2024-01-10T12:25:34.707878, generated = 
  arg0: "klh"

timestamp = 2024-01-10T12:25:34.708703, generated = 
  arg0: "uylhnmei"

timestamp = 2024-01-10T12:25:34.709704, generated = 
  arg0: "lqepq"

timestamp = 2024-01-10T12:25:34.710184, generated = 
  arg0: "egjokhgv"

timestamp = 2024-01-10T12:25:34.710564, generated = 
  arg0: "oninoch"

timestamp = 2024-01-10T12:25:34.711008, generated = 
  arg0: "tispqggwejd"

timestamp = 2024-01-10T12:25:34.711495, generated = 
  arg0: "fqxj"

timestamp = 2024-01-10T12:25:34.712191, generated = 
  arg0: "htwpuyekfhm"

timestamp = 2024-01-10T12:25:34.712709, generated = 
  arg0: "ghvulbpdom"

timestamp = 2024-01-10T12:25:34.713269, generated = 
  arg0: "pcvb"

timestamp = 2024-01-10T12:25:34.713754, generated = 
  arg0: "cngqhytdw"

timestamp = 2024-01-10T12:25:34.714184, generated = 
  arg0: "dctbbpvetde"

timestamp = 2024-01-10T12:25:34.714563, generated = 
  arg0: "yy"

timestamp = 2024-01-10T12:25:34.714843, generated = 
  arg0: "yy"

timestamp = 2024-01-10T12:25:34.715350, generated = 
  arg0: "ykv"

timestamp = 2024-01-10T12:25:34.715937, generated = 
  arg0: "uhwwwf"

timestamp = 2024-01-10T12:25:34.716461, generated = 
  arg0: "oklyeijisbktb"

timestamp = 2024-01-10T12:25:34.717214, generated = 
  arg0: "gmcduuoct"

timestamp = 2024-01-10T12:25:34.717741, generated = 
  arg0: "ttuo"

timestamp = 2024-01-10T12:25:34.718319, generated = 
  arg0: "onumxtcut"

timestamp = 2024-01-10T12:25:34.718820, generated = 
  arg0: "skmfresrxbhwg"

timestamp = 2024-01-10T12:25:34.719220, generated = 
  arg0: "kfeivhk"

timestamp = 2024-01-10T12:25:34.720483, generated = 
  arg0: "ny"

timestamp = 2024-01-10T12:25:34.721054, generated = 
  arg0: "sfyyjdtxyge"

timestamp = 2024-01-10T12:25:34.721788, generated = 
  arg0: "dqurxbpqf"

timestamp = 2024-01-10T12:25:34.722336, generated = 
  arg0: "nvbroowqirts"

timestamp = 2024-01-10T12:25:34.722754, generated = 
  arg0: "qyeeljbhctt"

timestamp = 2024-01-10T12:25:34.723239, generated = 
  arg0: "dnbvmpuqvhl"

timestamp = 2024-01-10T12:25:34.723725, generated = 
  arg0: "ibssfrbwjkvr"

timestamp = 2024-01-10T12:25:34.724233, generated = 
  arg0: "omrlibe"

timestamp = 2024-01-10T12:25:34.724788, generated = 
  arg0: "wqgrhjwjirmu"

timestamp = 2024-01-10T12:25:34.725653, generated = 
  arg0: "nyuujbtdlycqr"

timestamp = 2024-01-10T12:25:34.726404, generated = 
  arg0: "qtdtvjkunkwldr"

timestamp = 2024-01-10T12:25:34.726918, generated = 
  arg0: "xbqhe"

timestamp = 2024-01-10T12:25:34.727359, generated = 
  arg0: "gpuqltsnjsxnbu"

timestamp = 2024-01-10T12:25:34.727900, generated = 
  arg0: "dt"

timestamp = 2024-01-10T12:25:34.728555, generated = 
  arg0: "rcuckllipwwbu"

timestamp = 2024-01-10T12:25:34.729179, generated = 
  arg0: "bqcnliohtux"

timestamp = 2024-01-10T12:25:34.729767, generated = 
  arg0: "lsrwqjpru"

timestamp = 2024-01-10T12:25:34.730312, generated = 
  arg0: "yxgmkcemtneu"

timestamp = 2024-01-10T12:25:34.730956, generated = 
  arg0: "igvpblebcjrm"

timestamp = 2024-01-10T12:25:34.731515, generated = 
  arg0: "pulxhpnrvethvpe"

timestamp = 2024-01-10T12:25:34.731946, generated = 
  arg0: "vrrkxbskq"

timestamp = 2024-01-10T12:25:34.732365, generated = 
  arg0: "wvrugfxlhopt"

timestamp = 2024-01-10T12:25:34.733180, generated = 
  arg0: "gyqxd"

timestamp = 2024-01-10T12:25:34.733677, generated = 
  arg0: "ssji"

timestamp = 2024-01-10T12:25:34.734212, generated = 
  arg0: "rkeqoeuq"

timestamp = 2024-01-10T12:25:34.734746, generated = 
  arg0: "yy"

timestamp = 2024-01-10T12:25:34.735344, generated = 
  arg0: "kgp"

timestamp = 2024-01-10T12:25:34.735960, generated = 
  arg0: "pweeljdqgu"

timestamp = 2024-01-10T12:25:34.736623, generated = 
  arg0: "jvftil"

timestamp = 2024-01-10T12:25:34.737164, generated = 
  arg0: "lytdlkoudhnw"

timestamp = 2024-01-10T12:25:34.738211, generated = 
  arg0: "fy"

timestamp = 2024-01-10T12:25:34.738651, generated = 
  arg0: "kdjhqxbyq"

timestamp = 2024-01-10T12:25:34.739115, generated = 
  arg0: "uidihxxxlfnc"

timestamp = 2024-01-10T12:25:34.739830, generated = 
  arg0: "lmlkylmoqnwsfv"

timestamp = 2024-01-10T12:25:34.740341, generated = 
  arg0: "eqwcdlwjbw"

timestamp = 2024-01-10T12:25:34.740862, generated = 
  arg0: "okwixpngcj"

timestamp = 2024-01-10T12:25:34.741231, generated = 
  arg0: "bb"

timestamp = 2024-01-10T12:25:34.741809, generated = 
  arg0: "sfsccyrrdqenw"

timestamp = 2024-01-10T12:25:34.742388, generated = 
  arg0: "jkjdfn"

timestamp = 2024-01-10T12:25:34.742830, generated = 
  arg0: "gcwjsil"

timestamp = 2024-01-10T12:25:34.743216, generated = 
  arg0: "rkcutyqluvl"

timestamp = 2024-01-10T12:25:34.743734, generated = 
  arg0: "dyuk"

timestamp = 2024-01-10T12:25:34.744200, generated = 
  arg0: "qdbcsifr"

timestamp = 2024-01-10T12:25:34.745111, generated = 
  arg0: "uksupsvloecqpcx"

timestamp = 2024-01-10T12:25:34.745731, generated = 
  arg0: "sixjnomodcoo"

timestamp = 2024-01-10T12:25:34.746353, generated = 
  arg0: "wrteqpvhjjkfygp"

timestamp = 2024-01-10T12:25:34.746970, generated = 
  arg0: "yy"

timestamp = 2024-01-10T12:25:34.747519, generated = 
  arg0: "mrtk"

timestamp = 2024-01-10T12:25:34.747933, generated = 
  arg0: "drxk"

timestamp = 2024-01-10T12:25:34.748239, generated = 
  arg0: "fqlrjdq"

timestamp = 2024-01-10T12:25:34.748614, generated = 
  arg0: "cmieqkpyrdiy"

timestamp = 2024-01-10T12:25:34.749911, generated = 
  arg0: "edlvjre"

timestamp = 2024-01-10T12:25:34.750518, generated = 
  arg0: "idiulbhsfokhx"

timestamp = 2024-01-10T12:25:34.751089, generated = 
  arg0: "qjkkbnlukmx"

timestamp = 2024-01-10T12:25:34.751602, generated = 
  arg0: "yrhsdyreqwf"

timestamp = 2024-01-10T12:25:34.752187, generated = 
  arg0: "jkb"

timestamp = 2024-01-10T12:25:34.752721, generated = 
  arg0: "ewvgswny"

timestamp = 2024-01-10T12:25:34.753174, generated = 
  arg0: "oxtycktd"

timestamp = 2024-01-10T12:25:34.753750, generated = 
  arg0: "rupbgtctep"

timestamp = 2024-01-10T12:25:34.754340, generated = 
  arg0: "ytsityyjvmjtt"

timestamp = 2024-01-10T12:25:34.754849, generated = 
  arg0: "soxuohlbddooh"

timestamp = 2024-01-10T12:25:34.755291, generated = 
  arg0: "txyhumvhllf"

timestamp = 2024-01-10T12:25:34.755870, generated = 
  arg0: "kbpwntusgi"

timestamp = 2024-01-10T12:25:34.756512, generated = 
  arg0: "utnetnrwopyxdrh"

timestamp = 2024-01-10T12:25:34.757015, generated = 
  arg0: "vcppty"

timestamp = 2024-01-10T12:25:34.757452, generated = 
  arg0: "die"

timestamp = 2024-01-10T12:25:34.758029, generated = 
  arg0: "mlfpdgsev"

timestamp = 2024-01-10T12:25:34.758466, generated = 
  arg0: "utsn"

timestamp = 2024-01-10T12:25:34.758897, generated = 
  arg0: "jiuwl"

timestamp = 2024-01-10T12:25:34.759372, generated = 
  arg0: "uurxggssj"

timestamp = 2024-01-10T12:25:34.760150, generated = 
  arg0: "likevxewcyvdvek"

timestamp = 2024-01-10T12:25:34.761095, generated = 
  arg0: "ccxrmvyhiefi"

timestamp = 2024-01-10T12:25:34.761621, generated = 
  arg0: "ffibif"

timestamp = 2024-01-10T12:25:34.762198, generated = 
  arg0: "mkvnqnyxon"

timestamp = 2024-01-10T12:25:34.762653, generated = 
  arg0: "pkpgqvxcnhh"

timestamp = 2024-01-10T12:25:34.763083, generated = 
  arg0: "ywefijbuflh"

timestamp = 2024-01-10T12:25:34.763635, generated = 
  arg0: "gpypevnxcf"

timestamp = 2024-01-10T12:25:34.764204, generated = 
  arg0: "scsbhbjd"

timestamp = 2024-01-10T12:25:34.764740, generated = 
  arg0: "ypncqmtxejkogw"

timestamp = 2024-01-10T12:25:34.765352, generated = 
  arg0: "bsixvrkkxbfx"

timestamp = 2024-01-10T12:25:34.765919, generated = 
  arg0: "mxcw"

timestamp = 2024-01-10T12:25:34.767113, generated = 
  arg0: "qjiwuybbyix"

timestamp = 2024-01-10T12:25:34.767675, generated = 
  arg0: "erytxwwsfrpfrm"

timestamp = 2024-01-10T12:25:34.768302, generated = 
  arg0: "urg"

timestamp = 2024-01-10T12:25:34.768825, generated = 
  arg0: "by"

timestamp = 2024-01-10T12:25:34.769287, generated = 
  arg0: "nvkvmsmfq"

timestamp = 2024-01-10T12:25:34.769915, generated = 
  arg0: "hok"

timestamp = 2024-01-10T12:25:34.770354, generated = 
  arg0: "yeyerrgejfuwsnr"

timestamp = 2024-01-10T12:25:34.770825, generated = 
  arg0: "fehydvp"

timestamp = 2024-01-10T12:25:34.771302, generated = 
  arg0: "nio"

timestamp = 2024-01-10T12:25:34.771680, generated = 
  arg0: "moijbtctlwrdkn"

timestamp = 2024-01-10T12:25:34.772123, generated = 
  arg0: "pmqyttc"

timestamp = 2024-01-10T12:25:34.772517, generated = 
  arg0: "nmjnxciogc"

timestamp = 2024-01-10T12:25:34.772891, generated = 
  arg0: "lgvptvjysxesk"

timestamp = 2024-01-10T12:25:34.773307, generated = 
  arg0: "peklvd"

timestamp = 2024-01-10T12:25:34.773718, generated = 
  arg0: "pnsshsuqvqenmin"

timestamp = 2024-01-10T12:25:34.774220, generated = 
  arg0: "kjufygnspqbhwyu"

timestamp = 2024-01-10T12:25:34.774699, generated = 
  arg0: "yy"

timestamp = 2024-01-10T12:25:34.775182, generated = 
  arg0: "rklgbvqef"

timestamp = 2024-01-10T12:25:34.775638, generated = 
  arg0: "uvetv"

timestamp = 2024-01-10T12:25:34.776160, generated = 
  arg0: "iypicpe"

timestamp = 2024-01-10T12:25:34.776658, generated = 
  arg0: "vqlqbbbouvkccn"

timestamp = 2024-01-10T12:25:34.777288, generated = 
  arg0: "gwluhtf"

timestamp = 2024-01-10T12:25:34.777930, generated = 
  arg0: "tuuw"

timestamp = 2024-01-10T12:25:34.778600, generated = 
  arg0: "bb"

timestamp = 2024-01-10T12:25:34.779116, generated = 
  arg0: "whgcrvocxyuj"

timestamp = 2024-01-10T12:25:34.779883, generated = 
  arg0: "jrwuukevd"

timestamp = 2024-01-10T12:25:34.780300, generated = 
  arg0: "cwwuxdpm"

timestamp = 2024-01-10T12:25:34.780699, generated = 
  arg0: "cuymdfkklsof"

timestamp = 2024-01-10T12:25:34.781190, generated = 
  arg0: "xmmdnnmujo"

timestamp = 2024-01-10T12:25:34.781665, generated = 
  arg0: "xkhxpo"

timestamp = 2024-01-10T12:25:34.782042, generated = 
  arg0: "usswte"

timestamp = 2024-01-10T12:25:34.782448, generated = 
  arg0: "trgvq"

timestamp = 2024-01-10T12:25:34.782931, generated = 
  arg0: "niqwrokxoxpb"

timestamp = 2024-01-10T12:25:34.783382, generated = 
  arg0: "qp"

timestamp = 2024-01-10T12:25:34.783758, generated = 
  arg0: "entgcimuwv"

timestamp = 2024-01-10T12:25:34.784254, generated = 
  arg0: "nwgm"

timestamp = 2024-01-10T12:25:34.784726, generated = 
  arg0: "otvlkg"

timestamp = 2024-01-10T12:25:34.785331, generated = 
  arg0: "ddxjrtr"

timestamp = 2024-01-10T12:25:34.785704, generated = 
  arg0: "cojs"

timestamp = 2024-01-10T12:25:34.786139, generated = 
  arg0: "yy"

timestamp = 2024-01-10T12:25:34.786802, generated = 
  arg0: "wmdkqwiwdcsli"

timestamp = 2024-01-10T12:25:34.787272, generated = 
  arg0: "peqhfxrxbpn"

timestamp = 2024-01-10T12:25:34.787759, generated = 
  arg0: "omwyvybn"

timestamp = 2024-01-10T12:25:34.788383, generated = 
  arg0: "kjmncjemrxywlh"

timestamp = 2024-01-10T12:25:34.788943, generated = 
  arg0: "khlyyscycqviybp"

timestamp = 2024-01-10T12:25:34.789901, generated = 
  arg0: "uhykibb"

timestamp = 2024-01-10T12:25:34.790739, generated = 
  arg0: "tdp"

timestamp = 2024-01-10T12:25:34.791328, generated = 
  arg0: "qgd"

timestamp = 2024-01-10T12:25:34.791788, generated = 
  arg0: "ej"

timestamp = 2024-01-10T12:25:34.792409, generated = 
  arg0: "lrdfeh"

timestamp = 2024-01-10T12:25:34.793012, generated = 
  arg0: "ri"

timestamp = 2024-01-10T12:25:34.793589, generated = 
  arg0: "iecfigu"

timestamp = 2024-01-10T12:25:34.794255, generated = 
  arg0: "bb"

timestamp = 2024-01-10T12:25:34.794844, generated = 
  arg0: "vie"

timestamp = 2024-01-10T12:25:34.795410, generated = 
  arg0: "grmuyqmb"

timestamp = 2024-01-10T12:25:34.796096, generated = 
  arg0: "jpx"

timestamp = 2024-01-10T12:25:34.796650, generated = 
  arg0: "wkwtvnshhn"

timestamp = 2024-01-10T12:25:34.797099, generated = 
  arg0: "xdcteo"

timestamp = 2024-01-10T12:25:34.797659, generated = 
  arg0: "ruw"

timestamp = 2024-01-10T12:25:34.798256, generated = 
  arg0: "jsmq"

timestamp = 2024-01-10T12:25:34.798627, generated = 
  arg0: "yy"

timestamp = 2024-01-10T12:25:34.799098, generated = 
  arg0: "jsdvpeou"

timestamp = 2024-01-10T12:25:34.799618, generated = 
  arg0: "yy"

timestamp = 2024-01-10T12:25:34.800077, generated = 
  arg0: "sk"

timestamp = 2024-01-10T12:25:34.800690, generated = 
  arg0: "neow"

timestamp = 2024-01-10T12:25:34.801352, generated = 
  arg0: "wybwjncgpfdiqwr"

timestamp = 2024-01-10T12:25:34.802313, generated = 
  arg0: "fmvy"

timestamp = 2024-01-10T12:25:34.802759, generated = 
  arg0: "cylpdkjfxvt"

timestamp = 2024-01-10T12:25:34.803271, generated = 
  arg0: "hqvchqwj"

timestamp = 2024-01-10T12:25:34.803701, generated = 
  arg0: "ideklhtopjl"

timestamp = 2024-01-10T12:25:34.804315, generated = 
  arg0: "nu"

timestamp = 2024-01-10T12:25:34.804763, generated = 
  arg0: "hgybks"

timestamp = 2024-01-10T12:25:34.805285, generated = 
  arg0: "uktvhin"

timestamp = 2024-01-10T12:25:34.805719, generated = 
  arg0: "okyifvw"

timestamp = 2024-01-10T12:25:34.806134, generated = 
  arg0: "yy"

timestamp = 2024-01-10T12:25:34.806575, generated = 
  arg0: "uqdmrfcne"

timestamp = 2024-01-10T12:25:34.807174, generated = 
  arg0: "dhjuohw"

timestamp = 2024-01-10T12:25:34.807885, generated = 
  arg0: "blomwyufe"

timestamp = 2024-01-10T12:25:34.808371, generated = 
  arg0: "vtrur"

timestamp = 2024-01-10T12:25:34.809, generated = 
  arg0: "ieggkdm"

timestamp = 2024-01-10T12:25:34.809624, generated = 
  arg0: "yysjwyqnoxdbi"

timestamp = 2024-01-10T12:25:34.810184, generated = 
  arg0: "yrrndvo"

timestamp = 2024-01-10T12:25:34.810627, generated = 
  arg0: "trymqmi"

timestamp = 2024-01-10T12:25:34.811200, generated = 
  arg0: "ik"

timestamp = 2024-01-10T12:25:34.811766, generated = 
  arg0: "ynvbkyjugjumx"

timestamp = 2024-01-10T12:25:34.812255, generated = 
  arg0: "jlnuhirh"

timestamp = 2024-01-10T12:25:34.812562, generated = 
  arg0: "xx"

timestamp = 2024-01-10T12:25:34.813073, generated = 
  arg0: "fggi"

timestamp = 2024-01-10T12:25:34.813461, generated = 
  arg0: "imreo"

timestamp = 2024-01-10T12:25:34.813931, generated = 
  arg0: "thhfegufothe"

timestamp = 2024-01-10T12:25:34.814354, generated = 
  arg0: "dgxrupdgmeus"

timestamp = 2024-01-10T12:25:34.814916, generated = 
  arg0: "qocusbegumky"

timestamp = 2024-01-10T12:25:34.815429, generated = 
  arg0: "kgnc"

timestamp = 2024-01-10T12:25:34.815890, generated = 
  arg0: "slw"

timestamp = 2024-01-10T12:25:34.816365, generated = 
  arg0: "mnkdteu"

timestamp = 2024-01-10T12:25:34.816761, generated = 
  arg0: "clxgyihvmqbrj"

timestamp = 2024-01-10T12:25:34.817222, generated = 
  arg0: "ihtseukpwffoxjv"

timestamp = 2024-01-10T12:25:34.818353, generated = 
  arg0: "ellqgc"

timestamp = 2024-01-10T12:25:34.819207, generated = 
  arg0: "qvogeiv"

timestamp = 2024-01-10T12:25:34.819737, generated = 
  arg0: "jvymjeitwwpn"

timestamp = 2024-01-10T12:25:34.820252, generated = 
  arg0: "icevfgmstppqi"

timestamp = 2024-01-10T12:25:34.821013, generated = 
  arg0: "fdbtyepvsm"

timestamp = 2024-01-10T12:25:34.821484, generated = 
  arg0: "teeksirqmx"

timestamp = 2024-01-10T12:25:34.821984, generated = 
  arg0: "bcedph"

timestamp = 2024-01-10T12:25:34.822674, generated = 
  arg0: "ccicvcbgpe"

timestamp = 2024-01-10T12:25:34.823161, generated = 
  arg0: "ketgwsgk"

timestamp = 2024-01-10T12:25:34.823718, generated = 
  arg0: "tnfpbytlb"

timestamp = 2024-01-10T12:25:34.824324, generated = 
  arg0: "sqwq"

timestamp = 2024-01-10T12:25:34.824853, generated = 
  arg0: "hsudfykwhubmpbo"

timestamp = 2024-01-10T12:25:34.825684, generated = 
  arg0: "bb"

timestamp = 2024-01-10T12:25:34.826272, generated = 
  arg0: "vsimunhqpkehqx"

timestamp = 2024-01-10T12:25:34.826837, generated = 
  arg0: "cnvjw"

timestamp = 2024-01-10T12:25:34.827359, generated = 
  arg0: "rboqjfilw"

timestamp = 2024-01-10T12:25:34.828043, generated = 
  arg0: "mojhumendqkr"

timestamp = 2024-01-10T12:25:34.828681, generated = 
  arg0: "rmfugbeyyiuf"

timestamp = 2024-01-10T12:25:34.829201, generated = 
  arg0: "vkjfctevu"

timestamp = 2024-01-10T12:25:34.829701, generated = 
  arg0: "vrdgjyfhcphvin"

timestamp = 2024-01-10T12:25:34.830431, generated = 
  arg0: "emms"

timestamp = 2024-01-10T12:25:34.831016, generated = 
  arg0: "byoitkllogr"

timestamp = 2024-01-10T12:25:34.831503, generated = 
  arg0: "nbgrnjjfkie"

timestamp = 2024-01-10T12:25:34.832051, generated = 
  arg0: "roqtclvuoqfnqw"

timestamp = 2024-01-10T12:25:34.832519, generated = 
  arg0: "hldjoxislcntfek"

timestamp = 2024-01-10T12:25:34.833048, generated = 
  arg0: "ncxqflqv"

timestamp = 2024-01-10T12:25:34.833452, generated = 
  arg0: "knsdokuwfpjnfep"

timestamp = 2024-01-10T12:25:34.833947, generated = 
  arg0: "pdrbmp"

timestamp = 2024-01-10T12:25:34.834433, generated = 
  arg0: "rs"

timestamp = 2024-01-10T12:25:34.834919, generated = 
  arg0: "iitfcdpqk"

timestamp = 2024-01-10T12:25:34.835384, generated = 
  arg0: "iqj"

timestamp = 2024-01-10T12:25:34.835953, generated = 
  arg0: "yp"

timestamp = 2024-01-10T12:25:34.836486, generated = 
  arg0: "oe"

timestamp = 2024-01-10T12:25:34.837172, generated = 
  arg0: "gvntnu"

timestamp = 2024-01-10T12:25:34.837656, generated = 
  arg0: "upmoicmdfcyqeud"

timestamp = 2024-01-10T12:25:34.838175, generated = 
  arg0: "yshulml"

timestamp = 2024-01-10T12:25:34.838648, generated = 
  arg0: "tg"

timestamp = 2024-01-10T12:25:34.839217, generated = 
  arg0: "nqwxlivwkhdxrl"

timestamp = 2024-01-10T12:25:34.839737, generated = 
  arg0: "ckhugbthcnokt"

timestamp = 2024-01-10T12:25:34.840171, generated = 
  arg0: "dnrqchygqit"

timestamp = 2024-01-10T12:25:34.840848, generated = 
  arg0: "btlvfnylxgjjkcg"

timestamp = 2024-01-10T12:25:34.842215, generated = 
  arg0: "tdjhbylmulysc"

timestamp = 2024-01-10T12:25:34.842851, generated = 
  arg0: "buo"

timestamp = 2024-01-10T12:25:34.843527, generated = 
  arg0: "uy"

timestamp = 2024-01-10T12:25:34.844030, generated = 
  arg0: "kbyye"

timestamp = 2024-01-10T12:25:34.844449, generated = 
  arg0: "ljey"

timestamp = 2024-01-10T12:25:34.844991, generated = 
  arg0: "mosybx"

timestamp = 2024-01-10T12:25:34.845483, generated = 
  arg0: "lkfrbf"

timestamp = 2024-01-10T12:25:34.845997, generated = 
  arg0: "uyeckeiwwetkfpy"

timestamp = 2024-01-10T12:25:34.846464, generated = 
  arg0: "mof"

timestamp = 2024-01-10T12:25:34.846836, generated = 
  arg0: "coi"

timestamp = 2024-01-10T12:25:34.847300, generated = 
  arg0: "udo"

timestamp = 2024-01-10T12:25:34.848111, generated = 
  arg0: "rcjy"

timestamp = 2024-01-10T12:25:34.848626, generated = 
  arg0: "ynbiltoosvcx"

timestamp = 2024-01-10T12:25:34.849122, generated = 
  arg0: "ekycyctgymr"

timestamp = 2024-01-10T12:25:34.849672, generated = 
  arg0: "ntu"

timestamp = 2024-01-10T12:25:34.850165, generated = 
  arg0: "pdpwmbsiybjrgu"

timestamp = 2024-01-10T12:25:34.850649, generated = 
  arg0: "ikfvwwhhjrkefl"

timestamp = 2024-01-10T12:25:34.851298, generated = 
  arg0: "xtsfnekqxmq"

timestamp = 2024-01-10T12:25:34.851847, generated = 
  arg0: "ryrugfyfh"

timestamp = 2024-01-10T12:25:34.852436, generated = 
  arg0: "yikvtxmnekyqw"

timestamp = 2024-01-10T12:25:34.852745, generated = 
  arg0: "gxfsjx"

timestamp = 2024-01-10T12:25:34.853143, generated = 
  arg0: "bb"

timestamp = 2024-01-10T12:25:34.853660, generated = 
  arg0: "dmytyeluj"

timestamp = 2024-01-10T12:25:34.854067, generated = 
  arg0: "owboiwq"

timestamp = 2024-01-10T12:25:34.854545, generated = 
  arg0: "tsi"

timestamp = 2024-01-10T12:25:34.854934, generated = 
  arg0: "xdghe"

timestamp = 2024-01-10T12:25:34.855539, generated = 
  arg0: "hsrvmyiqwlrucpm"

timestamp = 2024-01-10T12:25:34.856055, generated = 
  arg0: "uiwknmjlvrtys"

timestamp = 2024-01-10T12:25:34.856413, generated = 
  arg0: "yhj"

timestamp = 2024-01-10T12:25:34.856824, generated = 
  arg0: "bodcwk"

timestamp = 2024-01-10T12:25:34.857310, generated = 
  arg0: "krglb"

timestamp = 2024-01-10T12:25:34.857799, generated = 
  arg0: "yjwxuhgwqmog"

timestamp = 2024-01-10T12:25:34.858277, generated = 
  arg0: "qcomvcovelb"

timestamp = 2024-01-10T12:25:34.858610, generated = 
  arg0: "hpdhgvic"

timestamp = 2024-01-10T12:25:34.859011, generated = 
  arg0: "plvomvxcuqihv"

timestamp = 2024-01-10T12:25:34.860244, generated = 
  arg0: "ewpyhoweivggp"

timestamp = 2024-01-10T12:25:34.860936, generated = 
  arg0: "krr"

timestamp = 2024-01-10T12:25:34.861496, generated = 
  arg0: "tendvkjyf"

timestamp = 2024-01-10T12:25:34.862010, generated = 
  arg0: "uvud"

timestamp = 2024-01-10T12:25:34.862405, generated = 
  arg0: "cwlnbkvxcytlu"

timestamp = 2024-01-10T12:25:34.862814, generated = 
  arg0: "ss"

timestamp = 2024-01-10T12:25:34.863248, generated = 
  arg0: "hkec"

timestamp = 2024-01-10T12:25:34.863701, generated = 
  arg0: "isnjrhdg"

timestamp = 2024-01-10T12:25:34.864091, generated = 
  arg0: "bosvrcdrxtdcmr"

timestamp = 2024-01-10T12:25:34.864575, generated = 
  arg0: "ckg"

timestamp = 2024-01-10T12:25:34.865007, generated = 
  arg0: "ukmuttgwoc"

timestamp = 2024-01-10T12:25:34.865606, generated = 
  arg0: "jyvrb"

timestamp = 2024-01-10T12:25:34.866023, generated = 
  arg0: "cshkht"

timestamp = 2024-01-10T12:25:34.866418, generated = 
  arg0: "nbhlufoeicubb"

timestamp = 2024-01-10T12:25:34.866772, generated = 
  arg0: "jxoejrevsnsiir"

timestamp = 2024-01-10T12:25:34.867172, generated = 
  arg0: "vhu"

timestamp = 2024-01-10T12:25:34.867651, generated = 
  arg0: "hnmlb"

timestamp = 2024-01-10T12:25:34.868122, generated = 
  arg0: "jbygqgncwu"

timestamp = 2024-01-10T12:25:34.868560, generated = 
  arg0: "fu"

timestamp = 2024-01-10T12:25:34.869006, generated = 
  arg0: "emfujemhhm"

timestamp = 2024-01-10T12:25:34.869430, generated = 
  arg0: "hmy"

timestamp = 2024-01-10T12:25:34.869902, generated = 
  arg0: "ydbejjsiblkocg"

timestamp = 2024-01-10T12:25:34.870269, generated = 
  arg0: "gddygy"

timestamp = 2024-01-10T12:25:34.870701, generated = 
  arg0: "orpjgjih"

timestamp = 2024-01-10T12:25:34.871244, generated = 
  arg0: "jgrioooxvd"

timestamp = 2024-01-10T12:25:34.871722, generated = 
  arg0: "tyyrgrprvgfnmst"

timestamp = 2024-01-10T12:25:34.872139, generated = 
  arg0: "ohkgidoi"

timestamp = 2024-01-10T12:25:34.872470, generated = 
  arg0: "wvsldnqucm"

timestamp = 2024-01-10T12:25:34.872735, generated = 
  arg0: "nq"

timestamp = 2024-01-10T12:25:34.873243, generated = 
  arg0: "foovy"

timestamp = 2024-01-10T12:25:34.873632, generated = 
  arg0: "mkh"

timestamp = 2024-01-10T12:25:34.874010, generated = 
  arg0: "hmslsflnfpev"

timestamp = 2024-01-10T12:25:34.874456, generated = 
  arg0: "utgsw"

timestamp = 2024-01-10T12:25:34.874854, generated = 
  arg0: "cp"

timestamp = 2024-01-10T12:25:34.875235, generated = 
  arg0: "exxembeuwqgtmol"

timestamp = 2024-01-10T12:25:34.875639, generated = 
  arg0: "eelwddqehlvsrhj"

timestamp = 2024-01-10T12:25:34.876118, generated = 
  arg0: "yy"

timestamp = 2024-01-10T12:25:34.876675, generated = 
  arg0: "olnvoq"

timestamp = 2024-01-10T12:25:34.877426, generated = 
  arg0: "qeoe"

timestamp = 2024-01-10T12:25:34.877998, generated = 
  arg0: "tskdlkfygkwvshn"

timestamp = 2024-01-10T12:25:34.878608, generated = 
  arg0: "dwhlguknqbxc"

timestamp = 2024-01-10T12:25:34.879063, generated = 
  arg0: "fdqubfmmheit"

timestamp = 2024-01-10T12:25:34.879568, generated = 
  arg0: "edhgypfxogwn"

timestamp = 2024-01-10T12:25:34.880047, generated = 
  arg0: "cotfpdkplcsnhf"

timestamp = 2024-01-10T12:25:34.880467, generated = 
  arg0: "vkroilhwopgbq"

timestamp = 2024-01-10T12:25:34.880939, generated = 
  arg0: "veck"

timestamp = 2024-01-10T12:25:34.881459, generated = 
  arg0: "txfvm"

timestamp = 2024-01-10T12:25:34.881994, generated = 
  arg0: "pywx"

timestamp = 2024-01-10T12:25:34.882556, generated = 
  arg0: "lockkwdnqkgqge"

timestamp = 2024-01-10T12:25:34.883045, generated = 
  arg0: "gsxpwxp"

timestamp = 2024-01-10T12:25:34.883568, generated = 
  arg0: "ogmfbgwbl"

timestamp = 2024-01-10T12:25:34.884005, generated = 
  arg0: "yjjurisqpydkox"

timestamp = 2024-01-10T12:25:34.884534, generated = 
  arg0: "jvotgrp"

timestamp = 2024-01-10T12:25:34.885019, generated = 
  arg0: "yqbbcjjqpiujv"

timestamp = 2024-01-10T12:25:34.885468, generated = 
  arg0: "mqtvisy"

timestamp = 2024-01-10T12:25:34.885880, generated = 
  arg0: "vdehklg"

timestamp = 2024-01-10T12:25:34.886197, generated = 
  arg0: "vwcf"

timestamp = 2024-01-10T12:25:34.886517, generated = 
  arg0: "sqxpeeb"

timestamp = 2024-01-10T12:25:34.886970, generated = 
  arg0: "jcsitwqcxjj"

timestamp = 2024-01-10T12:25:34.887358, generated = 
  arg0: "bb"

timestamp = 2024-01-10T12:25:34.887781, generated = 
  arg0: "xlypovhyvhk"

timestamp = 2024-01-10T12:25:34.888152, generated = 
  arg0: "yy"

timestamp = 2024-01-10T12:25:34.888891, generated = 
  arg0: "uemtbjx"

timestamp = 2024-01-10T12:25:34.889670, generated = 
  arg0: "rmbnvfspy"

timestamp = 2024-01-10T12:25:34.890112, generated = 
  arg0: "hskkhuocv"

timestamp = 2024-01-10T12:25:34.890506, generated = 
  arg0: "ebrjkebqjutb"

timestamp = 2024-01-10T12:25:34.890915, generated = 
  arg0: "nmwsknqtw"

timestamp = 2024-01-10T12:25:34.891425, generated = 
  arg0: "gqvmsfh"

timestamp = 2024-01-10T12:25:34.891779, generated = 
  arg0: "rbu"

timestamp = 2024-01-10T12:25:34.892244, generated = 
  arg0: "lherkrdeqbdqrv"

timestamp = 2024-01-10T12:25:34.892901, generated = 
  arg0: "dyjyikicudot"

timestamp = 2024-01-10T12:25:34.893375, generated = 
  arg0: "slcxq"

timestamp = 2024-01-10T12:25:34.893857, generated = 
  arg0: "vpt"

timestamp = 2024-01-10T12:25:34.894354, generated = 
  arg0: "tqvxwoghfcjk"

timestamp = 2024-01-10T12:25:34.895001, generated = 
  arg0: "wxsremepilcgxfh"

timestamp = 2024-01-10T12:25:34.895417, generated = 
  arg0: "sgllykybxi"

timestamp = 2024-01-10T12:25:34.896059, generated = 
  arg0: "wogdnsnuqqyywx"

timestamp = 2024-01-10T12:25:34.896579, generated = 
  arg0: "vtcwmqmiwggc"

timestamp = 2024-01-10T12:25:34.897029, generated = 
  arg0: "xtwqqushxetco"

timestamp = 2024-01-10T12:25:34.897515, generated = 
  arg0: "jnwrdxridetqinq"

timestamp = 2024-01-10T12:25:34.898168, generated = 
  arg0: "pfvgio"

timestamp = 2024-01-10T12:25:34.898565, generated = 
  arg0: "wur"

timestamp = 2024-01-10T12:25:34.898975, generated = 
  arg0: "rmyyylgll"

timestamp = 2024-01-10T12:25:34.899393, generated = 
  arg0: "dxmo"

timestamp = 2024-01-10T12:25:34.900144, generated = 
  arg0: "ho"

timestamp = 2024-01-10T12:25:34.900830, generated = 
  arg0: "ksht"

timestamp = 2024-01-10T12:25:34.901502, generated = 
  arg0: "uvsphwupkffygfg"

timestamp = 2024-01-10T12:25:34.902069, generated = 
  arg0: "ikixyjyfuhfhlto"

timestamp = 2024-01-10T12:25:34.902531, generated = 
  arg0: "kuxpfjcd"

timestamp = 2024-01-10T12:25:34.903028, generated = 
  arg0: "khbrfgybwsqqppv"

timestamp = 2024-01-10T12:25:34.903470, generated = 
  arg0: "tspir"

timestamp = 2024-01-10T12:25:34.903866, generated = 
  arg0: "ifrqmijxdrcxoi"

timestamp = 2024-01-10T12:25:34.904281, generated = 
  arg0: "lrlumxoqq"

timestamp = 2024-01-10T12:25:34.904613, generated = 
  arg0: "frvcom"

timestamp = 2024-01-10T12:25:34.904953, generated = 
  arg0: "odh"

timestamp = 2024-01-10T12:25:34.905442, generated = 
  arg0: "ebuevpebdi"

timestamp = 2024-01-10T12:25:34.905925, generated = 
  arg0: "ypswmyrpdiwkv"

timestamp = 2024-01-10T12:25:34.906300, generated = 
  arg0: "cuhrslmhevux"

timestamp = 2024-01-10T12:25:34.906723, generated = 
  arg0: "ttlj"

timestamp = 2024-01-10T12:25:34.907111, generated = 
  arg0: "hjccycxg"

timestamp = 2024-01-10T12:25:34.907515, generated = 
  arg0: "ciuididdbhjgmb"

timestamp = 2024-01-10T12:25:34.907974, generated = 
  arg0: "kxbxdvudtq"

timestamp = 2024-01-10T12:25:34.908342, generated = 
  arg0: "owmsfvhysrlf"

timestamp = 2024-01-10T12:25:34.908777, generated = 
  arg0: "kst"

timestamp = 2024-01-10T12:25:34.909148, generated = 
  arg0: "ciigywik"

timestamp = 2024-01-10T12:25:34.909725, generated = 
  arg0: "telk"

timestamp = 2024-01-10T12:25:34.910188, generated = 
  arg0: "clkrvji"

timestamp = 2024-01-10T12:25:34.910737, generated = 
  arg0: "nsolirexdmwngc"

timestamp = 2024-01-10T12:25:34.911175, generated = 
  arg0: "yhnm"

timestamp = 2024-01-10T12:25:34.911895, generated = 
  arg0: "shujlqcgwi"

timestamp = 2024-01-10T12:25:34.912420, generated = 
  arg0: "ll"

timestamp = 2024-01-10T12:25:34.912937, generated = 
  arg0: "nydrhvbuwnshbty"

timestamp = 2024-01-10T12:25:34.913450, generated = 
  arg0: "wtyyclwt"

timestamp = 2024-01-10T12:25:34.913886, generated = 
  arg0: "uhgim"

timestamp = 2024-01-10T12:25:34.914395, generated = 
  arg0: "gtjr"

timestamp = 2024-01-10T12:25:34.914912, generated = 
  arg0: "futbpp"

timestamp = 2024-01-10T12:25:34.915273, generated = 
  arg0: "wmlt"

timestamp = 2024-01-10T12:25:34.915789, generated = 
  arg0: "qymuik"

timestamp = 2024-01-10T12:25:34.916200, generated = 
  arg0: "bheufmvtv"

timestamp = 2024-01-10T12:25:34.916611, generated = 
  arg0: "lsu"

timestamp = 2024-01-10T12:25:34.917015, generated = 
  arg0: "picghsrnnrfrbg"

timestamp = 2024-01-10T12:25:34.917997, generated = 
  arg0: "xyubcjqllgi"

timestamp = 2024-01-10T12:25:34.918548, generated = 
  arg0: "gmivnfjxtbl"

timestamp = 2024-01-10T12:25:34.919184, generated = 
  arg0: "lho"

timestamp = 2024-01-10T12:25:34.919739, generated = 
  arg0: "yccdivp"

timestamp = 2024-01-10T12:25:34.920229, generated = 
  arg0: "plositchtpdsqhq"

timestamp = 2024-01-10T12:25:34.920645, generated = 
  arg0: "ghwwrdwbimyky"

timestamp = 2024-01-10T12:25:34.921085, generated = 
  arg0: "hhge"

timestamp = 2024-01-10T12:25:34.921589, generated = 
  arg0: "myltwnxtu"

timestamp = 2024-01-10T12:25:34.922095, generated = 
  arg0: "nuvyedb"

timestamp = 2024-01-10T12:25:34.922525, generated = 
  arg0: "xwrhln"

timestamp = 2024-01-10T12:25:34.922962, generated = 
  arg0: "bpxltox"

timestamp = 2024-01-10T12:25:34.923390, generated = 
  arg0: "kqktu"

timestamp = 2024-01-10T12:25:34.923804, generated = 
  arg0: "dsybo"

timestamp = 2024-01-10T12:25:34.924163, generated = 
  arg0: "hsc"

timestamp = 2024-01-10T12:25:34.924785, generated = 
  arg0: "urkiivnh"

timestamp = 2024-01-10T12:25:34.925219, generated = 
  arg0: "dqtvdcgle"

timestamp = 2024-01-10T12:25:34.925796, generated = 
  arg0: "outdhdeuyokls"

timestamp = 2024-01-10T12:25:34.926473, generated = 
  arg0: "ibcbqkqbu"

timestamp = 2024-01-10T12:25:34.926979, generated = 
  arg0: "vp"

timestamp = 2024-01-10T12:25:34.927449, generated = 
  arg0: "yrltpnnefpg"

timestamp = 2024-01-10T12:25:34.927883, generated = 
  arg0: "oypvgljtrueckfi"

timestamp = 2024-01-10T12:25:34.928624, generated = 
  arg0: "ikoewvmbcb"

timestamp = 2024-01-10T12:25:34.929714, generated = 
  arg0: "qptxjkq"

timestamp = 2024-01-10T12:25:34.930554, generated = 
  arg0: "eoelyydmurkvypk"

timestamp = 2024-01-10T12:25:34.930995, generated = 
  arg0: "bvhkdlcciwdnwdk"

timestamp = 2024-01-10T12:25:34.931317, generated = 
  arg0: "nbciferbqheriqc"

timestamp = 2024-01-10T12:25:34.931696, generated = 
  arg0: "wsxoruo"

timestamp = 2024-01-10T12:25:34.932144, generated = 
  arg0: "sfy"

timestamp = 2024-01-10T12:25:34.932457, generated = 
  arg0: "hitcxjkcjet"

timestamp = 2024-01-10T12:25:34.932900, generated = 
  arg0: "yufpdwlrhgwm"

timestamp = 2024-01-10T12:25:34.933390, generated = 
  arg0: "lnyrsrgsuqxcbm"

timestamp = 2024-01-10T12:25:34.933671, generated = 
  arg0: "hnojjwojxnn"

timestamp = 2024-01-10T12:25:34.934039, generated = 
  arg0: "jm"

timestamp = 2024-01-10T12:25:34.934534, generated = 
  arg0: "vhdxdlfqd"

timestamp = 2024-01-10T12:25:34.935090, generated = 
  arg0: "hcehuhkcdlwb"

timestamp = 2024-01-10T12:25:34.935524, generated = 
  arg0: "kvwvnyggcfli"

timestamp = 2024-01-10T12:25:34.935939, generated = 
  arg0: "otmxeqljfks"

timestamp = 2024-01-10T12:25:34.936349, generated = 
  arg0: "ljrblbdedhicx"

timestamp = 2024-01-10T12:25:34.936762, generated = 
  arg0: "ihfcpqfc"

timestamp = 2024-01-10T12:25:34.937193, generated = 
  arg0: "mwuwxxgh"

timestamp = 2024-01-10T12:25:34.937591, generated = 
  arg0: "koppnmcpehud"

timestamp = 2024-01-10T12:25:34.938078, generated = 
  arg0: "lmvn"

timestamp = 2024-01-10T12:25:34.938467, generated = 
  arg0: "epqtenm"

timestamp = 2024-01-10T12:25:34.938894, generated = 
  arg0: "inxorxwboisvkd"

timestamp = 2024-01-10T12:25:34.939394, generated = 
  arg0: "gnehqwf"

timestamp = 2024-01-10T12:25:34.939918, generated = 
  arg0: "yhxs"

timestamp = 2024-01-10T12:25:34.940374, generated = 
  arg0: "kpj"

timestamp = 2024-01-10T12:25:34.941014, generated = 
  arg0: "ogciofeckd"

timestamp = 2024-01-10T12:25:34.941568, generated = 
  arg0: "hxnyu"

timestamp = 2024-01-10T12:25:34.942012, generated = 
  arg0: "noqtmqmc"

timestamp = 2024-01-10T12:25:34.942621, generated = 
  arg0: "ftbq"

timestamp = 2024-01-10T12:25:34.943028, generated = 
  arg0: "xjmtqlsdojkdyt"

timestamp = 2024-01-10T12:25:34.943460, generated = 
  arg0: "mbpeghr"

timestamp = 2024-01-10T12:25:34.943910, generated = 
  arg0: "ovwnhooksqk"

timestamp = 2024-01-10T12:25:34.944361, generated = 
  arg0: "mcil"

timestamp = 2024-01-10T12:25:34.944845, generated = 
  arg0: "uynlhyvqerieuml"

timestamp = 2024-01-10T12:25:34.945343, generated = 
  arg0: "wextjumxfdik"

timestamp = 2024-01-10T12:25:34.945875, generated = 
  arg0: "frcsqdjsysk"

timestamp = 2024-01-10T12:25:34.946949, generated = 
  arg0: "ufgi"

timestamp = 2024-01-10T12:25:34.947519, generated = 
  arg0: "cfpfykt"

timestamp = 2024-01-10T12:25:34.947985, generated = 
  arg0: "vub"

timestamp = 2024-01-10T12:25:34.948476, generated = 
  arg0: "censvkgerwjvqk"

timestamp = 2024-01-10T12:25:34.948920, generated = 
  arg0: "kclnkwrkpwin"

timestamp = 2024-01-10T12:25:34.949362, generated = 
  arg0: "wluuvsq"

timestamp = 2024-01-10T12:25:34.949891, generated = 
  arg0: "nbsjcge"

timestamp = 2024-01-10T12:25:34.950327, generated = 
  arg0: "gym"

timestamp = 2024-01-10T12:25:34.950845, generated = 
  arg0: "vwgqhewr"

timestamp = 2024-01-10T12:25:34.951294, generated = 
  arg0: "hcvvjfrpnxhn"

timestamp = 2024-01-10T12:25:34.951697, generated = 
  arg0: "wlxsrw"

timestamp = 2024-01-10T12:25:34.952114, generated = 
  arg0: "cdqvhxxcl"

timestamp = 2024-01-10T12:25:34.952642, generated = 
  arg0: "rdbjdwy"

timestamp = 2024-01-10T12:25:34.953011, generated = 
  arg0: "yy"

timestamp = 2024-01-10T12:25:34.953401, generated = 
  arg0: "sy"

timestamp = 2024-01-10T12:25:34.953761, generated = 
  arg0: "dy"

timestamp = 2024-01-10T12:25:34.954167, generated = 
  arg0: "fukuimxqiwqw"

timestamp = 2024-01-10T12:25:34.954637, generated = 
  arg0: "cu"

timestamp = 2024-01-10T12:25:34.954923, generated = 
  arg0: "ucelpweggb"

timestamp = 2024-01-10T12:25:34.955335, generated = 
  arg0: "jocpojydjtsmdp"

timestamp = 2024-01-10T12:25:34.955728, generated = 
  arg0: "bb"

timestamp = 2024-01-10T12:25:34.956225, generated = 
  arg0: "ulpxgvsdld"

timestamp = 2024-01-10T12:25:34.956600, generated = 
  arg0: "qmoohtlcpvwshgw"

timestamp = 2024-01-10T12:25:34.957059, generated = 
  arg0: "upjfyldsciiinnf"

timestamp = 2024-01-10T12:25:34.957477, generated = 
  arg0: "wqwxoer"

timestamp = 2024-01-10T12:25:34.958127, generated = 
  arg0: "dodwtmtqqiurwph"

timestamp = 2024-01-10T12:25:34.959284, generated = 
  arg0: "vnmrnbihhufcwm"

timestamp = 2024-01-10T12:25:34.959829, generated = 
  arg0: "khlbnrxfsnoovhf"

timestamp = 2024-01-10T12:25:34.960759, generated = 
  arg0: "iwudrmiculi"

timestamp = 2024-01-10T12:25:34.961274, generated = 
  arg0: "phdtphfhnteeuou"

timestamp = 2024-01-10T12:25:34.961821, generated = 
  arg0: "ofrlehgjntkesp"

timestamp = 2024-01-10T12:25:34.962353, generated = 
  arg0: "mcpmko"

timestamp = 2024-01-10T12:25:34.962792, generated = 
  arg0: "cpgcyyicuyfwyrp"

timestamp = 2024-01-10T12:25:34.963279, generated = 
  arg0: "xcrgbc"

timestamp = 2024-01-10T12:25:34.963786, generated = 
  arg0: "tfigymwdffbh"

timestamp = 2024-01-10T12:25:34.964260, generated = 
  arg0: "tvnsrpni"

timestamp = 2024-01-10T12:25:34.964709, generated = 
  arg0: "lrkldcub"

timestamp = 2024-01-10T12:25:34.965264, generated = 
  arg0: "yy"

timestamp = 2024-01-10T12:25:34.965640, generated = 
  arg0: "qdo"

timestamp = 2024-01-10T12:25:34.966121, generated = 
  arg0: "lgoufwlmynr"

timestamp = 2024-01-10T12:25:34.966566, generated = 
  arg0: "ejemtyw"

timestamp = 2024-01-10T12:25:34.966993, generated = 
  arg0: "fkdcuu"

timestamp = 2024-01-10T12:25:34.967476, generated = 
  arg0: "gnkbnmonvbysn"

timestamp = 2024-01-10T12:25:34.967862, generated = 
  arg0: "tytfc"

timestamp = 2024-01-10T12:25:34.968268, generated = 
  arg0: "nyn"

timestamp = 2024-01-10T12:25:34.968684, generated = 
  arg0: "qtlodce"

timestamp = 2024-01-10T12:25:34.969010, generated = 
  arg0: "yy"

timestamp = 2024-01-10T12:25:34.969850, generated = 
  arg0: "xgbeocipuy"

timestamp = 2024-01-10T12:25:34.970496, generated = 
  arg0: "nftbodnbwnbi"

timestamp = 2024-01-10T12:25:34.970971, generated = 
  arg0: "moppvkxtuhpt"

timestamp = 2024-01-10T12:25:34.971485, generated = 
  arg0: "gsftqubedp"

timestamp = 2024-01-10T12:25:34.971946, generated = 
  arg0: "kmcwel"

timestamp = 2024-01-10T12:25:34.972417, generated = 
  arg0: "qdhpbntl"

timestamp = 2024-01-10T12:25:34.972927, generated = 
  arg0: "efvohurrltsse"

timestamp = 2024-01-10T12:25:34.973509, generated = 
  arg0: "uemnguoewdfjeyy"

timestamp = 2024-01-10T12:25:34.974033, generated = 
  arg0: "ygucbbfokvf"

timestamp = 2024-01-10T12:25:34.974553, generated = 
  arg0: "qo"

timestamp = 2024-01-10T12:25:34.975019, generated = 
  arg0: "rytnlc"

timestamp = 2024-01-10T12:25:34.975471, generated = 
  arg0: "cnmr"

timestamp = 2024-01-10T12:25:34.976195, generated = 
  arg0: "njsjgufgejkfh"

timestamp = 2024-01-10T12:25:34.976702, generated = 
  arg0: "sen"

timestamp = 2024-01-10T12:25:34.977282, generated = 
  arg0: "rtnyodlsqmrn"

timestamp = 2024-01-10T12:25:34.977881, generated = 
  arg0: "jhevoosccllfqu"

timestamp = 2024-01-10T12:25:34.978500, generated = 
  arg0: "futqxiubeo"

timestamp = 2024-01-10T12:25:34.979021, generated = 
  arg0: "kfmgwcqvtun"

timestamp = 2024-01-10T12:25:34.979480, generated = 
  arg0: "bssxstorucdi"

timestamp = 2024-01-10T12:25:34.980030, generated = 
  arg0: "gydpggpjljjppps"

timestamp = 2024-01-10T12:25:34.980528, generated = 
  arg0: "ydnyivfn"

timestamp = 2024-01-10T12:25:34.981091, generated = 
  arg0: "ncbqlydstd"

timestamp = 2024-01-10T12:25:34.981581, generated = 
  arg0: "ecphcldje"

timestamp = 2024-01-10T12:25:34.982038, generated = 
  arg0: "ugpixri"

timestamp = 2024-01-10T12:25:34.982458, generated = 
  arg0: "juu"

timestamp = 2024-01-10T12:25:34.983025, generated = 
  arg0: "ebhtiykxqffn"

timestamp = 2024-01-10T12:25:34.983380, generated = 
  arg0: "genjllwbg"

timestamp = 2024-01-10T12:25:34.983773, generated = 
  arg0: "bb"

timestamp = 2024-01-10T12:25:34.984375, generated = 
  arg0: "ncjs"

timestamp = 2024-01-10T12:25:34.984875, generated = 
  arg0: "xe"

timestamp = 2024-01-10T12:25:34.985404, generated = 
  arg0: "msywnm"

timestamp = 2024-01-10T12:25:34.985861, generated = 
  arg0: "hvvlvxl"

timestamp = 2024-01-10T12:25:34.986350, generated = 
  arg0: "wgcntodiutors"

timestamp = 2024-01-10T12:25:34.987547, generated = 
  arg0: "owrpywvyfyxq"

timestamp = 2024-01-10T12:25:34.988146, generated = 
  arg0: "wmgurvfwt"

timestamp = 2024-01-10T12:25:34.988770, generated = 
  arg0: "sovcubln"

timestamp = 2024-01-10T12:25:34.989276, generated = 
  arg0: "tncmcbj"

timestamp = 2024-01-10T12:25:34.989925, generated = 
  arg0: "fwttblsrvvibvrv"

timestamp = 2024-01-10T12:25:34.990510, generated = 
  arg0: "rmwsfbthdj"

timestamp = 2024-01-10T12:25:34.991068, generated = 
  arg0: "ujbkg"

timestamp = 2024-01-10T12:25:34.991534, generated = 
  arg0: "twop"

timestamp = 2024-01-10T12:25:34.991976, generated = 
  arg0: "ty"

timestamp = 2024-01-10T12:25:34.992483, generated = 
  arg0: "huiwpoqikndb"

timestamp = 2024-01-10T12:25:34.993227, generated = 
  arg0: "jlshbsyk"

timestamp = 2024-01-10T12:25:34.993789, generated = 
  arg0: "uhup"

timestamp = 2024-01-10T12:25:34.994303, generated = 
  arg0: "dmywemv"

timestamp = 2024-01-10T12:25:34.994932, generated = 
  arg0: "fxjojqjowscymll"

timestamp = 2024-01-10T12:25:34.995443, generated = 
  arg0: "uihlfwgkjglx"

timestamp = 2024-01-10T12:25:34.995921, generated = 
  arg0: "vegxiunfswod"

timestamp = 2024-01-10T12:25:34.996328, generated = 
  arg0: "uop"

timestamp = 2024-01-10T12:25:34.996720, generated = 
  arg0: "bhgj"

timestamp = 2024-01-10T12:25:34.997235, generated = 
  arg0: "sgor"

timestamp = 2024-01-10T12:25:34.997582, generated = 
  arg0: "bxpjcjqqujb"

timestamp = 2024-01-10T12:25:34.997988, generated = 
  arg0: "ywlweyii"

timestamp = 2024-01-10T12:25:34.998537, generated = 
  arg0: "bb"

timestamp = 2024-01-10T12:25:34.999130, generated = 
  arg0: "xhov"

timestamp = 2024-01-10T12:25:34.999626, generated = 
  arg0: "xoewodrx"

timestamp = 2024-01-10T12:25:35.000065, generated = 
  arg0: "yfuuknrmddhm"

timestamp = 2024-01-10T12:25:35.000476, generated = 
  arg0: "xobjufh"

timestamp = 2024-01-10T12:25:35.003178, [LetterOrderCheckerTest:passCase] (1000) Lunghezza = 
       # | label | count | 
    -----|-------|-------|---------------------------------------------------------------------------------
       0 |     2 |   112 | ■■■■■■■■■■■■■■■■■■■■■■■■■■■■■■■■■■■■■■■■■■■■■■■■■■■■■■■■■■■■■■■■■■■■■■■■■■■■■■■■
       1 |     3 |    84 | ■■■■■■■■■■■■■■■■■■■■■■■■■■■■■■■■■■■■■■■■■■■■■■■■■■■■■■■■■■■■
       2 |     4 |    79 | ■■■■■■■■■■■■■■■■■■■■■■■■■■■■■■■■■■■■■■■■■■■■■■■■■■■■■■■■
       3 |     5 |    43 | ■■■■■■■■■■■■■■■■■■■■■■■■■■■■■■
       4 |     6 |    78 | ■■■■■■■■■■■■■■■■■■■■■■■■■■■■■■■■■■■■■■■■■■■■■■■■■■■■■■■
       5 |     7 |    93 | ■■■■■■■■■■■■■■■■■■■■■■■■■■■■■■■■■■■■■■■■■■■■■■■■■■■■■■■■■■■■■■■■■■
       6 |     8 |    57 | ■■■■■■■■■■■■■■■■■■■■■■■■■■■■■■■■■■■■■■■■
       7 |     9 |    65 | ■■■■■■■■■■■■■■■■■■■■■■■■■■■■■■■■■■■■■■■■■■■■■■
       8 |    10 |    62 | ■■■■■■■■■■■■■■■■■■■■■■■■■■■■■■■■■■■■■■■■■■■■
       9 |    11 |    64 | ■■■■■■■■■■■■■■■■■■■■■■■■■■■■■■■■■■■■■■■■■■■■■
      10 |    12 |    74 | ■■■■■■■■■■■■■■■■■■■■■■■■■■■■■■■■■■■■■■■■■■■■■■■■■■■■
      11 |    13 |    68 | ■■■■■■■■■■■■■■■■■■■■■■■■■■■■■■■■■■■■■■■■■■■■■■■■
      12 |    14 |    65 | ■■■■■■■■■■■■■■■■■■■■■■■■■■■■■■■■■■■■■■■■■■■■■■
      13 |    15 |    56 | ■■■■■■■■■■■■■■■■■■■■■■■■■■■■■■■■■■■■■■■■

timestamp = 2024-01-10T12:25:35.005573, [LetterOrderCheckerTest:passCase] (1000) Indice = 
       # | label | count | 
    -----|-------|-------|---------------------------------------------------------------------------------
       0 |     1 |   280 | ■■■■■■■■■■■■■■■■■■■■■■■■■■■■■■■■■■■■■■■■■■■■■■■■■■■■■■■■■■■■■■■■■■■■■■■■■■■■■■■■
       1 |     2 |   165 | ■■■■■■■■■■■■■■■■■■■■■■■■■■■■■■■■■■■■■■■■■■■■■■■
       2 |     3 |   117 | ■■■■■■■■■■■■■■■■■■■■■■■■■■■■■■■■■
       3 |     4 |    77 | ■■■■■■■■■■■■■■■■■■■■■■
       4 |     5 |    70 | ■■■■■■■■■■■■■■■■■■■■
       5 |     6 |    64 | ■■■■■■■■■■■■■■■■■■
       6 |     7 |    65 | ■■■■■■■■■■■■■■■■■■
       7 |     8 |    40 | ■■■■■■■■■■■
       8 |     9 |    41 | ■■■■■■■■■■■
       9 |    10 |    23 | ■■■■■■
      10 |    11 |    28 | ■■■■■■■■
      11 |    12 |    17 | ■■■■
      12 |    13 |     7 | ■■
      13 |    14 |     6 | ■

timestamp = 2024-01-10T12:25:35.007682, [LetterOrderCheckerTest:passCase] (1000) Numero di A = 
       # | label | count | 
    -----|-------|-------|---------------------------------------------------------------------------------
       0 |     1 |   497 | ■■■■■■■■■■■■■■■■■■■■■■■■■■■■■■■■■■■■■■■■■■■■■■■■■■■■■■■■■■■■■■■■■■■■■■■■■■■■■■■■
       1 |     2 |   175 | ■■■■■■■■■■■■■■■■■■■■■■■■■■■■
       2 |     3 |   107 | ■■■■■■■■■■■■■■■■■
       3 |     4 |    60 | ■■■■■■■■■
       4 |     5 |    52 | ■■■■■■■■
       5 |     6 |    39 | ■■■■■■
       6 |     7 |    24 | ■■■
       7 |     8 |    19 | ■■■
       8 |     9 |    13 | ■■
       9 |    10 |     5 | 
      10 |    11 |     6 | 
      11 |    13 |     2 | 
      12 |    14 |     1 | 

timestamp = 2024-01-10T12:25:35.009345, [LetterOrderCheckerTest:passCase] (1000) Numero di z = 
       # | label | count | 
    -----|-------|-------|---------------------------------------------------------------------------------
       0 |     1 |   491 | ■■■■■■■■■■■■■■■■■■■■■■■■■■■■■■■■■■■■■■■■■■■■■■■■■■■■■■■■■■■■■■■■■■■■■■■■■■■■■■■■
       1 |     2 |   195 | ■■■■■■■■■■■■■■■■■■■■■■■■■■■■■■■
       2 |     3 |   111 | ■■■■■■■■■■■■■■■■■■
       3 |     4 |    74 | ■■■■■■■■■■■■
       4 |     5 |    50 | ■■■■■■■■
       5 |     6 |    32 | ■■■■■
       6 |     7 |    22 | ■■■
       7 |     8 |    12 | ■
       8 |     9 |     7 | ■
       9 |    10 |     2 | 
      10 |    11 |     3 | 
      11 |    12 |     1 | 

timestamp = 2024-01-10T12:25:35.010337, LetterOrderCheckerTest:passCase = 
                              |-----------------------jqwik-----------------------
tries = 1000                  | # of calls to property
checks = 1000                 | # of not rejected calls
generation = RANDOMIZED       | parameters are randomly generated
after-failure = SAMPLE_FIRST  | try previously failed sample, then previous seed
when-fixed-seed = ALLOW       | fixing the random seed is allowed
edge-cases#mode = MIXIN       | edge cases are mixed in
edge-cases#total = 2          | # of all combined edge cases
edge-cases#tried = 2          | # of edge cases tried in current run
seed = -1949995986751119135   | random seed to reproduce generated values


]]></system-out>
  <system-err><![CDATA[]]></system-err>
</testsuite>
